nohup: ignoring input


**************  start new model : VGG13 ******************
Files already downloaded and verified

Epoch [1]
[Train set] Loss: 2.1613, Accuracy: 6657/50000 (13.31%)  Epoch time : 10.2334    LR : 0.0495
[Test set] Average loss: 0.0089, Accuracy: 1485/10000 (14.85%)
save by ./Result_v3/CosWarmUp/VGG13/20_21_12/VGG13_best.pt

Epoch [2]
[Train set] Loss: 1.8075, Accuracy: 12880/50000 (25.76%)  Epoch time : 10.2515    LR : 0.0488
[Test set] Average loss: 0.0073, Accuracy: 3332/10000 (33.32%)
save by ./Result_v3/CosWarmUp/VGG13/20_21_12/VGG13_best.pt

Epoch [3]
[Train set] Loss: 1.7180, Accuracy: 17705/50000 (35.41%)  Epoch time : 10.2586    LR : 0.0478
[Test set] Average loss: 0.0063, Accuracy: 4130/10000 (41.30%)
save by ./Result_v3/CosWarmUp/VGG13/20_21_12/VGG13_best.pt

Epoch [4]
[Train set] Loss: 1.4390, Accuracy: 21482/50000 (42.96%)  Epoch time : 10.2358    LR : 0.0467
[Test set] Average loss: 0.0056, Accuracy: 4764/10000 (47.64%)
save by ./Result_v3/CosWarmUp/VGG13/20_21_12/VGG13_best.pt

Epoch [5]
[Train set] Loss: 1.3889, Accuracy: 24470/50000 (48.94%)  Epoch time : 10.2907    LR : 0.0452
[Test set] Average loss: 0.0050, Accuracy: 5405/10000 (54.05%)
save by ./Result_v3/CosWarmUp/VGG13/20_21_12/VGG13_best.pt

Epoch [6]
[Train set] Loss: 1.2319, Accuracy: 27589/50000 (55.18%)  Epoch time : 10.2807    LR : 0.0436
[Test set] Average loss: 0.0045, Accuracy: 5933/10000 (59.33%)
save by ./Result_v3/CosWarmUp/VGG13/20_21_12/VGG13_best.pt

Epoch [7]
[Train set] Loss: 1.2150, Accuracy: 30755/50000 (61.51%)  Epoch time : 10.3207    LR : 0.0417
[Test set] Average loss: 0.0039, Accuracy: 6532/10000 (65.32%)
save by ./Result_v3/CosWarmUp/VGG13/20_21_12/VGG13_best.pt

Epoch [8]
[Train set] Loss: 0.9142, Accuracy: 32933/50000 (65.87%)  Epoch time : 10.3219    LR : 0.0397
[Test set] Average loss: 0.0034, Accuracy: 7007/10000 (70.07%)
save by ./Result_v3/CosWarmUp/VGG13/20_21_12/VGG13_best.pt

Epoch [9]
[Train set] Loss: 0.9704, Accuracy: 35118/50000 (70.24%)  Epoch time : 10.3376    LR : 0.0375
[Test set] Average loss: 0.0037, Accuracy: 6771/10000 (67.71%)

Epoch [10]
[Train set] Loss: 0.8206, Accuracy: 36782/50000 (73.56%)  Epoch time : 10.3589    LR : 0.0352
[Test set] Average loss: 0.0028, Accuracy: 7594/10000 (75.94%)
save by ./Result_v3/CosWarmUp/VGG13/20_21_12/VGG13_best.pt

Epoch [11]
[Train set] Loss: 0.7027, Accuracy: 38297/50000 (76.59%)  Epoch time : 10.3470    LR : 0.0327
[Test set] Average loss: 0.0026, Accuracy: 7776/10000 (77.76%)
save by ./Result_v3/CosWarmUp/VGG13/20_21_12/VGG13_best.pt

Epoch [12]
[Train set] Loss: 0.5520, Accuracy: 39323/50000 (78.65%)  Epoch time : 10.3527    LR : 0.0302
[Test set] Average loss: 0.0024, Accuracy: 7996/10000 (79.96%)
save by ./Result_v3/CosWarmUp/VGG13/20_21_12/VGG13_best.pt

Epoch [13]
[Train set] Loss: 0.5725, Accuracy: 40209/50000 (80.42%)  Epoch time : 10.3684    LR : 0.0276
[Test set] Average loss: 0.0025, Accuracy: 7933/10000 (79.33%)

Epoch [14]
[Train set] Loss: 0.4388, Accuracy: 40972/50000 (81.94%)  Epoch time : 10.3414    LR : 0.0250
[Test set] Average loss: 0.0022, Accuracy: 8105/10000 (81.05%)
save by ./Result_v3/CosWarmUp/VGG13/20_21_12/VGG13_best.pt

Epoch [15]
[Train set] Loss: 0.5185, Accuracy: 41765/50000 (83.53%)  Epoch time : 10.3544    LR : 0.0224
[Test set] Average loss: 0.0020, Accuracy: 8282/10000 (82.82%)
save by ./Result_v3/CosWarmUp/VGG13/20_21_12/VGG13_best.pt

Epoch [16]
[Train set] Loss: 0.4639, Accuracy: 42399/50000 (84.80%)  Epoch time : 10.3651    LR : 0.0198
[Test set] Average loss: 0.0021, Accuracy: 8237/10000 (82.37%)

Epoch [17]
[Train set] Loss: 0.3154, Accuracy: 43046/50000 (86.09%)  Epoch time : 10.3618    LR : 0.0173
[Test set] Average loss: 0.0019, Accuracy: 8406/10000 (84.06%)
save by ./Result_v3/CosWarmUp/VGG13/20_21_12/VGG13_best.pt

Epoch [18]
[Train set] Loss: 0.4596, Accuracy: 43510/50000 (87.02%)  Epoch time : 10.3445    LR : 0.0148
[Test set] Average loss: 0.0018, Accuracy: 8484/10000 (84.84%)
save by ./Result_v3/CosWarmUp/VGG13/20_21_12/VGG13_best.pt

Epoch [19]
[Train set] Loss: 0.4799, Accuracy: 44012/50000 (88.02%)  Epoch time : 10.3762    LR : 0.0125
[Test set] Average loss: 0.0018, Accuracy: 8480/10000 (84.80%)

Epoch [20]
[Train set] Loss: 0.2211, Accuracy: 44506/50000 (89.01%)  Epoch time : 10.3484    LR : 0.0103
[Test set] Average loss: 0.0018, Accuracy: 8611/10000 (86.11%)
save by ./Result_v3/CosWarmUp/VGG13/20_21_12/VGG13_best.pt

Epoch [21]
[Train set] Loss: 0.2382, Accuracy: 45115/50000 (90.23%)  Epoch time : 10.3790    LR : 0.0083
[Test set] Average loss: 0.0018, Accuracy: 8597/10000 (85.97%)

Epoch [22]
[Train set] Loss: 0.1253, Accuracy: 45569/50000 (91.14%)  Epoch time : 10.3575    LR : 0.0064
[Test set] Average loss: 0.0017, Accuracy: 8677/10000 (86.77%)
save by ./Result_v3/CosWarmUp/VGG13/20_21_12/VGG13_best.pt

Epoch [23]
[Train set] Loss: 0.1521, Accuracy: 45884/50000 (91.77%)  Epoch time : 10.3371    LR : 0.0048
[Test set] Average loss: 0.0017, Accuracy: 8695/10000 (86.95%)
save by ./Result_v3/CosWarmUp/VGG13/20_21_12/VGG13_best.pt

Epoch [24]
[Train set] Loss: 0.2381, Accuracy: 46219/50000 (92.44%)  Epoch time : 10.3864    LR : 0.0034
[Test set] Average loss: 0.0017, Accuracy: 8719/10000 (87.19%)
save by ./Result_v3/CosWarmUp/VGG13/20_21_12/VGG13_best.pt

Epoch [25]
[Train set] Loss: 0.2601, Accuracy: 46574/50000 (93.15%)  Epoch time : 10.3662    LR : 0.0022
[Test set] Average loss: 0.0017, Accuracy: 8753/10000 (87.53%)
save by ./Result_v3/CosWarmUp/VGG13/20_21_12/VGG13_best.pt

Epoch [26]
[Train set] Loss: 0.1095, Accuracy: 46882/50000 (93.76%)  Epoch time : 10.3989    LR : 0.0012
[Test set] Average loss: 0.0017, Accuracy: 8756/10000 (87.56%)
save by ./Result_v3/CosWarmUp/VGG13/20_21_12/VGG13_best.pt

Epoch [27]
[Train set] Loss: 0.2347, Accuracy: 47107/50000 (94.21%)  Epoch time : 10.3450    LR : 0.0005
[Test set] Average loss: 0.0016, Accuracy: 8772/10000 (87.72%)
save by ./Result_v3/CosWarmUp/VGG13/20_21_12/VGG13_best.pt

Epoch [28]
[Train set] Loss: 0.1117, Accuracy: 47204/50000 (94.41%)  Epoch time : 10.3523    LR : 0.0001
[Test set] Average loss: 0.0016, Accuracy: 8806/10000 (88.06%)
save by ./Result_v3/CosWarmUp/VGG13/20_21_12/VGG13_best.pt

Epoch [29]
[Train set] Loss: 0.0981, Accuracy: 47313/50000 (94.63%)  Epoch time : 10.3362    LR : 0.0000
[Test set] Average loss: 0.0016, Accuracy: 8797/10000 (87.97%)

Epoch [30]
[Train set] Loss: 0.1430, Accuracy: 47388/50000 (94.78%)  Epoch time : 10.3465    LR : 0.0249
[Test set] Average loss: 0.0016, Accuracy: 8798/10000 (87.98%)

Epoch [31]
[Train set] Loss: 0.3985, Accuracy: 43669/50000 (87.34%)  Epoch time : 10.3470    LR : 0.0247
[Test set] Average loss: 0.0019, Accuracy: 8423/10000 (84.23%)

Epoch [32]
[Train set] Loss: 0.3739, Accuracy: 44136/50000 (88.27%)  Epoch time : 10.3270    LR : 0.0244
[Test set] Average loss: 0.0021, Accuracy: 8352/10000 (83.52%)

Epoch [33]
[Train set] Loss: 0.5517, Accuracy: 44379/50000 (88.76%)  Epoch time : 10.3510    LR : 0.0239
[Test set] Average loss: 0.0021, Accuracy: 8352/10000 (83.52%)

Epoch [34]
[Train set] Loss: 0.3185, Accuracy: 44676/50000 (89.35%)  Epoch time : 10.3848    LR : 0.0233
[Test set] Average loss: 0.0020, Accuracy: 8461/10000 (84.61%)

Epoch [35]
[Train set] Loss: 0.3024, Accuracy: 44790/50000 (89.58%)  Epoch time : 10.3433    LR : 0.0226
[Test set] Average loss: 0.0018, Accuracy: 8592/10000 (85.92%)

Epoch [36]
[Train set] Loss: 0.2141, Accuracy: 45037/50000 (90.07%)  Epoch time : 10.3105    LR : 0.0218
[Test set] Average loss: 0.0017, Accuracy: 8665/10000 (86.65%)

Epoch [37]
[Train set] Loss: 0.1808, Accuracy: 45470/50000 (90.94%)  Epoch time : 10.3749    LR : 0.0209
[Test set] Average loss: 0.0018, Accuracy: 8646/10000 (86.46%)

Epoch [38]
[Train set] Loss: 0.2371, Accuracy: 45733/50000 (91.47%)  Epoch time : 10.3532    LR : 0.0199
[Test set] Average loss: 0.0018, Accuracy: 8562/10000 (85.62%)

Epoch [39]
[Train set] Loss: 0.2929, Accuracy: 46017/50000 (92.03%)  Epoch time : 10.3474    LR : 0.0188
[Test set] Average loss: 0.0018, Accuracy: 8676/10000 (86.76%)

Epoch [40]
[Train set] Loss: 0.1404, Accuracy: 46321/50000 (92.64%)  Epoch time : 10.3597    LR : 0.0176
[Test set] Average loss: 0.0016, Accuracy: 8726/10000 (87.26%)

Epoch [41]
[Train set] Loss: 0.1145, Accuracy: 46466/50000 (92.93%)  Epoch time : 10.3546    LR : 0.0164
[Test set] Average loss: 0.0018, Accuracy: 8616/10000 (86.16%)

Epoch [42]
[Train set] Loss: 0.2341, Accuracy: 46802/50000 (93.60%)  Epoch time : 10.3558    LR : 0.0151
[Test set] Average loss: 0.0018, Accuracy: 8689/10000 (86.89%)

Epoch [43]
[Train set] Loss: 0.1808, Accuracy: 47007/50000 (94.01%)  Epoch time : 10.3569    LR : 0.0138
[Test set] Average loss: 0.0017, Accuracy: 8739/10000 (87.39%)

Epoch [44]
[Train set] Loss: 0.2025, Accuracy: 47221/50000 (94.44%)  Epoch time : 10.3666    LR : 0.0125
[Test set] Average loss: 0.0018, Accuracy: 8676/10000 (86.76%)

Epoch [45]
[Train set] Loss: 0.1987, Accuracy: 47385/50000 (94.77%)  Epoch time : 10.3731    LR : 0.0112
[Test set] Average loss: 0.0017, Accuracy: 8791/10000 (87.91%)

Epoch [46]
[Train set] Loss: 0.0804, Accuracy: 47782/50000 (95.56%)  Epoch time : 10.3599    LR : 0.0099
[Test set] Average loss: 0.0017, Accuracy: 8853/10000 (88.53%)
save by ./Result_v3/CosWarmUp/VGG13/20_21_12/VGG13_best.pt

Epoch [47]
[Train set] Loss: 0.0614, Accuracy: 48091/50000 (96.18%)  Epoch time : 10.3408    LR : 0.0086
[Test set] Average loss: 0.0017, Accuracy: 8835/10000 (88.35%)

Epoch [48]
[Train set] Loss: 0.1529, Accuracy: 48275/50000 (96.55%)  Epoch time : 10.3429    LR : 0.0074
[Test set] Average loss: 0.0018, Accuracy: 8845/10000 (88.45%)

Epoch [49]
[Train set] Loss: 0.1698, Accuracy: 48463/50000 (96.93%)  Epoch time : 10.3468    LR : 0.0063
[Test set] Average loss: 0.0017, Accuracy: 8875/10000 (88.75%)
save by ./Result_v3/CosWarmUp/VGG13/20_21_12/VGG13_best.pt

Epoch [50]
[Train set] Loss: 0.0599, Accuracy: 48689/50000 (97.38%)  Epoch time : 10.3676    LR : 0.0052
[Test set] Average loss: 0.0018, Accuracy: 8893/10000 (88.93%)
save by ./Result_v3/CosWarmUp/VGG13/20_21_12/VGG13_best.pt

Epoch [51]
[Train set] Loss: 0.1069, Accuracy: 48866/50000 (97.73%)  Epoch time : 10.3323    LR : 0.0041
[Test set] Average loss: 0.0017, Accuracy: 8870/10000 (88.70%)

Epoch [52]
[Train set] Loss: 0.1120, Accuracy: 49039/50000 (98.08%)  Epoch time : 10.3481    LR : 0.0032
[Test set] Average loss: 0.0018, Accuracy: 8931/10000 (89.31%)
save by ./Result_v3/CosWarmUp/VGG13/20_21_12/VGG13_best.pt

Epoch [53]
[Train set] Loss: 0.0188, Accuracy: 49162/50000 (98.32%)  Epoch time : 10.3668    LR : 0.0024
[Test set] Average loss: 0.0018, Accuracy: 8932/10000 (89.32%)
save by ./Result_v3/CosWarmUp/VGG13/20_21_12/VGG13_best.pt

Epoch [54]
[Train set] Loss: 0.0481, Accuracy: 49293/50000 (98.59%)  Epoch time : 10.3524    LR : 0.0017
[Test set] Average loss: 0.0018, Accuracy: 8948/10000 (89.48%)
save by ./Result_v3/CosWarmUp/VGG13/20_21_12/VGG13_best.pt

Epoch [55]
[Train set] Loss: 0.0885, Accuracy: 49352/50000 (98.70%)  Epoch time : 10.3437    LR : 0.0011
[Test set] Average loss: 0.0018, Accuracy: 8958/10000 (89.58%)
save by ./Result_v3/CosWarmUp/VGG13/20_21_12/VGG13_best.pt

Epoch [56]
[Train set] Loss: 0.0226, Accuracy: 49442/50000 (98.88%)  Epoch time : 10.3483    LR : 0.0006
[Test set] Average loss: 0.0018, Accuracy: 8970/10000 (89.70%)
save by ./Result_v3/CosWarmUp/VGG13/20_21_12/VGG13_best.pt

Epoch [57]
[Train set] Loss: 0.0179, Accuracy: 49525/50000 (99.05%)  Epoch time : 10.4053    LR : 0.0003
[Test set] Average loss: 0.0018, Accuracy: 8975/10000 (89.75%)
save by ./Result_v3/CosWarmUp/VGG13/20_21_12/VGG13_best.pt

Epoch [58]
[Train set] Loss: 0.0145, Accuracy: 49540/50000 (99.08%)  Epoch time : 10.3617    LR : 0.0001
[Test set] Average loss: 0.0018, Accuracy: 8971/10000 (89.71%)

Epoch [59]
[Train set] Loss: 0.0780, Accuracy: 49474/50000 (98.95%)  Epoch time : 10.3499    LR : 0.0000
[Test set] Average loss: 0.0018, Accuracy: 8962/10000 (89.62%)

Epoch [60]
[Train set] Loss: 0.0244, Accuracy: 49536/50000 (99.07%)  Epoch time : 10.3684    LR : 0.0125
[Test set] Average loss: 0.0018, Accuracy: 8967/10000 (89.67%)

Epoch [61]
[Train set] Loss: 0.2096, Accuracy: 48061/50000 (96.12%)  Epoch time : 10.3632    LR : 0.0124
[Test set] Average loss: 0.0019, Accuracy: 8794/10000 (87.94%)

Epoch [62]
[Train set] Loss: 0.0589, Accuracy: 48018/50000 (96.04%)  Epoch time : 10.3524    LR : 0.0122
[Test set] Average loss: 0.0019, Accuracy: 8747/10000 (87.47%)

Epoch [63]
[Train set] Loss: 0.0889, Accuracy: 48184/50000 (96.37%)  Epoch time : 10.3692    LR : 0.0120
[Test set] Average loss: 0.0020, Accuracy: 8687/10000 (86.87%)

Epoch [64]
[Train set] Loss: 0.0741, Accuracy: 48045/50000 (96.09%)  Epoch time : 10.3618    LR : 0.0117
[Test set] Average loss: 0.0018, Accuracy: 8789/10000 (87.89%)

Epoch [65]
[Train set] Loss: 0.1046, Accuracy: 48279/50000 (96.56%)  Epoch time : 10.3423    LR : 0.0113
[Test set] Average loss: 0.0019, Accuracy: 8808/10000 (88.08%)

Epoch [66]
[Train set] Loss: 0.1433, Accuracy: 48308/50000 (96.62%)  Epoch time : 10.3650    LR : 0.0109
[Test set] Average loss: 0.0019, Accuracy: 8826/10000 (88.26%)

Epoch [67]
[Train set] Loss: 0.1951, Accuracy: 48354/50000 (96.71%)  Epoch time : 10.3461    LR : 0.0104
[Test set] Average loss: 0.0018, Accuracy: 8827/10000 (88.27%)

Epoch [68]
[Train set] Loss: 0.0775, Accuracy: 48528/50000 (97.06%)  Epoch time : 10.3760    LR : 0.0099
[Test set] Average loss: 0.0019, Accuracy: 8836/10000 (88.36%)

Epoch [69]
[Train set] Loss: 0.0287, Accuracy: 48690/50000 (97.38%)  Epoch time : 10.3610    LR : 0.0094
[Test set] Average loss: 0.0019, Accuracy: 8824/10000 (88.24%)

Epoch [70]
[Train set] Loss: 0.1019, Accuracy: 48765/50000 (97.53%)  Epoch time : 10.3552    LR : 0.0088
[Test set] Average loss: 0.0018, Accuracy: 8856/10000 (88.56%)

Epoch [71]
[Train set] Loss: 0.0611, Accuracy: 48896/50000 (97.79%)  Epoch time : 10.3564    LR : 0.0082
[Test set] Average loss: 0.0021, Accuracy: 8722/10000 (87.22%)

Epoch [72]
[Train set] Loss: 0.0343, Accuracy: 48956/50000 (97.91%)  Epoch time : 10.3515    LR : 0.0076
[Test set] Average loss: 0.0019, Accuracy: 8878/10000 (88.78%)

Epoch [73]
[Train set] Loss: 0.0524, Accuracy: 49019/50000 (98.04%)  Epoch time : 10.3579    LR : 0.0069
[Test set] Average loss: 0.0020, Accuracy: 8896/10000 (88.96%)

Epoch [74]
[Train set] Loss: 0.0261, Accuracy: 49227/50000 (98.45%)  Epoch time : 10.3715    LR : 0.0063
[Test set] Average loss: 0.0019, Accuracy: 8868/10000 (88.68%)

Epoch [75]
[Train set] Loss: 0.0306, Accuracy: 49341/50000 (98.68%)  Epoch time : 10.3962    LR : 0.0056
[Test set] Average loss: 0.0019, Accuracy: 8930/10000 (89.30%)

Epoch [76]
[Train set] Loss: 0.0104, Accuracy: 49426/50000 (98.85%)  Epoch time : 10.3586    LR : 0.0050
[Test set] Average loss: 0.0020, Accuracy: 8910/10000 (89.10%)

Epoch [77]
[Train set] Loss: 0.0193, Accuracy: 49439/50000 (98.88%)  Epoch time : 10.3419    LR : 0.0043
[Test set] Average loss: 0.0021, Accuracy: 8906/10000 (89.06%)

Epoch [78]
[Train set] Loss: 0.0745, Accuracy: 49569/50000 (99.14%)  Epoch time : 10.3809    LR : 0.0037
[Test set] Average loss: 0.0020, Accuracy: 8934/10000 (89.34%)

Epoch [79]
[Train set] Loss: 0.0130, Accuracy: 49649/50000 (99.30%)  Epoch time : 10.3998    LR : 0.0031
[Test set] Average loss: 0.0020, Accuracy: 8961/10000 (89.61%)

Epoch [80]
[Train set] Loss: 0.0204, Accuracy: 49679/50000 (99.36%)  Epoch time : 10.3782    LR : 0.0026
[Test set] Average loss: 0.0020, Accuracy: 8954/10000 (89.54%)

Epoch [81]
[Train set] Loss: 0.0434, Accuracy: 49766/50000 (99.53%)  Epoch time : 10.3729    LR : 0.0021
[Test set] Average loss: 0.0021, Accuracy: 8961/10000 (89.61%)

Epoch [82]
[Train set] Loss: 0.0021, Accuracy: 49772/50000 (99.54%)  Epoch time : 10.3666    LR : 0.0016
[Test set] Average loss: 0.0020, Accuracy: 8974/10000 (89.74%)

Epoch [83]
[Train set] Loss: 0.0089, Accuracy: 49818/50000 (99.64%)  Epoch time : 10.3733    LR : 0.0012
[Test set] Average loss: 0.0021, Accuracy: 8953/10000 (89.53%)

Epoch [84]
[Train set] Loss: 0.0033, Accuracy: 49824/50000 (99.65%)  Epoch time : 10.3569    LR : 0.0008
[Test set] Average loss: 0.0021, Accuracy: 9017/10000 (90.17%)
save by ./Result_v3/CosWarmUp/VGG13/20_21_12/VGG13_best.pt

Epoch [85]
[Train set] Loss: 0.0203, Accuracy: 49832/50000 (99.66%)  Epoch time : 10.3792    LR : 0.0005
[Test set] Average loss: 0.0021, Accuracy: 8996/10000 (89.96%)

Epoch [86]
[Train set] Loss: 0.0063, Accuracy: 49852/50000 (99.70%)  Epoch time : 10.3629    LR : 0.0003
[Test set] Average loss: 0.0021, Accuracy: 8997/10000 (89.97%)

Epoch [87]
[Train set] Loss: 0.0037, Accuracy: 49888/50000 (99.78%)  Epoch time : 10.3492    LR : 0.0001
[Test set] Average loss: 0.0021, Accuracy: 8983/10000 (89.83%)

Epoch [88]
[Train set] Loss: 0.0019, Accuracy: 49874/50000 (99.75%)  Epoch time : 10.3554    LR : 0.0000
[Test set] Average loss: 0.0021, Accuracy: 9008/10000 (90.08%)

Epoch [89]
[Train set] Loss: 0.0148, Accuracy: 49881/50000 (99.76%)  Epoch time : 10.3581    LR : 0.0000
[Test set] Average loss: 0.0021, Accuracy: 9006/10000 (90.06%)

Epoch [90]
[Train set] Loss: 0.0093, Accuracy: 49849/50000 (99.70%)  Epoch time : 10.3357    LR : 0.0062
[Test set] Average loss: 0.0021, Accuracy: 9005/10000 (90.05%)

Epoch [91]
[Train set] Loss: 0.0163, Accuracy: 49529/50000 (99.06%)  Epoch time : 10.3604    LR : 0.0062
[Test set] Average loss: 0.0023, Accuracy: 8870/10000 (88.70%)

Epoch [92]
[Train set] Loss: 0.0304, Accuracy: 49518/50000 (99.04%)  Epoch time : 10.3723    LR : 0.0061
[Test set] Average loss: 0.0020, Accuracy: 8908/10000 (89.08%)

Epoch [93]
[Train set] Loss: 0.0339, Accuracy: 49551/50000 (99.10%)  Epoch time : 10.3527    LR : 0.0060
[Test set] Average loss: 0.0021, Accuracy: 8879/10000 (88.79%)

Epoch [94]
[Train set] Loss: 0.0337, Accuracy: 49538/50000 (99.08%)  Epoch time : 10.3726    LR : 0.0058
[Test set] Average loss: 0.0020, Accuracy: 8925/10000 (89.25%)

Epoch [95]
[Train set] Loss: 0.0117, Accuracy: 49532/50000 (99.06%)  Epoch time : 10.3570    LR : 0.0057
[Test set] Average loss: 0.0021, Accuracy: 8882/10000 (88.82%)

Epoch [96]
[Train set] Loss: 0.0012, Accuracy: 49493/50000 (98.99%)  Epoch time : 10.3402    LR : 0.0054
[Test set] Average loss: 0.0021, Accuracy: 8918/10000 (89.18%)

Epoch [97]
[Train set] Loss: 0.0220, Accuracy: 49645/50000 (99.29%)  Epoch time : 10.3394    LR : 0.0052
[Test set] Average loss: 0.0021, Accuracy: 8897/10000 (88.97%)

Epoch [98]
[Train set] Loss: 0.0077, Accuracy: 49606/50000 (99.21%)  Epoch time : 10.3648    LR : 0.0050
[Test set] Average loss: 0.0021, Accuracy: 8935/10000 (89.35%)

Epoch [99]
[Train set] Loss: 0.0090, Accuracy: 49668/50000 (99.34%)  Epoch time : 10.3543    LR : 0.0047
[Test set] Average loss: 0.0021, Accuracy: 8927/10000 (89.27%)

Epoch [100]
[Train set] Loss: 0.0184, Accuracy: 49632/50000 (99.26%)  Epoch time : 10.3533    LR : 0.0044
[Test set] Average loss: 0.0022, Accuracy: 8914/10000 (89.14%)

Epoch [101]
[Train set] Loss: 0.0053, Accuracy: 49718/50000 (99.44%)  Epoch time : 10.3680    LR : 0.0041
[Test set] Average loss: 0.0021, Accuracy: 8893/10000 (88.93%)

Epoch [102]
[Train set] Loss: 0.0193, Accuracy: 49685/50000 (99.37%)  Epoch time : 10.3776    LR : 0.0038
[Test set] Average loss: 0.0021, Accuracy: 8922/10000 (89.22%)

Epoch [103]
[Train set] Loss: 0.0178, Accuracy: 49750/50000 (99.50%)  Epoch time : 10.3888    LR : 0.0035
[Test set] Average loss: 0.0021, Accuracy: 8931/10000 (89.31%)

Epoch [104]
[Train set] Loss: 0.0074, Accuracy: 49810/50000 (99.62%)  Epoch time : 10.3696    LR : 0.0031
[Test set] Average loss: 0.0022, Accuracy: 8909/10000 (89.09%)

Epoch [105]
[Train set] Loss: 0.0196, Accuracy: 49816/50000 (99.63%)  Epoch time : 10.3649    LR : 0.0028
[Test set] Average loss: 0.0021, Accuracy: 8964/10000 (89.64%)

Epoch [106]
[Train set] Loss: 0.0431, Accuracy: 49837/50000 (99.67%)  Epoch time : 10.3561    LR : 0.0025
[Test set] Average loss: 0.0021, Accuracy: 8982/10000 (89.82%)

Epoch [107]
[Train set] Loss: 0.0420, Accuracy: 49857/50000 (99.71%)  Epoch time : 10.3662    LR : 0.0022
[Test set] Average loss: 0.0021, Accuracy: 8984/10000 (89.84%)

Epoch [108]
[Train set] Loss: 0.0574, Accuracy: 49842/50000 (99.68%)  Epoch time : 10.4085    LR : 0.0019
[Test set] Average loss: 0.0022, Accuracy: 8957/10000 (89.57%)

Epoch [109]
[Train set] Loss: 0.0039, Accuracy: 49893/50000 (99.79%)  Epoch time : 10.3678    LR : 0.0016
[Test set] Average loss: 0.0021, Accuracy: 8997/10000 (89.97%)

Epoch [110]
[Train set] Loss: 0.0361, Accuracy: 49869/50000 (99.74%)  Epoch time : 10.3361    LR : 0.0013
[Test set] Average loss: 0.0021, Accuracy: 8964/10000 (89.64%)

Epoch [111]
[Train set] Loss: 0.0014, Accuracy: 49908/50000 (99.82%)  Epoch time : 10.3656    LR : 0.0010
[Test set] Average loss: 0.0022, Accuracy: 8981/10000 (89.81%)

Epoch [112]
[Train set] Loss: 0.0018, Accuracy: 49917/50000 (99.83%)  Epoch time : 10.3676    LR : 0.0008
[Test set] Average loss: 0.0022, Accuracy: 8986/10000 (89.86%)

Epoch [113]
[Train set] Loss: 0.0099, Accuracy: 49921/50000 (99.84%)  Epoch time : 10.3630    LR : 0.0006
[Test set] Average loss: 0.0021, Accuracy: 8983/10000 (89.83%)

Epoch [114]
[Train set] Loss: 0.0039, Accuracy: 49937/50000 (99.87%)  Epoch time : 10.3569    LR : 0.0004
[Test set] Average loss: 0.0022, Accuracy: 8987/10000 (89.87%)

Epoch [115]
[Train set] Loss: 0.0006, Accuracy: 49939/50000 (99.88%)  Epoch time : 10.4040    LR : 0.0003
[Test set] Average loss: 0.0022, Accuracy: 8986/10000 (89.86%)

Epoch [116]
[Train set] Loss: 0.0015, Accuracy: 49937/50000 (99.87%)  Epoch time : 10.3557    LR : 0.0002
[Test set] Average loss: 0.0022, Accuracy: 8992/10000 (89.92%)

Epoch [117]
[Train set] Loss: 0.0038, Accuracy: 49940/50000 (99.88%)  Epoch time : 10.3638    LR : 0.0001
[Test set] Average loss: 0.0022, Accuracy: 8982/10000 (89.82%)

Epoch [118]
[Train set] Loss: 0.0070, Accuracy: 49936/50000 (99.87%)  Epoch time : 10.3556    LR : 0.0000
[Test set] Average loss: 0.0022, Accuracy: 8991/10000 (89.91%)

Epoch [119]
[Train set] Loss: 0.0369, Accuracy: 49938/50000 (99.88%)  Epoch time : 10.3882    LR : 0.0000
[Test set] Average loss: 0.0022, Accuracy: 8985/10000 (89.85%)

Epoch [120]
[Train set] Loss: 0.0093, Accuracy: 49953/50000 (99.91%)  Epoch time : 10.3600    LR : 0.0031
[Test set] Average loss: 0.0022, Accuracy: 8987/10000 (89.87%)

Epoch [121]
[Train set] Loss: 0.0019, Accuracy: 49889/50000 (99.78%)  Epoch time : 10.3576    LR : 0.0031
[Test set] Average loss: 0.0022, Accuracy: 8925/10000 (89.25%)

Epoch [122]
[Train set] Loss: 0.0483, Accuracy: 49874/50000 (99.75%)  Epoch time : 10.3521    LR : 0.0030
[Test set] Average loss: 0.0023, Accuracy: 8957/10000 (89.57%)

Epoch [123]
[Train set] Loss: 0.0011, Accuracy: 49863/50000 (99.73%)  Epoch time : 10.3776    LR : 0.0030
[Test set] Average loss: 0.0022, Accuracy: 8975/10000 (89.75%)

Epoch [124]
[Train set] Loss: 0.0016, Accuracy: 49833/50000 (99.67%)  Epoch time : 10.3718    LR : 0.0029
[Test set] Average loss: 0.0021, Accuracy: 8976/10000 (89.76%)

Epoch [125]
[Train set] Loss: 0.0052, Accuracy: 49856/50000 (99.71%)  Epoch time : 10.3631    LR : 0.0028
[Test set] Average loss: 0.0022, Accuracy: 8950/10000 (89.50%)

Epoch [126]
[Train set] Loss: 0.0007, Accuracy: 49838/50000 (99.68%)  Epoch time : 10.3814    LR : 0.0027
[Test set] Average loss: 0.0023, Accuracy: 8929/10000 (89.29%)

Epoch [127]
[Train set] Loss: 0.0037, Accuracy: 49871/50000 (99.74%)  Epoch time : 10.3489    LR : 0.0026
[Test set] Average loss: 0.0022, Accuracy: 8988/10000 (89.88%)

Epoch [128]
[Train set] Loss: 0.0064, Accuracy: 49881/50000 (99.76%)  Epoch time : 10.3714    LR : 0.0025
[Test set] Average loss: 0.0022, Accuracy: 8983/10000 (89.83%)

Epoch [129]
[Train set] Loss: 0.0077, Accuracy: 49921/50000 (99.84%)  Epoch time : 10.3980    LR : 0.0023
[Test set] Average loss: 0.0022, Accuracy: 8967/10000 (89.67%)

Epoch [130]
[Train set] Loss: 0.0021, Accuracy: 49908/50000 (99.82%)  Epoch time : 10.3881    LR : 0.0022
[Test set] Average loss: 0.0022, Accuracy: 8995/10000 (89.95%)

Epoch [131]
[Train set] Loss: 0.0024, Accuracy: 49895/50000 (99.79%)  Epoch time : 10.3642    LR : 0.0020
[Test set] Average loss: 0.0022, Accuracy: 8966/10000 (89.66%)

Epoch [132]
[Train set] Loss: 0.0067, Accuracy: 49917/50000 (99.83%)  Epoch time : 10.3516    LR : 0.0019
[Test set] Average loss: 0.0022, Accuracy: 8996/10000 (89.96%)

Epoch [133]
[Train set] Loss: 0.0010, Accuracy: 49904/50000 (99.81%)  Epoch time : 10.3461    LR : 0.0017
[Test set] Average loss: 0.0023, Accuracy: 8976/10000 (89.76%)
