

**************  start new model : VGG13 ******************
Files already downloaded and verified
Epoch [1] Loss: 2.3083  Epoch time : 8.5203
[Test set] Average loss: 0.0092, Accuracy: 1000/10000 (10.00%)

save by ./Result_GCP/Original/VGG13/19_15_53/VGG13_best.pt
Epoch [2] Loss: 2.3116  Epoch time : 7.3850
[Test set] Average loss: 0.0092, Accuracy: 1000/10000 (10.00%)

Epoch [3] Loss: 2.3218  Epoch time : 7.3741
[Test set] Average loss: 0.0092, Accuracy: 1000/10000 (10.00%)

Epoch [4] Loss: 2.3365  Epoch time : 7.3787
[Test set] Average loss: 0.0093, Accuracy: 1000/10000 (10.00%)

Epoch [5] Loss: 2.3031  Epoch time : 7.3957
[Test set] Average loss: 0.0092, Accuracy: 1000/10000 (10.00%)

Epoch [6] Loss: 2.2958  Epoch time : 7.3686
[Test set] Average loss: 0.0092, Accuracy: 1000/10000 (10.00%)

Epoch [7] Loss: 2.3327  Epoch time : 7.3761
[Test set] Average loss: 0.0093, Accuracy: 1000/10000 (10.00%)

Traceback (most recent call last):
  File "main.py", line 46, in <module>
    utils.train(hyper_param_dict, model, device)
  File "/home/tjrgh/Project/ML_albert_no/utils/train.py", line 87, in train
    correct += pred.eq(labels.view_as(pred)).sum().item()
KeyboardInterrupt


**************  start new model : VGG13 ******************
Files already downloaded and verified
Epoch [1] Loss: 2.3094  Epoch time : 8.4773
[Test set] Average loss: 0.0092, Accuracy: 1000/10000 (10.00%)

save by ./Result_GCP/Original/VGG13/19_15_55/VGG13_best.pt
Epoch [2] Loss: 2.3021  Epoch time : 7.3889
[Test set] Average loss: 0.0092, Accuracy: 1000/10000 (10.00%)

Epoch [3] Loss: 2.3014  Epoch time : 7.3509
[Test set] Average loss: 0.0092, Accuracy: 1000/10000 (10.00%)

Epoch [4] Loss: 2.2819  Epoch time : 7.3410
[Test set] Average loss: 0.0093, Accuracy: 1000/10000 (10.00%)

Epoch [5] Loss: 2.3121  Epoch time : 7.3477
[Test set] Average loss: 0.0092, Accuracy: 1000/10000 (10.00%)

Epoch [6] Loss: 2.3124  Epoch time : 7.3857
[Test set] Average loss: 0.0092, Accuracy: 1000/10000 (10.00%)

Epoch [7] Loss: 2.3152  Epoch time : 7.3857
[Test set] Average loss: 0.0092, Accuracy: 1000/10000 (10.00%)

Epoch [8] Loss: 2.2976  Epoch time : 7.3559
[Test set] Average loss: 0.0092, Accuracy: 1000/10000 (10.00%)

Traceback (most recent call last):
  File "main.py", line 46, in <module>
    utils.train(hyper_param_dict, model, device)
  File "/home/tjrgh/Project/ML_albert_no/utils/train.py", line 87, in train
    correct += pred.eq(labels.view_as(pred)).sum().item()
KeyboardInterrupt


**************  start new model : VGG13 ******************
Files already downloaded and verified
Epoch [1] Loss: 2.3059  Epoch time : 8.5419
[Test set] Average loss: 0.0092, Accuracy: 1000/10000 (10.00%)

save by ./Result_GCP/Original/VGG13/19_15_57/VGG13_best.pt
Epoch [2] Loss: 2.2964  Epoch time : 7.4155
[Test set] Average loss: 0.0092, Accuracy: 1000/10000 (10.00%)

Epoch [3] Loss: 2.3049  Epoch time : 7.4846
[Test set] Average loss: 0.0092, Accuracy: 1000/10000 (10.00%)

Traceback (most recent call last):
  File "main.py", line 46, in <module>
    utils.train(hyper_param_dict, model, device)
  File "/home/tjrgh/Project/ML_albert_no/utils/train.py", line 84, in train
    train_loss.backward()
  File "/opt/conda/lib/python3.7/site-packages/torch/tensor.py", line 184, in backward
    torch.autograd.backward(self, gradient, retain_graph, create_graph)
  File "/opt/conda/lib/python3.7/site-packages/torch/autograd/__init__.py", line 123, in backward
    allow_unreachable=True)  # allow_unreachable flag
KeyboardInterrupt


**************  start new model : VGG13 ******************
Files already downloaded and verified
Epoch [1] Loss: 2.2930  Epoch time : 8.5192
[Test set] Average loss: 0.0092, Accuracy: 1171/10000 (11.71%)

save by ./Result_GCP/Original/VGG13/19_15_58/VGG13_best.pt
Epoch [2] Loss: 2.3048  Epoch time : 7.4111
[Test set] Average loss: 0.0092, Accuracy: 1000/10000 (10.00%)

Epoch [3] Loss: 2.2831  Epoch time : 7.4319
[Test set] Average loss: 0.0093, Accuracy: 1000/10000 (10.00%)

Traceback (most recent call last):
  File "main.py", line 46, in <module>
    utils.train(hyper_param_dict, model, device)
  File "/home/tjrgh/Project/ML_albert_no/utils/train.py", line 87, in train
    correct += pred.eq(labels.view_as(pred)).sum().item()
KeyboardInterrupt


**************  start new model : VGG13 ******************
Files already downloaded and verified
Epoch [1] Loss: 2.2992  Epoch time : 8.5337
[Test set] Average loss: 0.0092, Accuracy: 1000/10000 (10.00%)

save by ./Result_GCP/Original/VGG13/19_15_59/VGG13_best.pt
Epoch [2] Loss: 2.3000  Epoch time : 7.3518
[Test set] Average loss: 0.0092, Accuracy: 1000/10000 (10.00%)

Epoch [3] Loss: 2.3017  Epoch time : 7.3434
[Test set] Average loss: 0.0092, Accuracy: 1000/10000 (10.00%)

Traceback (most recent call last):
  File "main.py", line 46, in <module>
    utils.train(hyper_param_dict, model, device)
  File "/home/tjrgh/Project/ML_albert_no/utils/train.py", line 87, in train
    correct += pred.eq(labels.view_as(pred)).sum().item()
KeyboardInterrupt


**************  start new model : VGG13 ******************
Files already downloaded and verified
Epoch [1] Loss: 2.2408  Epoch time : 8.4900
[Test set] Average loss: 0.0089, Accuracy: 1696/10000 (16.96%)

save by ./Result_GCP/Original/VGG13/19_16_0/VGG13_best.pt
Epoch [2] Loss: 2.3005  Epoch time : 7.3562
[Test set] Average loss: 0.0092, Accuracy: 1115/10000 (11.15%)

Epoch [3] Loss: 1.9873  Epoch time : 7.3478
[Test set] Average loss: 0.0078, Accuracy: 2777/10000 (27.77%)

save by ./Result_GCP/Original/VGG13/19_16_0/VGG13_best.pt
Epoch [4] Loss: 1.8880  Epoch time : 7.3489
[Test set] Average loss: 0.0066, Accuracy: 3892/10000 (38.92%)

save by ./Result_GCP/Original/VGG13/19_16_0/VGG13_best.pt
Epoch [5] Loss: 1.6185  Epoch time : 7.3561
[Test set] Average loss: 0.0062, Accuracy: 4254/10000 (42.54%)

save by ./Result_GCP/Original/VGG13/19_16_0/VGG13_best.pt
Epoch [6] Loss: 1.2032  Epoch time : 7.3640
[Test set] Average loss: 0.0059, Accuracy: 4709/10000 (47.09%)

save by ./Result_GCP/Original/VGG13/19_16_0/VGG13_best.pt
Epoch [7] Loss: 1.3102  Epoch time : 7.3506
[Test set] Average loss: 0.0052, Accuracy: 5276/10000 (52.76%)

save by ./Result_GCP/Original/VGG13/19_16_0/VGG13_best.pt
Epoch [8] Loss: 0.9903  Epoch time : 7.3441
[Test set] Average loss: 0.0048, Accuracy: 5732/10000 (57.32%)

save by ./Result_GCP/Original/VGG13/19_16_0/VGG13_best.pt
Epoch [9] Loss: 0.9102  Epoch time : 7.3683
[Test set] Average loss: 0.0051, Accuracy: 5510/10000 (55.10%)

Epoch [10] Loss: 0.8050  Epoch time : 7.3476
[Test set] Average loss: 0.0037, Accuracy: 6788/10000 (67.88%)

save by ./Result_GCP/Original/VGG13/19_16_0/VGG13_best.pt
Epoch [11] Loss: 0.8658  Epoch time : 7.3424
[Test set] Average loss: 0.0032, Accuracy: 7297/10000 (72.97%)

save by ./Result_GCP/Original/VGG13/19_16_0/VGG13_best.pt
Epoch [12] Loss: 0.6085  Epoch time : 7.3686
[Test set] Average loss: 0.0029, Accuracy: 7556/10000 (75.56%)

save by ./Result_GCP/Original/VGG13/19_16_0/VGG13_best.pt
Epoch [13] Loss: 0.5546  Epoch time : 7.3462
[Test set] Average loss: 0.0029, Accuracy: 7619/10000 (76.19%)

save by ./Result_GCP/Original/VGG13/19_16_0/VGG13_best.pt
Epoch [14] Loss: 0.7346  Epoch time : 7.3409
[Test set] Average loss: 0.0026, Accuracy: 7804/10000 (78.04%)

save by ./Result_GCP/Original/VGG13/19_16_0/VGG13_best.pt
Epoch [15] Loss: 0.4732  Epoch time : 7.3584
[Test set] Average loss: 0.0028, Accuracy: 7801/10000 (78.01%)

Epoch [16] Loss: 0.5041  Epoch time : 7.3733
[Test set] Average loss: 0.0030, Accuracy: 7641/10000 (76.41%)

Epoch [17] Loss: 0.5494  Epoch time : 7.3502
[Test set] Average loss: 0.0026, Accuracy: 7897/10000 (78.97%)

save by ./Result_GCP/Original/VGG13/19_16_0/VGG13_best.pt
Epoch [18] Loss: 0.5540  Epoch time : 7.3592
[Test set] Average loss: 0.0023, Accuracy: 8034/10000 (80.34%)

save by ./Result_GCP/Original/VGG13/19_16_0/VGG13_best.pt
Epoch [19] Loss: 0.3932  Epoch time : 7.3354
[Test set] Average loss: 0.0022, Accuracy: 8126/10000 (81.26%)

save by ./Result_GCP/Original/VGG13/19_16_0/VGG13_best.pt
Epoch [20] Loss: 0.5591  Epoch time : 7.3781
[Test set] Average loss: 0.0023, Accuracy: 8130/10000 (81.30%)

save by ./Result_GCP/Original/VGG13/19_16_0/VGG13_best.pt
Epoch [21] Loss: 0.2562  Epoch time : 7.3757
[Test set] Average loss: 0.0020, Accuracy: 8327/10000 (83.27%)

save by ./Result_GCP/Original/VGG13/19_16_0/VGG13_best.pt
Epoch [22] Loss: 0.3554  Epoch time : 7.4481
[Test set] Average loss: 0.0020, Accuracy: 8365/10000 (83.65%)

save by ./Result_GCP/Original/VGG13/19_16_0/VGG13_best.pt
Epoch [23] Loss: 0.5980  Epoch time : 7.3413
[Test set] Average loss: 0.0019, Accuracy: 8433/10000 (84.33%)

save by ./Result_GCP/Original/VGG13/19_16_0/VGG13_best.pt
Epoch [24] Loss: 0.3967  Epoch time : 7.3190
[Test set] Average loss: 0.0020, Accuracy: 8312/10000 (83.12%)

Epoch [25] Loss: 0.3516  Epoch time : 7.3595
[Test set] Average loss: 0.0024, Accuracy: 8028/10000 (80.28%)

Epoch [26] Loss: 0.4723  Epoch time : 7.3672
[Test set] Average loss: 0.0020, Accuracy: 8391/10000 (83.91%)

Epoch [27] Loss: 0.4081  Epoch time : 7.3300
[Test set] Average loss: 0.0019, Accuracy: 8511/10000 (85.11%)

save by ./Result_GCP/Original/VGG13/19_16_0/VGG13_best.pt
Epoch [28] Loss: 0.4762  Epoch time : 7.3546
[Test set] Average loss: 0.0021, Accuracy: 8279/10000 (82.79%)

Epoch [29] Loss: 0.2607  Epoch time : 7.3845
[Test set] Average loss: 0.0021, Accuracy: 8246/10000 (82.46%)

Epoch [30] Loss: 0.3686  Epoch time : 7.3614
[Test set] Average loss: 0.0018, Accuracy: 8504/10000 (85.04%)

Epoch [31] Loss: 0.4328  Epoch time : 7.3390
[Test set] Average loss: 0.0019, Accuracy: 8437/10000 (84.37%)

Epoch [32] Loss: 0.3713  Epoch time : 7.3937
[Test set] Average loss: 0.0018, Accuracy: 8594/10000 (85.94%)

save by ./Result_GCP/Original/VGG13/19_16_0/VGG13_best.pt
Epoch [33] Loss: 0.4246  Epoch time : 7.3332
[Test set] Average loss: 0.0018, Accuracy: 8573/10000 (85.73%)

Epoch [34] Loss: 0.4037  Epoch time : 7.3282
[Test set] Average loss: 0.0020, Accuracy: 8412/10000 (84.12%)

Epoch [35] Loss: 0.3418  Epoch time : 7.3409
[Test set] Average loss: 0.0019, Accuracy: 8505/10000 (85.05%)

Epoch [36] Loss: 0.3957  Epoch time : 7.3455
[Test set] Average loss: 0.0019, Accuracy: 8504/10000 (85.04%)

Epoch [37] Loss: 0.2247  Epoch time : 7.3262
[Test set] Average loss: 0.0018, Accuracy: 8579/10000 (85.79%)

Epoch [38] Loss: 0.2758  Epoch time : 7.3467
[Test set] Average loss: 0.0016, Accuracy: 8711/10000 (87.11%)

save by ./Result_GCP/Original/VGG13/19_16_0/VGG13_best.pt
Epoch [39] Loss: 0.3312  Epoch time : 7.3449
[Test set] Average loss: 0.0017, Accuracy: 8667/10000 (86.67%)

Epoch [40] Loss: 0.2984  Epoch time : 7.3250
[Test set] Average loss: 0.0016, Accuracy: 8707/10000 (87.07%)

Epoch [41] Loss: 0.1806  Epoch time : 7.3298
[Test set] Average loss: 0.0016, Accuracy: 8749/10000 (87.49%)

save by ./Result_GCP/Original/VGG13/19_16_0/VGG13_best.pt
Epoch [42] Loss: 0.1703  Epoch time : 7.3963
[Test set] Average loss: 0.0020, Accuracy: 8523/10000 (85.23%)

Epoch [43] Loss: 0.2891  Epoch time : 7.3559
[Test set] Average loss: 0.0017, Accuracy: 8720/10000 (87.20%)

Epoch [44] Loss: 0.4417  Epoch time : 7.3511
[Test set] Average loss: 0.0017, Accuracy: 8598/10000 (85.98%)

Epoch [45] Loss: 0.4388  Epoch time : 7.3578
[Test set] Average loss: 0.0021, Accuracy: 8451/10000 (84.51%)

Epoch [46] Loss: 0.4941  Epoch time : 7.3620
[Test set] Average loss: 0.0017, Accuracy: 8716/10000 (87.16%)

Epoch [47] Loss: 0.3512  Epoch time : 7.3328
[Test set] Average loss: 0.0017, Accuracy: 8645/10000 (86.45%)

Epoch [48] Loss: 0.3333  Epoch time : 7.3358
[Test set] Average loss: 0.0017, Accuracy: 8671/10000 (86.71%)

Epoch [49] Loss: 0.1286  Epoch time : 7.3494
[Test set] Average loss: 0.0022, Accuracy: 8426/10000 (84.26%)

Epoch [50] Loss: 0.1402  Epoch time : 7.3343
[Test set] Average loss: 0.0018, Accuracy: 8623/10000 (86.23%)

Epoch [51] Loss: 0.3949  Epoch time : 7.3151
[Test set] Average loss: 0.0019, Accuracy: 8536/10000 (85.36%)

Epoch [52] Loss: 0.2558  Epoch time : 7.3563
[Test set] Average loss: 0.0016, Accuracy: 8802/10000 (88.02%)

save by ./Result_GCP/Original/VGG13/19_16_0/VGG13_best.pt
Epoch [53] Loss: 0.2446  Epoch time : 7.3764
[Test set] Average loss: 0.0017, Accuracy: 8777/10000 (87.77%)

Epoch [54] Loss: 0.2327  Epoch time : 7.3294
[Test set] Average loss: 0.0017, Accuracy: 8723/10000 (87.23%)

Epoch [55] Loss: 0.1712  Epoch time : 7.3211
[Test set] Average loss: 0.0018, Accuracy: 8593/10000 (85.93%)

Epoch [56] Loss: 0.2131  Epoch time : 7.3442
[Test set] Average loss: 0.0016, Accuracy: 8798/10000 (87.98%)

Epoch [57] Loss: 0.1259  Epoch time : 7.3472
[Test set] Average loss: 0.0018, Accuracy: 8706/10000 (87.06%)

Epoch [58] Loss: 0.0865  Epoch time : 7.3611
[Test set] Average loss: 0.0016, Accuracy: 8791/10000 (87.91%)

Epoch [59] Loss: 0.2353  Epoch time : 7.4241
[Test set] Average loss: 0.0018, Accuracy: 8690/10000 (86.90%)

Epoch [60] Loss: 0.1659  Epoch time : 7.3460
[Test set] Average loss: 0.0018, Accuracy: 8649/10000 (86.49%)

Epoch [61] Loss: 0.1204  Epoch time : 7.3542
[Test set] Average loss: 0.0017, Accuracy: 8706/10000 (87.06%)

Epoch [62] Loss: 0.1392  Epoch time : 7.3914
[Test set] Average loss: 0.0018, Accuracy: 8687/10000 (86.87%)

Epoch [63] Loss: 0.2067  Epoch time : 7.3413
[Test set] Average loss: 0.0016, Accuracy: 8768/10000 (87.68%)

Epoch [64] Loss: 0.2782  Epoch time : 7.3418
[Test set] Average loss: 0.0016, Accuracy: 8789/10000 (87.89%)

Epoch [65] Loss: 0.2267  Epoch time : 7.3464
[Test set] Average loss: 0.0015, Accuracy: 8863/10000 (88.63%)

save by ./Result_GCP/Original/VGG13/19_16_0/VGG13_best.pt
Epoch [66] Loss: 0.1458  Epoch time : 7.3572
[Test set] Average loss: 0.0016, Accuracy: 8797/10000 (87.97%)

Epoch [67] Loss: 0.1152  Epoch time : 7.4020
[Test set] Average loss: 0.0015, Accuracy: 8869/10000 (88.69%)

save by ./Result_GCP/Original/VGG13/19_16_0/VGG13_best.pt
Epoch [68] Loss: 0.0838  Epoch time : 7.3816
[Test set] Average loss: 0.0015, Accuracy: 8857/10000 (88.57%)

Epoch [69] Loss: 0.3024  Epoch time : 7.3330
[Test set] Average loss: 0.0016, Accuracy: 8790/10000 (87.90%)

Epoch [70] Loss: 0.1936  Epoch time : 7.3457
[Test set] Average loss: 0.0016, Accuracy: 8714/10000 (87.14%)

Epoch [71] Loss: 0.2957  Epoch time : 7.3394
[Test set] Average loss: 0.0020, Accuracy: 8602/10000 (86.02%)

Epoch [72] Loss: 0.0828  Epoch time : 7.3411
[Test set] Average loss: 0.0016, Accuracy: 8761/10000 (87.61%)

Epoch [73] Loss: 0.1073  Epoch time : 7.3404
[Test set] Average loss: 0.0018, Accuracy: 8719/10000 (87.19%)

Epoch [74] Loss: 0.2710  Epoch time : 7.3271
[Test set] Average loss: 0.0018, Accuracy: 8777/10000 (87.77%)

Epoch [75] Loss: 0.2925  Epoch time : 7.3236
[Test set] Average loss: 0.0016, Accuracy: 8810/10000 (88.10%)

Epoch [76] Loss: 0.1131  Epoch time : 7.3649
[Test set] Average loss: 0.0015, Accuracy: 8848/10000 (88.48%)

Epoch [77] Loss: 0.1204  Epoch time : 7.3488
[Test set] Average loss: 0.0017, Accuracy: 8711/10000 (87.11%)

Epoch [78] Loss: 0.2596  Epoch time : 7.3324
[Test set] Average loss: 0.0016, Accuracy: 8761/10000 (87.61%)

Epoch [79] Loss: 0.2222  Epoch time : 7.3958
[Test set] Average loss: 0.0017, Accuracy: 8762/10000 (87.62%)

Epoch [80] Loss: 0.0631  Epoch time : 7.3731
[Test set] Average loss: 0.0025, Accuracy: 8402/10000 (84.02%)

Epoch [81] Loss: 0.2246  Epoch time : 7.3469
[Test set] Average loss: 0.0015, Accuracy: 8794/10000 (87.94%)

Epoch [82] Loss: 0.2578  Epoch time : 7.3578
[Test set] Average loss: 0.0017, Accuracy: 8692/10000 (86.92%)

Epoch [83] Loss: 0.1124  Epoch time : 7.3369
[Test set] Average loss: 0.0017, Accuracy: 8771/10000 (87.71%)

Epoch [84] Loss: 0.0995  Epoch time : 7.3591
[Test set] Average loss: 0.0019, Accuracy: 8597/10000 (85.97%)

Epoch [85] Loss: 0.1904  Epoch time : 7.3652
[Test set] Average loss: 0.0017, Accuracy: 8778/10000 (87.78%)

Epoch [86] Loss: 0.1598  Epoch time : 7.3332
[Test set] Average loss: 0.0016, Accuracy: 8818/10000 (88.18%)

Epoch [87] Loss: 0.2443  Epoch time : 7.3826
[Test set] Average loss: 0.0015, Accuracy: 8803/10000 (88.03%)

Epoch [88] Loss: 0.2110  Epoch time : 7.3309
[Test set] Average loss: 0.0017, Accuracy: 8816/10000 (88.16%)

Epoch [89] Loss: 0.0788  Epoch time : 7.3360
[Test set] Average loss: 0.0017, Accuracy: 8817/10000 (88.17%)

Epoch [90] Loss: 0.2159  Epoch time : 7.3368
[Test set] Average loss: 0.0017, Accuracy: 8703/10000 (87.03%)

Epoch [91] Loss: 0.2471  Epoch time : 7.3332
[Test set] Average loss: 0.0016, Accuracy: 8820/10000 (88.20%)

Epoch [92] Loss: 0.1554  Epoch time : 7.3427
[Test set] Average loss: 0.0016, Accuracy: 8786/10000 (87.86%)

Epoch [93] Loss: 0.2695  Epoch time : 7.3493
[Test set] Average loss: 0.0016, Accuracy: 8814/10000 (88.14%)

Epoch [94] Loss: 0.1643  Epoch time : 7.3461
[Test set] Average loss: 0.0016, Accuracy: 8798/10000 (87.98%)

Epoch [95] Loss: 0.1430  Epoch time : 7.3357
[Test set] Average loss: 0.0016, Accuracy: 8817/10000 (88.17%)

Epoch [96] Loss: 0.1872  Epoch time : 7.3455
[Test set] Average loss: 0.0017, Accuracy: 8776/10000 (87.76%)

Epoch [97] Loss: 0.3327  Epoch time : 7.4500
[Test set] Average loss: 0.0022, Accuracy: 8561/10000 (85.61%)

Epoch [98] Loss: 0.2606  Epoch time : 7.3473
[Test set] Average loss: 0.0017, Accuracy: 8719/10000 (87.19%)

Epoch [99] Loss: 0.1899  Epoch time : 7.3347
[Test set] Average loss: 0.0016, Accuracy: 8863/10000 (88.63%)

Epoch [100] Loss: 0.1395  Epoch time : 7.3262
[Test set] Average loss: 0.0014, Accuracy: 8916/10000 (89.16%)

save by ./Result_GCP/Original/VGG13/19_16_0/VGG13_best.pt
Epoch [101] Loss: 0.1809  Epoch time : 7.3577
[Test set] Average loss: 0.0014, Accuracy: 8933/10000 (89.33%)

save by ./Result_GCP/Original/VGG13/19_16_0/VGG13_best.pt
Epoch [102] Loss: 0.2011  Epoch time : 7.3327
[Test set] Average loss: 0.0017, Accuracy: 8754/10000 (87.54%)

Epoch [103] Loss: 0.1063  Epoch time : 7.3638
[Test set] Average loss: 0.0015, Accuracy: 8857/10000 (88.57%)

Epoch [104] Loss: 0.2206  Epoch time : 7.3381
[Test set] Average loss: 0.0018, Accuracy: 8782/10000 (87.82%)

Epoch [105] Loss: 0.1542  Epoch time : 7.3285
[Test set] Average loss: 0.0017, Accuracy: 8775/10000 (87.75%)

Epoch [106] Loss: 0.0843  Epoch time : 7.3605
[Test set] Average loss: 0.0016, Accuracy: 8788/10000 (87.88%)

Epoch [107] Loss: 0.1268  Epoch time : 7.3645
[Test set] Average loss: 0.0017, Accuracy: 8804/10000 (88.04%)

Epoch [108] Loss: 0.0812  Epoch time : 7.3722
[Test set] Average loss: 0.0016, Accuracy: 8858/10000 (88.58%)

Epoch [109] Loss: 0.1459  Epoch time : 7.3300
[Test set] Average loss: 0.0017, Accuracy: 8772/10000 (87.72%)

Epoch [110] Loss: 0.1045  Epoch time : 7.3515
[Test set] Average loss: 0.0016, Accuracy: 8902/10000 (89.02%)

Epoch [111] Loss: 0.1028  Epoch time : 7.3436
[Test set] Average loss: 0.0015, Accuracy: 8874/10000 (88.74%)

Epoch [112] Loss: 0.1077  Epoch time : 7.3552
[Test set] Average loss: 0.0018, Accuracy: 8755/10000 (87.55%)

Epoch [113] Loss: 0.1998  Epoch time : 7.3485
[Test set] Average loss: 0.0016, Accuracy: 8750/10000 (87.50%)

Epoch [114] Loss: 0.2374  Epoch time : 7.3696
[Test set] Average loss: 0.0016, Accuracy: 8747/10000 (87.47%)

Epoch [115] Loss: 0.1977  Epoch time : 7.3516
[Test set] Average loss: 0.0015, Accuracy: 8841/10000 (88.41%)

Epoch [116] Loss: 0.0521  Epoch time : 7.3592
[Test set] Average loss: 0.0018, Accuracy: 8756/10000 (87.56%)

Epoch [117] Loss: 0.1755  Epoch time : 7.3634
[Test set] Average loss: 0.0017, Accuracy: 8810/10000 (88.10%)

Epoch [118] Loss: 0.1441  Epoch time : 7.3351
[Test set] Average loss: 0.0017, Accuracy: 8793/10000 (87.93%)

Epoch [119] Loss: 0.1432  Epoch time : 7.3323
[Test set] Average loss: 0.0019, Accuracy: 8709/10000 (87.09%)

Epoch [120] Loss: 0.2361  Epoch time : 7.3408
[Test set] Average loss: 0.0016, Accuracy: 8854/10000 (88.54%)

Epoch [121] Loss: 0.1261  Epoch time : 7.3574
[Test set] Average loss: 0.0016, Accuracy: 8896/10000 (88.96%)

Epoch [122] Loss: 0.3870  Epoch time : 7.3655
[Test set] Average loss: 0.0017, Accuracy: 8709/10000 (87.09%)

Epoch [123] Loss: 0.0641  Epoch time : 7.3518
[Test set] Average loss: 0.0017, Accuracy: 8768/10000 (87.68%)

Epoch [124] Loss: 0.1029  Epoch time : 7.3923
[Test set] Average loss: 0.0016, Accuracy: 8854/10000 (88.54%)

Epoch [125] Loss: 0.0647  Epoch time : 7.3940
[Test set] Average loss: 0.0016, Accuracy: 8894/10000 (88.94%)

Epoch [126] Loss: 0.1257  Epoch time : 7.3654
[Test set] Average loss: 0.0016, Accuracy: 8781/10000 (87.81%)

Epoch [127] Loss: 0.1008  Epoch time : 7.3388
[Test set] Average loss: 0.0020, Accuracy: 8714/10000 (87.14%)

Epoch [128] Loss: 0.2060  Epoch time : 7.3669
[Test set] Average loss: 0.0016, Accuracy: 8810/10000 (88.10%)

Epoch [129] Loss: 0.0816  Epoch time : 7.3562
[Test set] Average loss: 0.0016, Accuracy: 8869/10000 (88.69%)

Epoch [130] Loss: 0.0970  Epoch time : 7.3745
[Test set] Average loss: 0.0017, Accuracy: 8764/10000 (87.64%)

Epoch [131] Loss: 0.1462  Epoch time : 7.3567
[Test set] Average loss: 0.0015, Accuracy: 8910/10000 (89.10%)

Epoch [132] Loss: 0.1337  Epoch time : 7.3393
[Test set] Average loss: 0.0016, Accuracy: 8822/10000 (88.22%)

Epoch [133] Loss: 0.1909  Epoch time : 7.3360
[Test set] Average loss: 0.0016, Accuracy: 8856/10000 (88.56%)

Epoch [134] Loss: 0.0726  Epoch time : 7.3483
[Test set] Average loss: 0.0017, Accuracy: 8825/10000 (88.25%)

Epoch [135] Loss: 0.2533  Epoch time : 7.4465
[Test set] Average loss: 0.0015, Accuracy: 8884/10000 (88.84%)

Epoch [136] Loss: 0.2756  Epoch time : 7.3669
[Test set] Average loss: 0.0015, Accuracy: 8882/10000 (88.82%)

Epoch [137] Loss: 0.1884  Epoch time : 7.3793
[Test set] Average loss: 0.0017, Accuracy: 8759/10000 (87.59%)

Epoch [138] Loss: 0.1710  Epoch time : 7.3677
[Test set] Average loss: 0.0017, Accuracy: 8835/10000 (88.35%)

Epoch [139] Loss: 0.3176  Epoch time : 7.3368
[Test set] Average loss: 0.0014, Accuracy: 8942/10000 (89.42%)

save by ./Result_GCP/Original/VGG13/19_16_0/VGG13_best.pt
Epoch [140] Loss: 0.0929  Epoch time : 7.3425
[Test set] Average loss: 0.0015, Accuracy: 8932/10000 (89.32%)

Epoch [141] Loss: 0.0983  Epoch time : 7.3218
[Test set] Average loss: 0.0017, Accuracy: 8881/10000 (88.81%)

Epoch [142] Loss: 0.0963  Epoch time : 7.3356
[Test set] Average loss: 0.0016, Accuracy: 8882/10000 (88.82%)

Epoch [143] Loss: 0.0841  Epoch time : 7.3134
[Test set] Average loss: 0.0016, Accuracy: 8814/10000 (88.14%)

Epoch [144] Loss: 0.2259  Epoch time : 7.3200
[Test set] Average loss: 0.0017, Accuracy: 8815/10000 (88.15%)

Epoch [145] Loss: 0.0499  Epoch time : 7.3613
[Test set] Average loss: 0.0016, Accuracy: 8874/10000 (88.74%)

Epoch [146] Loss: 0.1083  Epoch time : 7.3474
[Test set] Average loss: 0.0015, Accuracy: 8895/10000 (88.95%)

Epoch [147] Loss: 0.2048  Epoch time : 7.3178
[Test set] Average loss: 0.0017, Accuracy: 8797/10000 (87.97%)

Epoch [148] Loss: 0.1515  Epoch time : 7.3139
[Test set] Average loss: 0.0016, Accuracy: 8782/10000 (87.82%)

Epoch [149] Loss: 0.1710  Epoch time : 7.3459
[Test set] Average loss: 0.0015, Accuracy: 8869/10000 (88.69%)

Epoch [150] Loss: 0.1214  Epoch time : 7.3413
[Test set] Average loss: 0.0017, Accuracy: 8866/10000 (88.66%)

Epoch [151] Loss: 0.1527  Epoch time : 7.3429
[Test set] Average loss: 0.0017, Accuracy: 8845/10000 (88.45%)

Epoch [152] Loss: 0.2346  Epoch time : 7.3287
[Test set] Average loss: 0.0015, Accuracy: 8916/10000 (89.16%)

Epoch [153] Loss: 0.1976  Epoch time : 7.3535
[Test set] Average loss: 0.0016, Accuracy: 8833/10000 (88.33%)

Epoch [154] Loss: 0.1101  Epoch time : 7.3464
[Test set] Average loss: 0.0015, Accuracy: 8828/10000 (88.28%)

Epoch [155] Loss: 0.0997  Epoch time : 7.3361
[Test set] Average loss: 0.0017, Accuracy: 8858/10000 (88.58%)

Epoch [156] Loss: 0.3044  Epoch time : 7.3324
[Test set] Average loss: 0.0015, Accuracy: 8915/10000 (89.15%)

Epoch [157] Loss: 0.1756  Epoch time : 7.3534
[Test set] Average loss: 0.0016, Accuracy: 8872/10000 (88.72%)

Epoch [158] Loss: 0.0719  Epoch time : 7.3564
[Test set] Average loss: 0.0016, Accuracy: 8910/10000 (89.10%)

Epoch [159] Loss: 0.1248  Epoch time : 7.3326
[Test set] Average loss: 0.0015, Accuracy: 8928/10000 (89.28%)

Epoch [160] Loss: 0.1482  Epoch time : 7.3223
[Test set] Average loss: 0.0018, Accuracy: 8800/10000 (88.00%)

Epoch [161] Loss: 0.2772  Epoch time : 7.3365
[Test set] Average loss: 0.0015, Accuracy: 8873/10000 (88.73%)

Epoch [162] Loss: 0.1588  Epoch time : 7.3228
[Test set] Average loss: 0.0016, Accuracy: 8873/10000 (88.73%)

Epoch [163] Loss: 0.1867  Epoch time : 7.3275
[Test set] Average loss: 0.0019, Accuracy: 8611/10000 (86.11%)

Epoch [164] Loss: 0.1776  Epoch time : 7.3408
[Test set] Average loss: 0.0018, Accuracy: 8760/10000 (87.60%)

Epoch [165] Loss: 0.1323  Epoch time : 7.3372
[Test set] Average loss: 0.0017, Accuracy: 8781/10000 (87.81%)

Epoch [166] Loss: 0.0913  Epoch time : 7.3324
[Test set] Average loss: 0.0015, Accuracy: 8961/10000 (89.61%)

save by ./Result_GCP/Original/VGG13/19_16_0/VGG13_best.pt
Epoch [167] Loss: 0.1900  Epoch time : 7.3439
[Test set] Average loss: 0.0016, Accuracy: 8865/10000 (88.65%)

Epoch [168] Loss: 0.1829  Epoch time : 7.3325
[Test set] Average loss: 0.0016, Accuracy: 8814/10000 (88.14%)

Epoch [169] Loss: 0.0901  Epoch time : 7.3280
[Test set] Average loss: 0.0016, Accuracy: 8807/10000 (88.07%)

Epoch [170] Loss: 0.0869  Epoch time : 7.3485
[Test set] Average loss: 0.0017, Accuracy: 8835/10000 (88.35%)

Epoch [171] Loss: 0.0691  Epoch time : 7.3212
[Test set] Average loss: 0.0016, Accuracy: 8891/10000 (88.91%)

Epoch [172] Loss: 0.1375  Epoch time : 7.3503
[Test set] Average loss: 0.0017, Accuracy: 8715/10000 (87.15%)

Epoch [173] Loss: 0.2528  Epoch time : 7.3856
[Test set] Average loss: 0.0016, Accuracy: 8734/10000 (87.34%)

Epoch [174] Loss: 0.2647  Epoch time : 7.3581
[Test set] Average loss: 0.0015, Accuracy: 8885/10000 (88.85%)

Epoch [175] Loss: 0.1507  Epoch time : 7.3328
[Test set] Average loss: 0.0015, Accuracy: 8914/10000 (89.14%)

Epoch [176] Loss: 0.2062  Epoch time : 7.3385
[Test set] Average loss: 0.0016, Accuracy: 8906/10000 (89.06%)

Epoch [177] Loss: 0.3605  Epoch time : 7.3236
[Test set] Average loss: 0.0016, Accuracy: 8875/10000 (88.75%)

Epoch [178] Loss: 0.1694  Epoch time : 7.3337
[Test set] Average loss: 0.0015, Accuracy: 8867/10000 (88.67%)

Epoch [179] Loss: 0.0956  Epoch time : 7.3310
[Test set] Average loss: 0.0015, Accuracy: 8917/10000 (89.17%)

Epoch [180] Loss: 0.1341  Epoch time : 7.3179
[Test set] Average loss: 0.0015, Accuracy: 8909/10000 (89.09%)

Epoch [181] Loss: 0.1763  Epoch time : 7.3019
[Test set] Average loss: 0.0015, Accuracy: 8910/10000 (89.10%)

Epoch [182] Loss: 0.3097  Epoch time : 7.3122
[Test set] Average loss: 0.0014, Accuracy: 8946/10000 (89.46%)

Epoch [183] Loss: 0.2091  Epoch time : 7.3114
[Test set] Average loss: 0.0016, Accuracy: 8881/10000 (88.81%)

Epoch [184] Loss: 0.2136  Epoch time : 7.3319
[Test set] Average loss: 0.0015, Accuracy: 8907/10000 (89.07%)

Epoch [185] Loss: 0.2082  Epoch time : 7.3244
[Test set] Average loss: 0.0018, Accuracy: 8759/10000 (87.59%)

Epoch [186] Loss: 0.1279  Epoch time : 7.3321
[Test set] Average loss: 0.0016, Accuracy: 8827/10000 (88.27%)

Epoch [187] Loss: 0.0698  Epoch time : 7.3053
[Test set] Average loss: 0.0016, Accuracy: 8889/10000 (88.89%)

Epoch [188] Loss: 0.3045  Epoch time : 7.3452
[Test set] Average loss: 0.0016, Accuracy: 8854/10000 (88.54%)

Epoch [189] Loss: 0.0470  Epoch time : 7.3339
[Test set] Average loss: 0.0016, Accuracy: 8868/10000 (88.68%)

Epoch [190] Loss: 0.1244  Epoch time : 7.3653
[Test set] Average loss: 0.0016, Accuracy: 8790/10000 (87.90%)

Epoch [191] Loss: 0.1778  Epoch time : 7.3353
[Test set] Average loss: 0.0016, Accuracy: 8918/10000 (89.18%)

Epoch [192] Loss: 0.0585  Epoch time : 7.3592
[Test set] Average loss: 0.0017, Accuracy: 8836/10000 (88.36%)

Epoch [193] Loss: 0.1798  Epoch time : 7.3089
[Test set] Average loss: 0.0016, Accuracy: 8905/10000 (89.05%)

Epoch [194] Loss: 0.1434  Epoch time : 7.3394
[Test set] Average loss: 0.0017, Accuracy: 8779/10000 (87.79%)

Epoch [195] Loss: 0.1307  Epoch time : 7.3062
[Test set] Average loss: 0.0018, Accuracy: 8872/10000 (88.72%)

Epoch [196] Loss: 0.1784  Epoch time : 7.3166
[Test set] Average loss: 0.0017, Accuracy: 8776/10000 (87.76%)

Epoch [197] Loss: 0.2129  Epoch time : 7.3631
[Test set] Average loss: 0.0015, Accuracy: 8962/10000 (89.62%)

save by ./Result_GCP/Original/VGG13/19_16_0/VGG13_best.pt
Epoch [198] Loss: 0.1829  Epoch time : 7.3437
[Test set] Average loss: 0.0016, Accuracy: 8895/10000 (88.95%)

Epoch [199] Loss: 0.2638  Epoch time : 7.3163
[Test set] Average loss: 0.0014, Accuracy: 8994/10000 (89.94%)

save by ./Result_GCP/Original/VGG13/19_16_0/VGG13_best.pt
Epoch [200] Loss: 0.1608  Epoch time : 7.3421
[Test set] Average loss: 0.0017, Accuracy: 8829/10000 (88.29%)

Time ellapsed in training is: 1656.4350700378418
save dir : ./Result_GCP/Original/VGG13/19_16_0


**************  start new model : GoogLeNet ******************
Files already downloaded and verified
/opt/conda/lib/python3.7/site-packages/torch/storage.py:34: FutureWarning: pickle support for Storage will be removed in 1.5. Use `torch.save` instead
  warnings.warn("pickle support for Storage will be removed in 1.5. Use `torch.save` instead", FutureWarning)
Epoch [1] Loss: 2.2946  Epoch time : 43.0032
[Test set] Average loss: 0.0115, Accuracy: 1335/10000 (13.35%)

save by ./Result_GCP/Original/GoogLeNet/19_16_27/GoogLeNet_best.pt
Epoch [2] Loss: 2.2613  Epoch time : 43.0540
[Test set] Average loss: 0.0113, Accuracy: 1356/10000 (13.56%)

save by ./Result_GCP/Original/GoogLeNet/19_16_27/GoogLeNet_best.pt
Traceback (most recent call last):
  File "main.py", line 58, in <module>
    utils.train(hyper_param_dict, model, device)
  File "/home/tjrgh/Project/ML_albert_no/utils/train.py", line 87, in train
    correct += pred.eq(labels.view_as(pred)).sum().item()
KeyboardInterrupt


**************  start new model : GoogLeNet ******************
Files already downloaded and verified
Traceback (most recent call last):
  File "main.py", line 58, in <module>
    utils.train(hyper_param_dict, model, device)
  File "/home/tjrgh/Project/ML_albert_no/utils/train.py", line 39, in train
    schedulr = lr_scheduler(hyper_param_dict, optimizer)
  File "/home/tjrgh/Project/ML_albert_no/utils/train.py", line 161, in lr_scheduler
    return torch.optim.lr_scheduler.MultiStepLR(optimizer, hyper_param_dict['milestones'] , gamma=0.1, last_epoch=-1, verbose=True)
TypeError: __init__() got an unexpected keyword argument 'verbose'


**************  start new model : GoogLeNet ******************
Files already downloaded and verified

Epoch [1]
[Train set] Loss: 2.3090, Accuracy: 5463/50000 (10.93%)  Epoch time : 44.3348
[Test set] Average loss: 0.0115, Accuracy: 1000/10000 (10.00%)
save by ./Result_GCP/Original/GoogLeNet/19_16_31/GoogLeNet_best.pt

Epoch [2]
[Train set] Loss: 2.1041, Accuracy: 9183/50000 (18.37%)  Epoch time : 43.1561
[Test set] Average loss: 0.0100, Accuracy: 2344/10000 (23.44%)
save by ./Result_GCP/Original/GoogLeNet/19_16_31/GoogLeNet_best.pt

Epoch [3]
[Train set] Loss: 1.8605, Accuracy: 12594/50000 (25.19%)  Epoch time : 43.1724
[Test set] Average loss: 0.0088, Accuracy: 3195/10000 (31.95%)
save by ./Result_GCP/Original/GoogLeNet/19_16_31/GoogLeNet_best.pt

Epoch [4]
[Train set] Loss: 1.6907, Accuracy: 15801/50000 (31.60%)  Epoch time : 43.2141
[Test set] Average loss: 0.0085, Accuracy: 3450/10000 (34.50%)
save by ./Result_GCP/Original/GoogLeNet/19_16_31/GoogLeNet_best.pt

Epoch [5]
[Train set] Loss: 1.6476, Accuracy: 17931/50000 (35.86%)  Epoch time : 43.0942
[Test set] Average loss: 0.0079, Accuracy: 4012/10000 (40.12%)
save by ./Result_GCP/Original/GoogLeNet/19_16_31/GoogLeNet_best.pt

Epoch [6]
[Train set] Loss: 1.5969, Accuracy: 19659/50000 (39.32%)  Epoch time : 43.0921
[Test set] Average loss: 0.0076, Accuracy: 4329/10000 (43.29%)
save by ./Result_GCP/Original/GoogLeNet/19_16_31/GoogLeNet_best.pt

Epoch [7]
[Train set] Loss: 1.5052, Accuracy: 21105/50000 (42.21%)  Epoch time : 43.1079
[Test set] Average loss: 0.0072, Accuracy: 4598/10000 (45.98%)
save by ./Result_GCP/Original/GoogLeNet/19_16_31/GoogLeNet_best.pt

Epoch [8]
[Train set] Loss: 1.5165, Accuracy: 22628/50000 (45.26%)  Epoch time : 43.0656
[Test set] Average loss: 0.0068, Accuracy: 5015/10000 (50.15%)
save by ./Result_GCP/Original/GoogLeNet/19_16_31/GoogLeNet_best.pt

Epoch [9]
[Train set] Loss: 1.4813, Accuracy: 24169/50000 (48.34%)  Epoch time : 43.0743
[Test set] Average loss: 0.0069, Accuracy: 4970/10000 (49.70%)

Epoch [10]
[Train set] Loss: 1.2983, Accuracy: 25907/50000 (51.81%)  Epoch time : 43.0787
[Test set] Average loss: 0.0062, Accuracy: 5490/10000 (54.90%)
save by ./Result_GCP/Original/GoogLeNet/19_16_31/GoogLeNet_best.pt

Epoch [11]
[Train set] Loss: 1.1456, Accuracy: 27745/50000 (55.49%)  Epoch time : 43.1743
[Test set] Average loss: 0.0057, Accuracy: 5952/10000 (59.52%)
save by ./Result_GCP/Original/GoogLeNet/19_16_31/GoogLeNet_best.pt

Epoch [12]
[Train set] Loss: 0.9974, Accuracy: 29610/50000 (59.22%)  Epoch time : 43.1041
[Test set] Average loss: 0.0057, Accuracy: 5832/10000 (58.32%)

Epoch [13]
[Train set] Loss: 1.0944, Accuracy: 31020/50000 (62.04%)  Epoch time : 43.0879
[Test set] Average loss: 0.0048, Accuracy: 6607/10000 (66.07%)
save by ./Result_GCP/Original/GoogLeNet/19_16_31/GoogLeNet_best.pt

Epoch [14]
[Train set] Loss: 0.9588, Accuracy: 32086/50000 (64.17%)  Epoch time : 43.1311
[Test set] Average loss: 0.0045, Accuracy: 6799/10000 (67.99%)
save by ./Result_GCP/Original/GoogLeNet/19_16_31/GoogLeNet_best.pt

Epoch [15]
[Train set] Loss: 0.9916, Accuracy: 33367/50000 (66.73%)  Epoch time : 43.0950
[Test set] Average loss: 0.0042, Accuracy: 6996/10000 (69.96%)
save by ./Result_GCP/Original/GoogLeNet/19_16_31/GoogLeNet_best.pt

Epoch [16]
[Train set] Loss: 1.0348, Accuracy: 34221/50000 (68.44%)  Epoch time : 43.0730
[Test set] Average loss: 0.0043, Accuracy: 7039/10000 (70.39%)
save by ./Result_GCP/Original/GoogLeNet/19_16_31/GoogLeNet_best.pt

Epoch [17]
[Train set] Loss: 0.8221, Accuracy: 35136/50000 (70.27%)  Epoch time : 43.0999
[Test set] Average loss: 0.0040, Accuracy: 7309/10000 (73.09%)
save by ./Result_GCP/Original/GoogLeNet/19_16_31/GoogLeNet_best.pt

Epoch [18]
[Train set] Loss: 0.7635, Accuracy: 36170/50000 (72.34%)  Epoch time : 43.0879
[Test set] Average loss: 0.0035, Accuracy: 7584/10000 (75.84%)
save by ./Result_GCP/Original/GoogLeNet/19_16_31/GoogLeNet_best.pt

Epoch [19]
[Train set] Loss: 0.8138, Accuracy: 37013/50000 (74.03%)  Epoch time : 43.0898
[Test set] Average loss: 0.0037, Accuracy: 7421/10000 (74.21%)

Epoch [20]
[Train set] Loss: 0.7671, Accuracy: 37565/50000 (75.13%)  Epoch time : 43.0714
[Test set] Average loss: 0.0035, Accuracy: 7605/10000 (76.05%)
save by ./Result_GCP/Original/GoogLeNet/19_16_31/GoogLeNet_best.pt

Epoch [21]
[Train set] Loss: 0.7176, Accuracy: 38048/50000 (76.10%)  Epoch time : 43.0895
[Test set] Average loss: 0.0035, Accuracy: 7625/10000 (76.25%)
save by ./Result_GCP/Original/GoogLeNet/19_16_31/GoogLeNet_best.pt

Epoch [22]
[Train set] Loss: 0.6046, Accuracy: 38607/50000 (77.21%)  Epoch time : 43.1349
[Test set] Average loss: 0.0033, Accuracy: 7777/10000 (77.77%)
save by ./Result_GCP/Original/GoogLeNet/19_16_31/GoogLeNet_best.pt

Epoch [23]
[Train set] Loss: 0.6237, Accuracy: 38896/50000 (77.79%)  Epoch time : 43.0808
[Test set] Average loss: 0.0032, Accuracy: 7817/10000 (78.17%)
save by ./Result_GCP/Original/GoogLeNet/19_16_31/GoogLeNet_best.pt

Epoch [24]
[Train set] Loss: 0.5804, Accuracy: 39643/50000 (79.29%)  Epoch time : 43.1017
[Test set] Average loss: 0.0031, Accuracy: 7881/10000 (78.81%)
save by ./Result_GCP/Original/GoogLeNet/19_16_31/GoogLeNet_best.pt

Epoch [25]
[Train set] Loss: 0.5641, Accuracy: 39816/50000 (79.63%)  Epoch time : 43.0676
[Test set] Average loss: 0.0030, Accuracy: 8043/10000 (80.43%)
save by ./Result_GCP/Original/GoogLeNet/19_16_31/GoogLeNet_best.pt

Epoch [26]
[Train set] Loss: 0.5786, Accuracy: 40284/50000 (80.57%)  Epoch time : 43.0404
[Test set] Average loss: 0.0026, Accuracy: 8179/10000 (81.79%)
save by ./Result_GCP/Original/GoogLeNet/19_16_31/GoogLeNet_best.pt

Epoch [27]
[Train set] Loss: 0.5580, Accuracy: 40448/50000 (80.90%)  Epoch time : 43.0713
[Test set] Average loss: 0.0026, Accuracy: 8223/10000 (82.23%)
save by ./Result_GCP/Original/GoogLeNet/19_16_31/GoogLeNet_best.pt

Epoch [28]
[Train set] Loss: 0.6257, Accuracy: 40394/50000 (80.79%)  Epoch time : 43.0525
[Test set] Average loss: 0.0031, Accuracy: 7875/10000 (78.75%)

Epoch [29]
[Train set] Loss: 0.5794, Accuracy: 40707/50000 (81.41%)  Epoch time : 43.0284
[Test set] Average loss: 0.0026, Accuracy: 8271/10000 (82.71%)
save by ./Result_GCP/Original/GoogLeNet/19_16_31/GoogLeNet_best.pt

Epoch [30]
[Train set] Loss: 0.4787, Accuracy: 41075/50000 (82.15%)  Epoch time : 43.0807
[Test set] Average loss: 0.0029, Accuracy: 8050/10000 (80.50%)

Epoch [31]
[Train set] Loss: 0.5065, Accuracy: 41283/50000 (82.57%)  Epoch time : 43.0577
[Test set] Average loss: 0.0026, Accuracy: 8266/10000 (82.66%)

Epoch [32]
[Train set] Loss: 0.5305, Accuracy: 41422/50000 (82.84%)  Epoch time : 43.0448
[Test set] Average loss: 0.0028, Accuracy: 8115/10000 (81.15%)

Epoch [33]
[Train set] Loss: 0.5962, Accuracy: 41861/50000 (83.72%)  Epoch time : 43.0582
[Test set] Average loss: 0.0028, Accuracy: 8110/10000 (81.10%)

Epoch [34]
[Train set] Loss: 0.5512, Accuracy: 41724/50000 (83.45%)  Epoch time : 43.1188
[Test set] Average loss: 0.0028, Accuracy: 8094/10000 (80.94%)

Epoch [35]
[Train set] Loss: 0.4485, Accuracy: 42068/50000 (84.14%)  Epoch time : 43.0633
[Test set] Average loss: 0.0024, Accuracy: 8425/10000 (84.25%)
save by ./Result_GCP/Original/GoogLeNet/19_16_31/GoogLeNet_best.pt

Epoch [36]
[Train set] Loss: 0.4848, Accuracy: 42276/50000 (84.55%)  Epoch time : 43.0927
[Test set] Average loss: 0.0026, Accuracy: 8217/10000 (82.17%)

Epoch [37]
[Train set] Loss: 0.5471, Accuracy: 42440/50000 (84.88%)  Epoch time : 43.0307
[Test set] Average loss: 0.0025, Accuracy: 8326/10000 (83.26%)

Epoch [38]
[Train set] Loss: 0.3796, Accuracy: 42490/50000 (84.98%)  Epoch time : 43.0962
[Test set] Average loss: 0.0028, Accuracy: 8139/10000 (81.39%)

Epoch [39]
[Train set] Loss: 0.4620, Accuracy: 42402/50000 (84.80%)  Epoch time : 43.0538
[Test set] Average loss: 0.0023, Accuracy: 8438/10000 (84.38%)
save by ./Result_GCP/Original/GoogLeNet/19_16_31/GoogLeNet_best.pt

Epoch [40]
[Train set] Loss: 0.3981, Accuracy: 42689/50000 (85.38%)  Epoch time : 43.0942
[Test set] Average loss: 0.0023, Accuracy: 8448/10000 (84.48%)
save by ./Result_GCP/Original/GoogLeNet/19_16_31/GoogLeNet_best.pt

Epoch [41]
[Train set] Loss: 0.3679, Accuracy: 42993/50000 (85.99%)  Epoch time : 43.0321
[Test set] Average loss: 0.0023, Accuracy: 8469/10000 (84.69%)
save by ./Result_GCP/Original/GoogLeNet/19_16_31/GoogLeNet_best.pt

Epoch [42]
[Train set] Loss: 0.3667, Accuracy: 42871/50000 (85.74%)  Epoch time : 43.0360
[Test set] Average loss: 0.0027, Accuracy: 8313/10000 (83.13%)

Epoch [43]
[Train set] Loss: 0.3947, Accuracy: 42811/50000 (85.62%)  Epoch time : 43.0583
[Test set] Average loss: 0.0022, Accuracy: 8580/10000 (85.80%)
save by ./Result_GCP/Original/GoogLeNet/19_16_31/GoogLeNet_best.pt

Epoch [44]
[Train set] Loss: 0.3892, Accuracy: 43177/50000 (86.35%)  Epoch time : 43.0562
[Test set] Average loss: 0.0023, Accuracy: 8495/10000 (84.95%)

Epoch [45]
[Train set] Loss: 0.3896, Accuracy: 43230/50000 (86.46%)  Epoch time : 43.0644
[Test set] Average loss: 0.0021, Accuracy: 8602/10000 (86.02%)
save by ./Result_GCP/Original/GoogLeNet/19_16_31/GoogLeNet_best.pt

Epoch [46]
[Train set] Loss: 0.3510, Accuracy: 43182/50000 (86.36%)  Epoch time : 43.0497
[Test set] Average loss: 0.0022, Accuracy: 8594/10000 (85.94%)

Epoch [47]
[Train set] Loss: 0.4825, Accuracy: 43562/50000 (87.12%)  Epoch time : 43.0646
[Test set] Average loss: 0.0027, Accuracy: 8254/10000 (82.54%)

Epoch [48]
[Train set] Loss: 0.2533, Accuracy: 43412/50000 (86.82%)  Epoch time : 43.0428
[Test set] Average loss: 0.0022, Accuracy: 8599/10000 (85.99%)

Epoch [49]
[Train set] Loss: 0.4134, Accuracy: 43360/50000 (86.72%)  Epoch time : 43.0563
[Test set] Average loss: 0.0023, Accuracy: 8447/10000 (84.47%)

Epoch [50]
[Train set] Loss: 0.2969, Accuracy: 43737/50000 (87.47%)  Epoch time : 43.0439
[Test set] Average loss: 0.0022, Accuracy: 8601/10000 (86.01%)

Epoch [51]
[Train set] Loss: 0.3295, Accuracy: 43620/50000 (87.24%)  Epoch time : 43.1526
[Test set] Average loss: 0.0023, Accuracy: 8436/10000 (84.36%)

Epoch [52]
[Train set] Loss: 0.4055, Accuracy: 43936/50000 (87.87%)  Epoch time : 43.0575
[Test set] Average loss: 0.0023, Accuracy: 8515/10000 (85.15%)

Epoch [53]
[Train set] Loss: 0.2738, Accuracy: 43785/50000 (87.57%)  Epoch time : 43.0222
[Test set] Average loss: 0.0021, Accuracy: 8629/10000 (86.29%)
save by ./Result_GCP/Original/GoogLeNet/19_16_31/GoogLeNet_best.pt

Epoch [54]
[Train set] Loss: 0.3678, Accuracy: 43927/50000 (87.85%)  Epoch time : 43.0807
[Test set] Average loss: 0.0021, Accuracy: 8658/10000 (86.58%)
save by ./Result_GCP/Original/GoogLeNet/19_16_31/GoogLeNet_best.pt

Epoch [55]
[Train set] Loss: 0.3601, Accuracy: 44109/50000 (88.22%)  Epoch time : 43.0281
[Test set] Average loss: 0.0029, Accuracy: 8231/10000 (82.31%)

Epoch [56]
[Train set] Loss: 0.3327, Accuracy: 43973/50000 (87.95%)  Epoch time : 43.0328
[Test set] Average loss: 0.0023, Accuracy: 8548/10000 (85.48%)

Epoch [57]
[Train set] Loss: 0.3966, Accuracy: 44046/50000 (88.09%)  Epoch time : 43.0632
[Test set] Average loss: 0.0022, Accuracy: 8528/10000 (85.28%)

Epoch [58]
[Train set] Loss: 0.3565, Accuracy: 44197/50000 (88.39%)  Epoch time : 43.0560
[Test set] Average loss: 0.0021, Accuracy: 8694/10000 (86.94%)
save by ./Result_GCP/Original/GoogLeNet/19_16_31/GoogLeNet_best.pt

Epoch [59]
[Train set] Loss: 0.2796, Accuracy: 44328/50000 (88.66%)  Epoch time : 43.0371
[Test set] Average loss: 0.0022, Accuracy: 8596/10000 (85.96%)

Epoch [60]
[Train set] Loss: 0.2914, Accuracy: 44332/50000 (88.66%)  Epoch time : 43.0770
[Test set] Average loss: 0.0022, Accuracy: 8606/10000 (86.06%)

Epoch [61]
[Train set] Loss: 0.2628, Accuracy: 44459/50000 (88.92%)  Epoch time : 43.0292
[Test set] Average loss: 0.0022, Accuracy: 8600/10000 (86.00%)

Epoch [62]
[Train set] Loss: 0.2939, Accuracy: 44403/50000 (88.81%)  Epoch time : 43.0630
[Test set] Average loss: 0.0019, Accuracy: 8738/10000 (87.38%)
save by ./Result_GCP/Original/GoogLeNet/19_16_31/GoogLeNet_best.pt

Epoch [63]
[Train set] Loss: 0.2433, Accuracy: 44515/50000 (89.03%)  Epoch time : 43.0573
[Test set] Average loss: 0.0022, Accuracy: 8518/10000 (85.18%)

Epoch [64]
[Train set] Loss: 0.2999, Accuracy: 44619/50000 (89.24%)  Epoch time : 43.0527
[Test set] Average loss: 0.0021, Accuracy: 8653/10000 (86.53%)

Epoch [65]
[Train set] Loss: 0.3273, Accuracy: 44603/50000 (89.21%)  Epoch time : 43.0737
[Test set] Average loss: 0.0020, Accuracy: 8678/10000 (86.78%)

Epoch [66]
[Train set] Loss: 0.2201, Accuracy: 44699/50000 (89.40%)  Epoch time : 43.0563
[Test set] Average loss: 0.0021, Accuracy: 8666/10000 (86.66%)

Epoch [67]
[Train set] Loss: 0.3844, Accuracy: 44582/50000 (89.16%)  Epoch time : 43.0680
[Test set] Average loss: 0.0020, Accuracy: 8609/10000 (86.09%)

Epoch [68]
[Train set] Loss: 0.4037, Accuracy: 44664/50000 (89.33%)  Epoch time : 43.0464
[Test set] Average loss: 0.0022, Accuracy: 8564/10000 (85.64%)

Epoch [69]
[Train set] Loss: 0.3132, Accuracy: 44730/50000 (89.46%)  Epoch time : 43.1384
[Test set] Average loss: 0.0024, Accuracy: 8480/10000 (84.80%)

Epoch [70]
[Train set] Loss: 0.3016, Accuracy: 44885/50000 (89.77%)  Epoch time : 43.0632
[Test set] Average loss: 0.0021, Accuracy: 8618/10000 (86.18%)

Epoch [71]
[Train set] Loss: 0.3349, Accuracy: 44785/50000 (89.57%)  Epoch time : 43.0597
[Test set] Average loss: 0.0019, Accuracy: 8768/10000 (87.68%)
save by ./Result_GCP/Original/GoogLeNet/19_16_31/GoogLeNet_best.pt

Epoch [72]
[Train set] Loss: 0.3359, Accuracy: 44835/50000 (89.67%)  Epoch time : 43.0955
[Test set] Average loss: 0.0020, Accuracy: 8696/10000 (86.96%)

Epoch [73]
[Train set] Loss: 0.1969, Accuracy: 44849/50000 (89.70%)  Epoch time : 43.0332
[Test set] Average loss: 0.0023, Accuracy: 8574/10000 (85.74%)

Epoch [74]
[Train set] Loss: 0.3472, Accuracy: 44733/50000 (89.47%)  Epoch time : 43.0686
[Test set] Average loss: 0.0022, Accuracy: 8552/10000 (85.52%)

Epoch [75]
[Train set] Loss: 0.2373, Accuracy: 44919/50000 (89.84%)  Epoch time : 43.0836
[Test set] Average loss: 0.0021, Accuracy: 8640/10000 (86.40%)

Epoch [76]
[Train set] Loss: 0.2919, Accuracy: 45040/50000 (90.08%)  Epoch time : 43.0524
[Test set] Average loss: 0.0019, Accuracy: 8799/10000 (87.99%)
save by ./Result_GCP/Original/GoogLeNet/19_16_31/GoogLeNet_best.pt

Epoch [77]
[Train set] Loss: 0.2216, Accuracy: 45315/50000 (90.63%)  Epoch time : 43.0808
[Test set] Average loss: 0.0025, Accuracy: 8525/10000 (85.25%)

Epoch [78]
[Train set] Loss: 0.4739, Accuracy: 44804/50000 (89.61%)  Epoch time : 43.0471
[Test set] Average loss: 0.0020, Accuracy: 8693/10000 (86.93%)

Epoch [79]
[Train set] Loss: 0.2514, Accuracy: 45105/50000 (90.21%)  Epoch time : 43.1083
[Test set] Average loss: 0.0020, Accuracy: 8712/10000 (87.12%)

Epoch [80]
[Train set] Loss: 0.2219, Accuracy: 45158/50000 (90.32%)  Epoch time : 43.0657
[Test set] Average loss: 0.0020, Accuracy: 8711/10000 (87.11%)

Epoch [81]
[Train set] Loss: 0.1663, Accuracy: 45107/50000 (90.21%)  Epoch time : 43.0625
[Test set] Average loss: 0.0020, Accuracy: 8741/10000 (87.41%)

Epoch [82]
[Train set] Loss: 0.2762, Accuracy: 45210/50000 (90.42%)  Epoch time : 43.0875
[Test set] Average loss: 0.0023, Accuracy: 8554/10000 (85.54%)

Epoch [83]
[Train set] Loss: 0.3075, Accuracy: 45205/50000 (90.41%)  Epoch time : 43.1070
[Test set] Average loss: 0.0018, Accuracy: 8751/10000 (87.51%)

Epoch [84]
[Train set] Loss: 0.3530, Accuracy: 45314/50000 (90.63%)  Epoch time : 43.0838
[Test set] Average loss: 0.0022, Accuracy: 8572/10000 (85.72%)

Epoch [85]
[Train set] Loss: 0.3627, Accuracy: 45234/50000 (90.47%)  Epoch time : 43.1096
[Test set] Average loss: 0.0025, Accuracy: 8451/10000 (84.51%)

Epoch [86]
[Train set] Loss: 0.3654, Accuracy: 45148/50000 (90.30%)  Epoch time : 43.0693
[Test set] Average loss: 0.0021, Accuracy: 8683/10000 (86.83%)

Epoch [87]
[Train set] Loss: 0.1660, Accuracy: 45389/50000 (90.78%)  Epoch time : 43.0610
[Test set] Average loss: 0.0021, Accuracy: 8742/10000 (87.42%)

Epoch [88]
[Train set] Loss: 0.3127, Accuracy: 45398/50000 (90.80%)  Epoch time : 43.0697
[Test set] Average loss: 0.0017, Accuracy: 8838/10000 (88.38%)
save by ./Result_GCP/Original/GoogLeNet/19_16_31/GoogLeNet_best.pt

Epoch [89]
[Train set] Loss: 0.2566, Accuracy: 45519/50000 (91.04%)  Epoch time : 43.1226
[Test set] Average loss: 0.0019, Accuracy: 8876/10000 (88.76%)
save by ./Result_GCP/Original/GoogLeNet/19_16_31/GoogLeNet_best.pt

Epoch [90]
[Train set] Loss: 0.2196, Accuracy: 45238/50000 (90.48%)  Epoch time : 43.0465
[Test set] Average loss: 0.0020, Accuracy: 8823/10000 (88.23%)

Epoch [91]
[Train set] Loss: 0.3061, Accuracy: 45271/50000 (90.54%)  Epoch time : 43.0983
[Test set] Average loss: 0.0020, Accuracy: 8725/10000 (87.25%)

Epoch [92]
[Train set] Loss: 0.2519, Accuracy: 45409/50000 (90.82%)  Epoch time : 43.0689
[Test set] Average loss: 0.0020, Accuracy: 8748/10000 (87.48%)

Epoch [93]
[Train set] Loss: 0.1807, Accuracy: 45616/50000 (91.23%)  Epoch time : 43.0531
[Test set] Average loss: 0.0020, Accuracy: 8829/10000 (88.29%)

Epoch [94]
[Train set] Loss: 0.2242, Accuracy: 45721/50000 (91.44%)  Epoch time : 43.0829
[Test set] Average loss: 0.0018, Accuracy: 8876/10000 (88.76%)

Epoch [95]
[Train set] Loss: 0.1906, Accuracy: 45477/50000 (90.95%)  Epoch time : 43.0666
[Test set] Average loss: 0.0022, Accuracy: 8657/10000 (86.57%)

Epoch [96]
[Train set] Loss: 0.2875, Accuracy: 45700/50000 (91.40%)  Epoch time : 43.0965
[Test set] Average loss: 0.0019, Accuracy: 8769/10000 (87.69%)

Epoch [97]
[Train set] Loss: 0.2076, Accuracy: 45347/50000 (90.69%)  Epoch time : 43.0696
[Test set] Average loss: 0.0025, Accuracy: 8530/10000 (85.30%)

Epoch [98]
[Train set] Loss: 0.2867, Accuracy: 45543/50000 (91.09%)  Epoch time : 43.0890
[Test set] Average loss: 0.0019, Accuracy: 8784/10000 (87.84%)

Epoch [99]
[Train set] Loss: 0.1718, Accuracy: 45627/50000 (91.25%)  Epoch time : 43.1167
[Test set] Average loss: 0.0023, Accuracy: 8566/10000 (85.66%)

Epoch [100]
[Train set] Loss: 0.3689, Accuracy: 45521/50000 (91.04%)  Epoch time : 43.1419
[Test set] Average loss: 0.0020, Accuracy: 8737/10000 (87.37%)
Time ellapsed in training is: 4568.275299549103
save dir : ./Result_GCP/Original/GoogLeNet/19_16_31


**************  start new model : GoogLeNet_w_bn ******************
Files already downloaded and verified
/opt/conda/lib/python3.7/site-packages/torch/storage.py:34: FutureWarning: pickle support for Storage will be removed in 1.5. Use `torch.save` instead
  warnings.warn("pickle support for Storage will be removed in 1.5. Use `torch.save` instead", FutureWarning)

Epoch [1]
[Train set] Loss: 1.4925, Accuracy: 18883/50000 (37.77%)  Epoch time : 48.4063
[Test set] Average loss: 0.0072, Accuracy: 4721/10000 (47.21%)
save by ./Result_GCP/Original/GoogLeNet_w_bn/19_17_47/GoogLeNet_w_bn_best.pt

Epoch [2]
[Train set] Loss: 1.0315, Accuracy: 27482/50000 (54.96%)  Epoch time : 48.3581
[Test set] Average loss: 0.0062, Accuracy: 5679/10000 (56.79%)
save by ./Result_GCP/Original/GoogLeNet_w_bn/19_17_47/GoogLeNet_w_bn_best.pt

Epoch [3]
[Train set] Loss: 0.9824, Accuracy: 33664/50000 (67.33%)  Epoch time : 48.3843
[Test set] Average loss: 0.0050, Accuracy: 6489/10000 (64.89%)
save by ./Result_GCP/Original/GoogLeNet_w_bn/19_17_47/GoogLeNet_w_bn_best.pt

Epoch [4]
[Train set] Loss: 0.6285, Accuracy: 37312/50000 (74.62%)  Epoch time : 48.4172
[Test set] Average loss: 0.0039, Accuracy: 7274/10000 (72.74%)
save by ./Result_GCP/Original/GoogLeNet_w_bn/19_17_47/GoogLeNet_w_bn_best.pt

Epoch [5]
[Train set] Loss: 0.6118, Accuracy: 39390/50000 (78.78%)  Epoch time : 48.4228
[Test set] Average loss: 0.0036, Accuracy: 7585/10000 (75.85%)
save by ./Result_GCP/Original/GoogLeNet_w_bn/19_17_47/GoogLeNet_w_bn_best.pt

Epoch [6]
[Train set] Loss: 0.4458, Accuracy: 40772/50000 (81.54%)  Epoch time : 48.4009
[Test set] Average loss: 0.0031, Accuracy: 7882/10000 (78.82%)
save by ./Result_GCP/Original/GoogLeNet_w_bn/19_17_47/GoogLeNet_w_bn_best.pt

Epoch [7]
[Train set] Loss: 0.4388, Accuracy: 41958/50000 (83.92%)  Epoch time : 48.3950
[Test set] Average loss: 0.0035, Accuracy: 7745/10000 (77.45%)

Epoch [8]
[Train set] Loss: 0.3964, Accuracy: 42549/50000 (85.10%)  Epoch time : 48.3500
[Test set] Average loss: 0.0039, Accuracy: 7676/10000 (76.76%)

Epoch [9]
[Train set] Loss: 0.4814, Accuracy: 43261/50000 (86.52%)  Epoch time : 48.3591
[Test set] Average loss: 0.0035, Accuracy: 7792/10000 (77.92%)

Epoch [10]
[Train set] Loss: 0.3316, Accuracy: 43849/50000 (87.70%)  Epoch time : 48.4322
[Test set] Average loss: 0.0034, Accuracy: 7909/10000 (79.09%)
save by ./Result_GCP/Original/GoogLeNet_w_bn/19_17_47/GoogLeNet_w_bn_best.pt

Epoch [11]
[Train set] Loss: 0.3453, Accuracy: 44193/50000 (88.39%)  Epoch time : 48.4110
[Test set] Average loss: 0.0035, Accuracy: 7831/10000 (78.31%)

Epoch [12]
[Train set] Loss: 0.3209, Accuracy: 44654/50000 (89.31%)  Epoch time : 48.3417
[Test set] Average loss: 0.0036, Accuracy: 7675/10000 (76.75%)

Epoch [13]
[Train set] Loss: 0.2964, Accuracy: 44802/50000 (89.60%)  Epoch time : 48.3392
[Test set] Average loss: 0.0026, Accuracy: 8272/10000 (82.72%)
save by ./Result_GCP/Original/GoogLeNet_w_bn/19_17_47/GoogLeNet_w_bn_best.pt

Epoch [14]
[Train set] Loss: 0.4180, Accuracy: 45118/50000 (90.24%)  Epoch time : 48.4152
[Test set] Average loss: 0.0031, Accuracy: 8099/10000 (80.99%)

Epoch [15]
[Train set] Loss: 0.2299, Accuracy: 45531/50000 (91.06%)  Epoch time : 48.3480
[Test set] Average loss: 0.0022, Accuracy: 8572/10000 (85.72%)
save by ./Result_GCP/Original/GoogLeNet_w_bn/19_17_47/GoogLeNet_w_bn_best.pt

Epoch [16]
[Train set] Loss: 0.2470, Accuracy: 45487/50000 (90.97%)  Epoch time : 48.3554
[Test set] Average loss: 0.0029, Accuracy: 8239/10000 (82.39%)

Epoch [17]
[Train set] Loss: 0.2430, Accuracy: 45861/50000 (91.72%)  Epoch time : 48.4374
[Test set] Average loss: 0.0028, Accuracy: 8139/10000 (81.39%)

Epoch [18]
[Train set] Loss: 0.2262, Accuracy: 45947/50000 (91.89%)  Epoch time : 48.3634
[Test set] Average loss: 0.0025, Accuracy: 8351/10000 (83.51%)

Epoch [19]
[Train set] Loss: 0.2526, Accuracy: 45990/50000 (91.98%)  Epoch time : 48.3835
[Test set] Average loss: 0.0021, Accuracy: 8629/10000 (86.29%)
save by ./Result_GCP/Original/GoogLeNet_w_bn/19_17_47/GoogLeNet_w_bn_best.pt

Epoch [20]
[Train set] Loss: 0.2339, Accuracy: 46109/50000 (92.22%)  Epoch time : 48.3638
[Test set] Average loss: 0.0022, Accuracy: 8585/10000 (85.85%)

Epoch [21]
[Train set] Loss: 0.2850, Accuracy: 46247/50000 (92.49%)  Epoch time : 48.4113
[Test set] Average loss: 0.0022, Accuracy: 8481/10000 (84.81%)

Epoch [22]
[Train set] Loss: 0.1559, Accuracy: 46310/50000 (92.62%)  Epoch time : 48.3741
[Test set] Average loss: 0.0023, Accuracy: 8569/10000 (85.69%)

Epoch [23]
[Train set] Loss: 0.1990, Accuracy: 46463/50000 (92.93%)  Epoch time : 48.4379
[Test set] Average loss: 0.0022, Accuracy: 8603/10000 (86.03%)

Epoch [24]
[Train set] Loss: 0.2590, Accuracy: 46548/50000 (93.10%)  Epoch time : 48.3644
[Test set] Average loss: 0.0028, Accuracy: 8275/10000 (82.75%)

Epoch [25]
[Train set] Loss: 0.1652, Accuracy: 46515/50000 (93.03%)  Epoch time : 48.3884
[Test set] Average loss: 0.0027, Accuracy: 8321/10000 (83.21%)

Epoch [26]
[Train set] Loss: 0.2277, Accuracy: 46494/50000 (92.99%)  Epoch time : 48.3662
[Test set] Average loss: 0.0021, Accuracy: 8643/10000 (86.43%)
save by ./Result_GCP/Original/GoogLeNet_w_bn/19_17_47/GoogLeNet_w_bn_best.pt

Epoch [27]
[Train set] Loss: 0.2530, Accuracy: 46576/50000 (93.15%)  Epoch time : 48.3697
[Test set] Average loss: 0.0021, Accuracy: 8645/10000 (86.45%)
save by ./Result_GCP/Original/GoogLeNet_w_bn/19_17_47/GoogLeNet_w_bn_best.pt

Epoch [28]
[Train set] Loss: 0.1536, Accuracy: 46742/50000 (93.48%)  Epoch time : 48.3809
[Test set] Average loss: 0.0027, Accuracy: 8405/10000 (84.05%)

Epoch [29]
[Train set] Loss: 0.2825, Accuracy: 46677/50000 (93.35%)  Epoch time : 48.3992
[Test set] Average loss: 0.0021, Accuracy: 8707/10000 (87.07%)
save by ./Result_GCP/Original/GoogLeNet_w_bn/19_17_47/GoogLeNet_w_bn_best.pt

Epoch [30]
[Train set] Loss: 0.1776, Accuracy: 46878/50000 (93.76%)  Epoch time : 48.4287
[Test set] Average loss: 0.0021, Accuracy: 8631/10000 (86.31%)

Epoch [31]
[Train set] Loss: 0.2005, Accuracy: 46642/50000 (93.28%)  Epoch time : 48.3434
[Test set] Average loss: 0.0024, Accuracy: 8527/10000 (85.27%)

Epoch [32]
[Train set] Loss: 0.1308, Accuracy: 46883/50000 (93.77%)  Epoch time : 48.3486
[Test set] Average loss: 0.0021, Accuracy: 8667/10000 (86.67%)

Epoch [33]
[Train set] Loss: 0.1391, Accuracy: 46906/50000 (93.81%)  Epoch time : 48.4073
[Test set] Average loss: 0.0031, Accuracy: 8139/10000 (81.39%)

Epoch [34]
[Train set] Loss: 0.1282, Accuracy: 46903/50000 (93.81%)  Epoch time : 48.3784
[Test set] Average loss: 0.0023, Accuracy: 8607/10000 (86.07%)

Epoch [35]
[Train set] Loss: 0.2075, Accuracy: 46961/50000 (93.92%)  Epoch time : 48.3537
[Test set] Average loss: 0.0022, Accuracy: 8604/10000 (86.04%)

Epoch [36]
[Train set] Loss: 0.1773, Accuracy: 46934/50000 (93.87%)  Epoch time : 48.4020
[Test set] Average loss: 0.0024, Accuracy: 8564/10000 (85.64%)

Epoch [37]
[Train set] Loss: 0.2050, Accuracy: 47003/50000 (94.01%)  Epoch time : 48.3552
[Test set] Average loss: 0.0032, Accuracy: 8050/10000 (80.50%)

Epoch [38]
[Train set] Loss: 0.1582, Accuracy: 47009/50000 (94.02%)  Epoch time : 48.3796
[Test set] Average loss: 0.0021, Accuracy: 8650/10000 (86.50%)

Epoch [39]
[Train set] Loss: 0.1836, Accuracy: 47074/50000 (94.15%)  Epoch time : 48.3641
[Test set] Average loss: 0.0019, Accuracy: 8733/10000 (87.33%)
save by ./Result_GCP/Original/GoogLeNet_w_bn/19_17_47/GoogLeNet_w_bn_best.pt

Epoch [40]
[Train set] Loss: 0.1551, Accuracy: 47039/50000 (94.08%)  Epoch time : 48.3852
[Test set] Average loss: 0.0026, Accuracy: 8496/10000 (84.96%)

Epoch [41]
[Train set] Loss: 0.2380, Accuracy: 47051/50000 (94.10%)  Epoch time : 48.4146
[Test set] Average loss: 0.0021, Accuracy: 8686/10000 (86.86%)

Epoch [42]
[Train set] Loss: 0.1629, Accuracy: 47064/50000 (94.13%)  Epoch time : 48.4762
[Test set] Average loss: 0.0035, Accuracy: 8036/10000 (80.36%)

Epoch [43]
[Train set] Loss: 0.1507, Accuracy: 47068/50000 (94.14%)  Epoch time : 48.3336
[Test set] Average loss: 0.0029, Accuracy: 8243/10000 (82.43%)

Epoch [44]
[Train set] Loss: 0.1400, Accuracy: 47359/50000 (94.72%)  Epoch time : 48.3986
[Test set] Average loss: 0.0024, Accuracy: 8492/10000 (84.92%)

Epoch [45]
[Train set] Loss: 0.0982, Accuracy: 47204/50000 (94.41%)  Epoch time : 48.4183
[Test set] Average loss: 0.0017, Accuracy: 8906/10000 (89.06%)
save by ./Result_GCP/Original/GoogLeNet_w_bn/19_17_47/GoogLeNet_w_bn_best.pt

Epoch [46]
[Train set] Loss: 0.1358, Accuracy: 47368/50000 (94.74%)  Epoch time : 48.3916
[Test set] Average loss: 0.0036, Accuracy: 8036/10000 (80.36%)

Epoch [47]
[Train set] Loss: 0.2440, Accuracy: 47195/50000 (94.39%)  Epoch time : 48.4079
[Test set] Average loss: 0.0033, Accuracy: 8088/10000 (80.88%)

Epoch [48]
[Train set] Loss: 0.2303, Accuracy: 47315/50000 (94.63%)  Epoch time : 48.4642
[Test set] Average loss: 0.0027, Accuracy: 8394/10000 (83.94%)

Epoch [49]
[Train set] Loss: 0.1543, Accuracy: 47394/50000 (94.79%)  Epoch time : 48.4097
[Test set] Average loss: 0.0026, Accuracy: 8453/10000 (84.53%)

Epoch [50]
[Train set] Loss: 0.1871, Accuracy: 47293/50000 (94.59%)  Epoch time : 48.3767
[Test set] Average loss: 0.0027, Accuracy: 8410/10000 (84.10%)

Epoch [51]
[Train set] Loss: 0.1605, Accuracy: 47531/50000 (95.06%)  Epoch time : 48.3685
[Test set] Average loss: 0.0023, Accuracy: 8605/10000 (86.05%)

Epoch [52]
[Train set] Loss: 0.1393, Accuracy: 47461/50000 (94.92%)  Epoch time : 48.3559
[Test set] Average loss: 0.0018, Accuracy: 8959/10000 (89.59%)
save by ./Result_GCP/Original/GoogLeNet_w_bn/19_17_47/GoogLeNet_w_bn_best.pt

Epoch [53]
[Train set] Loss: 0.1864, Accuracy: 47469/50000 (94.94%)  Epoch time : 48.3984
[Test set] Average loss: 0.0027, Accuracy: 8353/10000 (83.53%)

Epoch [54]
[Train set] Loss: 0.1500, Accuracy: 47394/50000 (94.79%)  Epoch time : 48.4007
[Test set] Average loss: 0.0027, Accuracy: 8360/10000 (83.60%)

Epoch [55]
[Train set] Loss: 0.1015, Accuracy: 47484/50000 (94.97%)  Epoch time : 48.3363
[Test set] Average loss: 0.0023, Accuracy: 8606/10000 (86.06%)

Epoch [56]
[Train set] Loss: 0.1563, Accuracy: 47504/50000 (95.01%)  Epoch time : 48.3857
[Test set] Average loss: 0.0020, Accuracy: 8800/10000 (88.00%)

Epoch [57]
[Train set] Loss: 0.1658, Accuracy: 47483/50000 (94.97%)  Epoch time : 48.3678
[Test set] Average loss: 0.0027, Accuracy: 8419/10000 (84.19%)

Epoch [58]
[Train set] Loss: 0.1462, Accuracy: 47411/50000 (94.82%)  Epoch time : 48.3556
[Test set] Average loss: 0.0020, Accuracy: 8753/10000 (87.53%)

Epoch [59]
[Train set] Loss: 0.1606, Accuracy: 47514/50000 (95.03%)  Epoch time : 48.3751
[Test set] Average loss: 0.0035, Accuracy: 8205/10000 (82.05%)

Epoch [60]
[Train set] Loss: 0.1186, Accuracy: 47491/50000 (94.98%)  Epoch time : 48.5292
[Test set] Average loss: 0.0034, Accuracy: 8137/10000 (81.37%)

Epoch [61]
[Train set] Loss: 0.2022, Accuracy: 47592/50000 (95.18%)  Epoch time : 48.4355
[Test set] Average loss: 0.0033, Accuracy: 8156/10000 (81.56%)

Epoch [62]
[Train set] Loss: 0.1682, Accuracy: 47524/50000 (95.05%)  Epoch time : 48.3490
[Test set] Average loss: 0.0020, Accuracy: 8773/10000 (87.73%)

Epoch [63]
[Train set] Loss: 0.1374, Accuracy: 47523/50000 (95.05%)  Epoch time : 48.3927
[Test set] Average loss: 0.0021, Accuracy: 8659/10000 (86.59%)

Epoch [64]
[Train set] Loss: 0.2035, Accuracy: 47493/50000 (94.99%)  Epoch time : 48.3762
[Test set] Average loss: 0.0023, Accuracy: 8612/10000 (86.12%)

Epoch [65]
[Train set] Loss: 0.2632, Accuracy: 47688/50000 (95.38%)  Epoch time : 48.3886
[Test set] Average loss: 0.0017, Accuracy: 8981/10000 (89.81%)
save by ./Result_GCP/Original/GoogLeNet_w_bn/19_17_47/GoogLeNet_w_bn_best.pt

Epoch [66]
[Train set] Loss: 0.1644, Accuracy: 47666/50000 (95.33%)  Epoch time : 48.4195
[Test set] Average loss: 0.0018, Accuracy: 8879/10000 (88.79%)

Epoch [67]
[Train set] Loss: 0.1683, Accuracy: 47478/50000 (94.96%)  Epoch time : 48.3579
[Test set] Average loss: 0.0022, Accuracy: 8598/10000 (85.98%)

Epoch [68]
[Train set] Loss: 0.2686, Accuracy: 47691/50000 (95.38%)  Epoch time : 48.3714
[Test set] Average loss: 0.0029, Accuracy: 8367/10000 (83.67%)

Epoch [69]
[Train set] Loss: 0.0924, Accuracy: 47598/50000 (95.20%)  Epoch time : 48.3972
[Test set] Average loss: 0.0021, Accuracy: 8746/10000 (87.46%)

Epoch [70]
[Train set] Loss: 0.1615, Accuracy: 47735/50000 (95.47%)  Epoch time : 48.3815
[Test set] Average loss: 0.0030, Accuracy: 8385/10000 (83.85%)

Epoch [71]
[Train set] Loss: 0.2337, Accuracy: 47725/50000 (95.45%)  Epoch time : 48.3675
[Test set] Average loss: 0.0023, Accuracy: 8604/10000 (86.04%)

Epoch [72]
[Train set] Loss: 0.1687, Accuracy: 47649/50000 (95.30%)  Epoch time : 48.3565
[Test set] Average loss: 0.0019, Accuracy: 8895/10000 (88.95%)

Epoch [73]
[Train set] Loss: 0.1369, Accuracy: 47744/50000 (95.49%)  Epoch time : 48.3587
[Test set] Average loss: 0.0017, Accuracy: 8930/10000 (89.30%)

Epoch [74]
[Train set] Loss: 0.1038, Accuracy: 47709/50000 (95.42%)  Epoch time : 48.3796
[Test set] Average loss: 0.0032, Accuracy: 8214/10000 (82.14%)

Epoch [75]
[Train set] Loss: 0.1552, Accuracy: 47631/50000 (95.26%)  Epoch time : 48.3513
[Test set] Average loss: 0.0023, Accuracy: 8669/10000 (86.69%)

Epoch [76]
[Train set] Loss: 0.1772, Accuracy: 47755/50000 (95.51%)  Epoch time : 48.3904
[Test set] Average loss: 0.0031, Accuracy: 8302/10000 (83.02%)

Epoch [77]
[Train set] Loss: 0.1759, Accuracy: 47767/50000 (95.53%)  Epoch time : 48.3828
[Test set] Average loss: 0.0024, Accuracy: 8638/10000 (86.38%)

Epoch [78]
[Train set] Loss: 0.1180, Accuracy: 47616/50000 (95.23%)  Epoch time : 48.4143
[Test set] Average loss: 0.0021, Accuracy: 8749/10000 (87.49%)

Epoch [79]
[Train set] Loss: 0.1649, Accuracy: 47865/50000 (95.73%)  Epoch time : 48.3652
[Test set] Average loss: 0.0024, Accuracy: 8574/10000 (85.74%)

Epoch [80]
[Train set] Loss: 0.1427, Accuracy: 47784/50000 (95.57%)  Epoch time : 48.3769
[Test set] Average loss: 0.0024, Accuracy: 8590/10000 (85.90%)

Epoch [81]
[Train set] Loss: 0.0734, Accuracy: 47731/50000 (95.46%)  Epoch time : 48.3725
[Test set] Average loss: 0.0021, Accuracy: 8704/10000 (87.04%)

Epoch [82]
[Train set] Loss: 0.0872, Accuracy: 47721/50000 (95.44%)  Epoch time : 48.3890
[Test set] Average loss: 0.0032, Accuracy: 8255/10000 (82.55%)

Epoch [83]
[Train set] Loss: 0.1056, Accuracy: 47755/50000 (95.51%)  Epoch time : 48.3641
[Test set] Average loss: 0.0027, Accuracy: 8544/10000 (85.44%)

Epoch [84]
[Train set] Loss: 0.1667, Accuracy: 47720/50000 (95.44%)  Epoch time : 48.3724
[Test set] Average loss: 0.0017, Accuracy: 8912/10000 (89.12%)

Epoch [85]
[Train set] Loss: 0.1576, Accuracy: 47810/50000 (95.62%)  Epoch time : 48.4268
[Test set] Average loss: 0.0026, Accuracy: 8551/10000 (85.51%)

Epoch [86]
[Train set] Loss: 0.1532, Accuracy: 47865/50000 (95.73%)  Epoch time : 48.3969
[Test set] Average loss: 0.0028, Accuracy: 8466/10000 (84.66%)

Epoch [87]
[Train set] Loss: 0.1990, Accuracy: 47759/50000 (95.52%)  Epoch time : 48.3375
[Test set] Average loss: 0.0023, Accuracy: 8667/10000 (86.67%)

Epoch [88]
[Train set] Loss: 0.1642, Accuracy: 47775/50000 (95.55%)  Epoch time : 48.3564
[Test set] Average loss: 0.0022, Accuracy: 8702/10000 (87.02%)

Epoch [89]
[Train set] Loss: 0.1089, Accuracy: 47875/50000 (95.75%)  Epoch time : 48.3591
[Test set] Average loss: 0.0024, Accuracy: 8574/10000 (85.74%)

Epoch [90]
[Train set] Loss: 0.1615, Accuracy: 47774/50000 (95.55%)  Epoch time : 48.4198
[Test set] Average loss: 0.0022, Accuracy: 8709/10000 (87.09%)

Epoch [91]
[Train set] Loss: 0.1507, Accuracy: 47813/50000 (95.63%)  Epoch time : 48.3499
[Test set] Average loss: 0.0018, Accuracy: 8911/10000 (89.11%)

Epoch [92]
[Train set] Loss: 0.1468, Accuracy: 47904/50000 (95.81%)  Epoch time : 48.3669
[Test set] Average loss: 0.0024, Accuracy: 8664/10000 (86.64%)

Epoch [93]
[Train set] Loss: 0.1291, Accuracy: 47735/50000 (95.47%)  Epoch time : 48.3600
[Test set] Average loss: 0.0025, Accuracy: 8595/10000 (85.95%)

Epoch [94]
[Train set] Loss: 0.1227, Accuracy: 47756/50000 (95.51%)  Epoch time : 48.3745
[Test set] Average loss: 0.0020, Accuracy: 8797/10000 (87.97%)

Epoch [95]
[Train set] Loss: 0.1193, Accuracy: 47866/50000 (95.73%)  Epoch time : 48.3945
[Test set] Average loss: 0.0017, Accuracy: 8951/10000 (89.51%)

Epoch [96]
[Train set] Loss: 0.1232, Accuracy: 47728/50000 (95.46%)  Epoch time : 48.4128
[Test set] Average loss: 0.0021, Accuracy: 8782/10000 (87.82%)

Epoch [97]
[Train set] Loss: 0.1323, Accuracy: 47963/50000 (95.93%)  Epoch time : 48.3720
[Test set] Average loss: 0.0022, Accuracy: 8723/10000 (87.23%)

Epoch [98]
[Train set] Loss: 0.1779, Accuracy: 47958/50000 (95.92%)  Epoch time : 48.3778
[Test set] Average loss: 0.0023, Accuracy: 8679/10000 (86.79%)

Epoch [99]
[Train set] Loss: 0.1306, Accuracy: 47930/50000 (95.86%)  Epoch time : 48.3775
[Test set] Average loss: 0.0026, Accuracy: 8555/10000 (85.55%)

Epoch [100]
[Train set] Loss: 0.1249, Accuracy: 47942/50000 (95.88%)  Epoch time : 48.3591
[Test set] Average loss: 0.0022, Accuracy: 8760/10000 (87.60%)
Time ellapsed in training is: 5118.505589008331
save dir : ./Result_GCP/Original/GoogLeNet_w_bn/19_17_47


**************  start new model : ResNet18 ******************
Files already downloaded and verified

Epoch [1]
[Train set] Loss: 1.1799, Accuracy: 21457/50000 (42.91%)  Epoch time : 17.2899
[Test set] Average loss: 0.0153, Accuracy: 2539/10000 (25.39%)
save by ./Result_GCP/Original/ResNet18/19_19_13/ResNet18_best.pt
Traceback (most recent call last):
  File "main.py", line 82, in <module>
    utils.train(hyper_param_dict, model, device)
  File "/home/tjrgh/Project/ML_albert_no/utils/train.py", line 87, in train
    correct += pred.eq(labels.view_as(pred)).sum().item()
KeyboardInterrupt
