nohup: ignoring input


**************  start new model : VGG13 ******************
Files already downloaded and verified
SGD (
Parameter Group 0
    dampening: 0
    lr: 0.05
    momentum: 0.9
    nesterov: False
    weight_decay: 0.0005
)
-1
False

Epoch [1]
[Train set] Loss: 2.3072, Accuracy: 6025/50000 (12.05%)  Epoch time : 8.6594    LR : 0.0495
[Test set] Average loss: 0.0092, Accuracy: 1000/10000 (10.00%)
save by ./Result_v3/CosWarmUp/VGG13/20_13_13/VGG13_best.pt

Epoch [2]
[Train set] Loss: 2.1913, Accuracy: 7372/50000 (14.74%)  Epoch time : 7.4922    LR : 0.0488
[Test set] Average loss: 0.0084, Accuracy: 2091/10000 (20.91%)
save by ./Result_v3/CosWarmUp/VGG13/20_13_13/VGG13_best.pt

Epoch [3]
[Train set] Loss: 2.0049, Accuracy: 11699/50000 (23.40%)  Epoch time : 7.5542    LR : 0.0478
[Test set] Average loss: 0.0079, Accuracy: 2712/10000 (27.12%)
save by ./Result_v3/CosWarmUp/VGG13/20_13_13/VGG13_best.pt

Epoch [4]
[Train set] Loss: 1.6647, Accuracy: 15095/50000 (30.19%)  Epoch time : 7.5300    LR : 0.0467
[Test set] Average loss: 0.0065, Accuracy: 3885/10000 (38.85%)
save by ./Result_v3/CosWarmUp/VGG13/20_13_13/VGG13_best.pt

Epoch [5]
[Train set] Loss: 1.7204, Accuracy: 20000/50000 (40.00%)  Epoch time : 7.5060    LR : 0.0452
[Test set] Average loss: 0.0061, Accuracy: 4471/10000 (44.71%)
save by ./Result_v3/CosWarmUp/VGG13/20_13_13/VGG13_best.pt

Epoch [6]
[Train set] Loss: 1.2973, Accuracy: 23240/50000 (46.48%)  Epoch time : 7.4945    LR : 0.0436
[Test set] Average loss: 0.0068, Accuracy: 4317/10000 (43.17%)

Epoch [7]
[Train set] Loss: 1.2289, Accuracy: 25884/50000 (51.77%)  Epoch time : 7.5213    LR : 0.0417
[Test set] Average loss: 0.0051, Accuracy: 5568/10000 (55.68%)
save by ./Result_v3/CosWarmUp/VGG13/20_13_13/VGG13_best.pt

Epoch [8]
[Train set] Loss: 1.0510, Accuracy: 28583/50000 (57.17%)  Epoch time : 7.5249    LR : 0.0397
[Test set] Average loss: 0.0047, Accuracy: 5963/10000 (59.63%)
save by ./Result_v3/CosWarmUp/VGG13/20_13_13/VGG13_best.pt

Epoch [9]
[Train set] Loss: 0.9768, Accuracy: 30954/50000 (61.91%)  Epoch time : 7.5154    LR : 0.0375
[Test set] Average loss: 0.0039, Accuracy: 6565/10000 (65.65%)
save by ./Result_v3/CosWarmUp/VGG13/20_13_13/VGG13_best.pt

Epoch [10]
[Train set] Loss: 1.0934, Accuracy: 33330/50000 (66.66%)  Epoch time : 7.6020    LR : 0.0352
[Test set] Average loss: 0.0036, Accuracy: 6855/10000 (68.55%)
save by ./Result_v3/CosWarmUp/VGG13/20_13_13/VGG13_best.pt

Epoch [11]
[Train set] Loss: 0.8654, Accuracy: 34944/50000 (69.89%)  Epoch time : 7.5149    LR : 0.0327
[Test set] Average loss: 0.0032, Accuracy: 7238/10000 (72.38%)
save by ./Result_v3/CosWarmUp/VGG13/20_13_13/VGG13_best.pt

Epoch [12]
[Train set] Loss: 0.4960, Accuracy: 36427/50000 (72.85%)  Epoch time : 7.4968    LR : 0.0302
[Test set] Average loss: 0.0029, Accuracy: 7504/10000 (75.04%)
save by ./Result_v3/CosWarmUp/VGG13/20_13_13/VGG13_best.pt

Epoch [13]
[Train set] Loss: 0.6585, Accuracy: 37919/50000 (75.84%)  Epoch time : 7.5257    LR : 0.0276
[Test set] Average loss: 0.0028, Accuracy: 7701/10000 (77.01%)
save by ./Result_v3/CosWarmUp/VGG13/20_13_13/VGG13_best.pt

Epoch [14]
[Train set] Loss: 0.5079, Accuracy: 38556/50000 (77.11%)  Epoch time : 7.5483    LR : 0.0250
[Test set] Average loss: 0.0027, Accuracy: 7704/10000 (77.04%)
save by ./Result_v3/CosWarmUp/VGG13/20_13_13/VGG13_best.pt

Epoch [15]
[Train set] Loss: 0.7821, Accuracy: 39583/50000 (79.17%)  Epoch time : 7.5041    LR : 0.0224
[Test set] Average loss: 0.0026, Accuracy: 7849/10000 (78.49%)
save by ./Result_v3/CosWarmUp/VGG13/20_13_13/VGG13_best.pt

Epoch [16]
[Train set] Loss: 0.5197, Accuracy: 40206/50000 (80.41%)  Epoch time : 7.5076    LR : 0.0198
[Test set] Average loss: 0.0023, Accuracy: 8005/10000 (80.05%)
save by ./Result_v3/CosWarmUp/VGG13/20_13_13/VGG13_best.pt

Epoch [17]
[Train set] Loss: 0.5101, Accuracy: 41056/50000 (82.11%)  Epoch time : 7.5229    LR : 0.0173
[Test set] Average loss: 0.0023, Accuracy: 8097/10000 (80.97%)
save by ./Result_v3/CosWarmUp/VGG13/20_13_13/VGG13_best.pt

Epoch [18]
[Train set] Loss: 0.2947, Accuracy: 41597/50000 (83.19%)  Epoch time : 7.5085    LR : 0.0148
[Test set] Average loss: 0.0021, Accuracy: 8237/10000 (82.37%)
save by ./Result_v3/CosWarmUp/VGG13/20_13_13/VGG13_best.pt

Epoch [19]
[Train set] Loss: 0.2475, Accuracy: 42346/50000 (84.69%)  Epoch time : 7.5174    LR : 0.0125
[Test set] Average loss: 0.0021, Accuracy: 8261/10000 (82.61%)
save by ./Result_v3/CosWarmUp/VGG13/20_13_13/VGG13_best.pt

Epoch [20]
[Train set] Loss: 0.3564, Accuracy: 42801/50000 (85.60%)  Epoch time : 7.5084    LR : 0.0103
[Test set] Average loss: 0.0020, Accuracy: 8348/10000 (83.48%)
save by ./Result_v3/CosWarmUp/VGG13/20_13_13/VGG13_best.pt

Epoch [21]
[Train set] Loss: 0.3351, Accuracy: 43309/50000 (86.62%)  Epoch time : 7.5402    LR : 0.0083
[Test set] Average loss: 0.0019, Accuracy: 8379/10000 (83.79%)
save by ./Result_v3/CosWarmUp/VGG13/20_13_13/VGG13_best.pt

Epoch [22]
[Train set] Loss: 0.3743, Accuracy: 43805/50000 (87.61%)  Epoch time : 7.5451    LR : 0.0064
[Test set] Average loss: 0.0019, Accuracy: 8447/10000 (84.47%)
save by ./Result_v3/CosWarmUp/VGG13/20_13_13/VGG13_best.pt

Epoch [23]
[Train set] Loss: 0.4830, Accuracy: 44193/50000 (88.39%)  Epoch time : 7.5048    LR : 0.0048
[Test set] Average loss: 0.0018, Accuracy: 8488/10000 (84.88%)
save by ./Result_v3/CosWarmUp/VGG13/20_13_13/VGG13_best.pt

Epoch [24]
[Train set] Loss: 0.3354, Accuracy: 44617/50000 (89.23%)  Epoch time : 7.5251    LR : 0.0034
[Test set] Average loss: 0.0018, Accuracy: 8496/10000 (84.96%)
save by ./Result_v3/CosWarmUp/VGG13/20_13_13/VGG13_best.pt

Epoch [25]
[Train set] Loss: 0.3667, Accuracy: 45001/50000 (90.00%)  Epoch time : 7.5112    LR : 0.0022
[Test set] Average loss: 0.0018, Accuracy: 8526/10000 (85.26%)
save by ./Result_v3/CosWarmUp/VGG13/20_13_13/VGG13_best.pt

Epoch [26]
[Train set] Loss: 0.2956, Accuracy: 45329/50000 (90.66%)  Epoch time : 7.5197    LR : 0.0012
[Test set] Average loss: 0.0018, Accuracy: 8582/10000 (85.82%)
save by ./Result_v3/CosWarmUp/VGG13/20_13_13/VGG13_best.pt

Epoch [27]
[Train set] Loss: 0.1977, Accuracy: 45599/50000 (91.20%)  Epoch time : 7.5164    LR : 0.0005
[Test set] Average loss: 0.0018, Accuracy: 8569/10000 (85.69%)

Epoch [28]
[Train set] Loss: 0.1569, Accuracy: 45690/50000 (91.38%)  Epoch time : 7.4857    LR : 0.0001
[Test set] Average loss: 0.0017, Accuracy: 8585/10000 (85.85%)
save by ./Result_v3/CosWarmUp/VGG13/20_13_13/VGG13_best.pt

Epoch [29]
[Train set] Loss: 0.2861, Accuracy: 45802/50000 (91.60%)  Epoch time : 7.5225    LR : 0.0000
[Test set] Average loss: 0.0018, Accuracy: 8593/10000 (85.93%)
save by ./Result_v3/CosWarmUp/VGG13/20_13_13/VGG13_best.pt

Epoch [30]
[Train set] Loss: 0.2363, Accuracy: 45838/50000 (91.68%)  Epoch time : 7.5179    LR : 0.0249
[Test set] Average loss: 0.0017, Accuracy: 8602/10000 (86.02%)
save by ./Result_v3/CosWarmUp/VGG13/20_13_13/VGG13_best.pt

Epoch [31]
[Train set] Loss: 0.4312, Accuracy: 42187/50000 (84.37%)  Epoch time : 7.5396    LR : 0.0247
[Test set] Average loss: 0.0021, Accuracy: 8249/10000 (82.49%)

Epoch [32]
[Train set] Loss: 0.4366, Accuracy: 42541/50000 (85.08%)  Epoch time : 7.5027    LR : 0.0244
[Test set] Average loss: 0.0021, Accuracy: 8318/10000 (83.18%)

Epoch [33]
[Train set] Loss: 0.6078, Accuracy: 43003/50000 (86.01%)  Epoch time : 7.4807    LR : 0.0239
[Test set] Average loss: 0.0021, Accuracy: 8208/10000 (82.08%)

Epoch [34]
[Train set] Loss: 0.3393, Accuracy: 43197/50000 (86.39%)  Epoch time : 7.5001    LR : 0.0233
[Test set] Average loss: 0.0019, Accuracy: 8451/10000 (84.51%)

Epoch [35]
[Train set] Loss: 0.3986, Accuracy: 43628/50000 (87.26%)  Epoch time : 7.5034    LR : 0.0226
[Test set] Average loss: 0.0019, Accuracy: 8345/10000 (83.45%)

Epoch [36]
[Train set] Loss: 0.2802, Accuracy: 43944/50000 (87.89%)  Epoch time : 7.5523    LR : 0.0218
[Test set] Average loss: 0.0019, Accuracy: 8429/10000 (84.29%)

Epoch [37]
[Train set] Loss: 0.4168, Accuracy: 44249/50000 (88.50%)  Epoch time : 7.5272    LR : 0.0209
[Test set] Average loss: 0.0018, Accuracy: 8523/10000 (85.23%)

Epoch [38]
[Train set] Loss: 0.3107, Accuracy: 44512/50000 (89.02%)  Epoch time : 7.6055    LR : 0.0199
[Test set] Average loss: 0.0018, Accuracy: 8556/10000 (85.56%)

Epoch [39]
[Train set] Loss: 0.2496, Accuracy: 44697/50000 (89.39%)  Epoch time : 7.4769    LR : 0.0188
[Test set] Average loss: 0.0019, Accuracy: 8469/10000 (84.69%)

Epoch [40]
[Train set] Loss: 0.3063, Accuracy: 45085/50000 (90.17%)  Epoch time : 7.4943    LR : 0.0176
[Test set] Average loss: 0.0018, Accuracy: 8558/10000 (85.58%)

Epoch [41]
[Train set] Loss: 0.3044, Accuracy: 45396/50000 (90.79%)  Epoch time : 7.5076    LR : 0.0164
[Test set] Average loss: 0.0018, Accuracy: 8608/10000 (86.08%)
save by ./Result_v3/CosWarmUp/VGG13/20_13_13/VGG13_best.pt

Epoch [42]
[Train set] Loss: 0.2726, Accuracy: 45676/50000 (91.35%)  Epoch time : 7.5109    LR : 0.0151
[Test set] Average loss: 0.0019, Accuracy: 8511/10000 (85.11%)

Epoch [43]
[Train set] Loss: 0.1671, Accuracy: 46048/50000 (92.10%)  Epoch time : 7.4958    LR : 0.0138
[Test set] Average loss: 0.0017, Accuracy: 8638/10000 (86.38%)
save by ./Result_v3/CosWarmUp/VGG13/20_13_13/VGG13_best.pt

Epoch [44]
[Train set] Loss: 0.1665, Accuracy: 46357/50000 (92.71%)  Epoch time : 7.4932    LR : 0.0125
[Test set] Average loss: 0.0018, Accuracy: 8642/10000 (86.42%)
save by ./Result_v3/CosWarmUp/VGG13/20_13_13/VGG13_best.pt

Epoch [45]
[Train set] Loss: 0.2227, Accuracy: 46515/50000 (93.03%)  Epoch time : 7.5295    LR : 0.0112
[Test set] Average loss: 0.0018, Accuracy: 8678/10000 (86.78%)
save by ./Result_v3/CosWarmUp/VGG13/20_13_13/VGG13_best.pt

Epoch [46]
[Train set] Loss: 0.1027, Accuracy: 46872/50000 (93.74%)  Epoch time : 7.5273    LR : 0.0099
[Test set] Average loss: 0.0017, Accuracy: 8682/10000 (86.82%)
save by ./Result_v3/CosWarmUp/VGG13/20_13_13/VGG13_best.pt

Epoch [47]
[Train set] Loss: 0.3007, Accuracy: 47138/50000 (94.28%)  Epoch time : 7.4670    LR : 0.0086
[Test set] Average loss: 0.0016, Accuracy: 8754/10000 (87.54%)
save by ./Result_v3/CosWarmUp/VGG13/20_13_13/VGG13_best.pt

Epoch [48]
[Train set] Loss: 0.2070, Accuracy: 47312/50000 (94.62%)  Epoch time : 7.5114    LR : 0.0074
[Test set] Average loss: 0.0017, Accuracy: 8750/10000 (87.50%)

Epoch [49]
[Train set] Loss: 0.0365, Accuracy: 47645/50000 (95.29%)  Epoch time : 7.4776    LR : 0.0063
[Test set] Average loss: 0.0016, Accuracy: 8797/10000 (87.97%)
save by ./Result_v3/CosWarmUp/VGG13/20_13_13/VGG13_best.pt

Epoch [50]
[Train set] Loss: 0.2152, Accuracy: 47995/50000 (95.99%)  Epoch time : 7.5172    LR : 0.0052
[Test set] Average loss: 0.0017, Accuracy: 8828/10000 (88.28%)
save by ./Result_v3/CosWarmUp/VGG13/20_13_13/VGG13_best.pt

Epoch [51]
[Train set] Loss: 0.0720, Accuracy: 48056/50000 (96.11%)  Epoch time : 7.4933    LR : 0.0041
[Test set] Average loss: 0.0017, Accuracy: 8792/10000 (87.92%)

Epoch [52]
[Train set] Loss: 0.0772, Accuracy: 48347/50000 (96.69%)  Epoch time : 7.4952    LR : 0.0032
[Test set] Average loss: 0.0017, Accuracy: 8811/10000 (88.11%)

Epoch [53]
[Train set] Loss: 0.0189, Accuracy: 48610/50000 (97.22%)  Epoch time : 7.4778    LR : 0.0024
[Test set] Average loss: 0.0018, Accuracy: 8821/10000 (88.21%)

Epoch [54]
[Train set] Loss: 0.0271, Accuracy: 48750/50000 (97.50%)  Epoch time : 7.4805    LR : 0.0017
[Test set] Average loss: 0.0017, Accuracy: 8864/10000 (88.64%)
save by ./Result_v3/CosWarmUp/VGG13/20_13_13/VGG13_best.pt

Epoch [55]
[Train set] Loss: 0.0968, Accuracy: 48829/50000 (97.66%)  Epoch time : 7.4986    LR : 0.0011
[Test set] Average loss: 0.0018, Accuracy: 8862/10000 (88.62%)

Epoch [56]
[Train set] Loss: 0.0736, Accuracy: 48948/50000 (97.90%)  Epoch time : 7.4721    LR : 0.0006
[Test set] Average loss: 0.0018, Accuracy: 8872/10000 (88.72%)
save by ./Result_v3/CosWarmUp/VGG13/20_13_13/VGG13_best.pt

Epoch [57]
[Train set] Loss: 0.0629, Accuracy: 49005/50000 (98.01%)  Epoch time : 7.5188    LR : 0.0003
[Test set] Average loss: 0.0018, Accuracy: 8877/10000 (88.77%)
save by ./Result_v3/CosWarmUp/VGG13/20_13_13/VGG13_best.pt

Epoch [58]
[Train set] Loss: 0.0401, Accuracy: 49078/50000 (98.16%)  Epoch time : 7.4921    LR : 0.0001
[Test set] Average loss: 0.0018, Accuracy: 8874/10000 (88.74%)

Epoch [59]
[Train set] Loss: 0.0555, Accuracy: 49097/50000 (98.19%)  Epoch time : 7.5141    LR : 0.0000
[Test set] Average loss: 0.0018, Accuracy: 8872/10000 (88.72%)

Epoch [60]
[Train set] Loss: 0.0372, Accuracy: 49118/50000 (98.24%)  Epoch time : 7.5116    LR : 0.0125
[Test set] Average loss: 0.0018, Accuracy: 8875/10000 (88.75%)

Epoch [61]
[Train set] Loss: 0.2479, Accuracy: 47255/50000 (94.51%)  Epoch time : 7.5052    LR : 0.0124
[Test set] Average loss: 0.0018, Accuracy: 8694/10000 (86.94%)

Epoch [62]
[Train set] Loss: 0.1288, Accuracy: 47099/50000 (94.20%)  Epoch time : 7.5164    LR : 0.0122
[Test set] Average loss: 0.0018, Accuracy: 8694/10000 (86.94%)

Epoch [63]
[Train set] Loss: 0.1762, Accuracy: 47286/50000 (94.57%)  Epoch time : 7.5137    LR : 0.0120
[Test set] Average loss: 0.0019, Accuracy: 8663/10000 (86.63%)

Epoch [64]
[Train set] Loss: 0.1167, Accuracy: 47382/50000 (94.76%)  Epoch time : 7.5081    LR : 0.0117
[Test set] Average loss: 0.0020, Accuracy: 8592/10000 (85.92%)

Epoch [65]
[Train set] Loss: 0.0714, Accuracy: 47402/50000 (94.80%)  Epoch time : 7.5043    LR : 0.0113
[Test set] Average loss: 0.0018, Accuracy: 8746/10000 (87.46%)

Epoch [66]
[Train set] Loss: 0.1235, Accuracy: 47760/50000 (95.52%)  Epoch time : 7.4817    LR : 0.0109
[Test set] Average loss: 0.0019, Accuracy: 8634/10000 (86.34%)

Epoch [67]
[Train set] Loss: 0.1089, Accuracy: 47743/50000 (95.49%)  Epoch time : 7.4831    LR : 0.0104
[Test set] Average loss: 0.0019, Accuracy: 8682/10000 (86.82%)

Epoch [68]
[Train set] Loss: 0.1681, Accuracy: 47897/50000 (95.79%)  Epoch time : 7.4753    LR : 0.0099
[Test set] Average loss: 0.0018, Accuracy: 8768/10000 (87.68%)

Epoch [69]
[Train set] Loss: 0.0880, Accuracy: 47987/50000 (95.97%)  Epoch time : 7.5240    LR : 0.0094
[Test set] Average loss: 0.0018, Accuracy: 8784/10000 (87.84%)

Epoch [70]
[Train set] Loss: 0.1215, Accuracy: 48182/50000 (96.36%)  Epoch time : 7.4821    LR : 0.0088
[Test set] Average loss: 0.0018, Accuracy: 8783/10000 (87.83%)

Epoch [71]
[Train set] Loss: 0.1783, Accuracy: 48267/50000 (96.53%)  Epoch time : 7.4803    LR : 0.0082
[Test set] Average loss: 0.0019, Accuracy: 8756/10000 (87.56%)

Epoch [72]
[Train set] Loss: 0.2156, Accuracy: 48533/50000 (97.07%)  Epoch time : 7.5241    LR : 0.0076
[Test set] Average loss: 0.0019, Accuracy: 8785/10000 (87.85%)

Epoch [73]
[Train set] Loss: 0.0716, Accuracy: 48583/50000 (97.17%)  Epoch time : 7.5052    LR : 0.0069
[Test set] Average loss: 0.0020, Accuracy: 8741/10000 (87.41%)

Epoch [74]
[Train set] Loss: 0.1190, Accuracy: 48775/50000 (97.55%)  Epoch time : 7.5635    LR : 0.0063
[Test set] Average loss: 0.0019, Accuracy: 8809/10000 (88.09%)

Epoch [75]
[Train set] Loss: 0.1670, Accuracy: 48842/50000 (97.68%)  Epoch time : 7.5545    LR : 0.0056
[Test set] Average loss: 0.0019, Accuracy: 8820/10000 (88.20%)

Epoch [76]
[Train set] Loss: 0.1351, Accuracy: 49030/50000 (98.06%)  Epoch time : 7.5001    LR : 0.0050
[Test set] Average loss: 0.0020, Accuracy: 8843/10000 (88.43%)

Epoch [77]
[Train set] Loss: 0.0058, Accuracy: 49129/50000 (98.26%)  Epoch time : 7.5043    LR : 0.0043
[Test set] Average loss: 0.0019, Accuracy: 8836/10000 (88.36%)

Epoch [78]
[Train set] Loss: 0.1082, Accuracy: 49292/50000 (98.58%)  Epoch time : 7.5050    LR : 0.0037
[Test set] Average loss: 0.0020, Accuracy: 8874/10000 (88.74%)

Epoch [79]
[Train set] Loss: 0.0462, Accuracy: 49378/50000 (98.76%)  Epoch time : 7.5157    LR : 0.0031
[Test set] Average loss: 0.0020, Accuracy: 8876/10000 (88.76%)

Epoch [80]
[Train set] Loss: 0.0282, Accuracy: 49457/50000 (98.91%)  Epoch time : 7.4875    LR : 0.0026
[Test set] Average loss: 0.0020, Accuracy: 8891/10000 (88.91%)
save by ./Result_v3/CosWarmUp/VGG13/20_13_13/VGG13_best.pt

Epoch [81]
[Train set] Loss: 0.0241, Accuracy: 49487/50000 (98.97%)  Epoch time : 7.5556    LR : 0.0021
[Test set] Average loss: 0.0020, Accuracy: 8878/10000 (88.78%)

Epoch [82]
[Train set] Loss: 0.0280, Accuracy: 49591/50000 (99.18%)  Epoch time : 7.5135    LR : 0.0016
[Test set] Average loss: 0.0020, Accuracy: 8911/10000 (89.11%)
save by ./Result_v3/CosWarmUp/VGG13/20_13_13/VGG13_best.pt

Epoch [83]
[Train set] Loss: 0.0421, Accuracy: 49624/50000 (99.25%)  Epoch time : 7.5085    LR : 0.0012
[Test set] Average loss: 0.0020, Accuracy: 8886/10000 (88.86%)

Epoch [84]
[Train set] Loss: 0.0053, Accuracy: 49673/50000 (99.35%)  Epoch time : 7.4992    LR : 0.0008
[Test set] Average loss: 0.0020, Accuracy: 8932/10000 (89.32%)
save by ./Result_v3/CosWarmUp/VGG13/20_13_13/VGG13_best.pt

Epoch [85]
[Train set] Loss: 0.0142, Accuracy: 49706/50000 (99.41%)  Epoch time : 7.5095    LR : 0.0005
[Test set] Average loss: 0.0020, Accuracy: 8917/10000 (89.17%)

Epoch [86]
[Train set] Loss: 0.0057, Accuracy: 49760/50000 (99.52%)  Epoch time : 7.5344    LR : 0.0003
[Test set] Average loss: 0.0021, Accuracy: 8921/10000 (89.21%)

Epoch [87]
[Train set] Loss: 0.0513, Accuracy: 49745/50000 (99.49%)  Epoch time : 7.4952    LR : 0.0001
[Test set] Average loss: 0.0021, Accuracy: 8950/10000 (89.50%)
save by ./Result_v3/CosWarmUp/VGG13/20_13_13/VGG13_best.pt

Epoch [88]
[Train set] Loss: 0.0475, Accuracy: 49749/50000 (99.50%)  Epoch time : 7.5146    LR : 0.0000
[Test set] Average loss: 0.0021, Accuracy: 8935/10000 (89.35%)

Epoch [89]
[Train set] Loss: 0.0100, Accuracy: 49766/50000 (99.53%)  Epoch time : 7.4915    LR : 0.0000
[Test set] Average loss: 0.0021, Accuracy: 8941/10000 (89.41%)

Epoch [90]
[Train set] Loss: 0.0157, Accuracy: 49760/50000 (99.52%)  Epoch time : 7.5144    LR : 0.0062
[Test set] Average loss: 0.0021, Accuracy: 8940/10000 (89.40%)

Epoch [91]
[Train set] Loss: 0.0375, Accuracy: 49285/50000 (98.57%)  Epoch time : 7.4845    LR : 0.0062
[Test set] Average loss: 0.0022, Accuracy: 8823/10000 (88.23%)

Epoch [92]
[Train set] Loss: 0.0435, Accuracy: 49162/50000 (98.32%)  Epoch time : 7.5050    LR : 0.0061
[Test set] Average loss: 0.0020, Accuracy: 8850/10000 (88.50%)

Epoch [93]
[Train set] Loss: 0.0772, Accuracy: 49223/50000 (98.45%)  Epoch time : 7.5327    LR : 0.0060
[Test set] Average loss: 0.0020, Accuracy: 8825/10000 (88.25%)

Epoch [94]
[Train set] Loss: 0.0330, Accuracy: 49179/50000 (98.36%)  Epoch time : 7.5123    LR : 0.0058
[Test set] Average loss: 0.0020, Accuracy: 8871/10000 (88.71%)

Epoch [95]
[Train set] Loss: 0.0197, Accuracy: 49294/50000 (98.59%)  Epoch time : 7.4919    LR : 0.0057
[Test set] Average loss: 0.0020, Accuracy: 8865/10000 (88.65%)

Epoch [96]
[Train set] Loss: 0.0440, Accuracy: 49271/50000 (98.54%)  Epoch time : 7.5118    LR : 0.0054
[Test set] Average loss: 0.0020, Accuracy: 8848/10000 (88.48%)

Epoch [97]
[Train set] Loss: 0.0286, Accuracy: 49248/50000 (98.50%)  Epoch time : 7.5055    LR : 0.0052
[Test set] Average loss: 0.0021, Accuracy: 8833/10000 (88.33%)

Epoch [98]
[Train set] Loss: 0.0339, Accuracy: 49338/50000 (98.68%)  Epoch time : 7.4849    LR : 0.0050
[Test set] Average loss: 0.0022, Accuracy: 8820/10000 (88.20%)

Epoch [99]
[Train set] Loss: 0.0659, Accuracy: 49346/50000 (98.69%)  Epoch time : 7.4903    LR : 0.0047
[Test set] Average loss: 0.0020, Accuracy: 8839/10000 (88.39%)

Epoch [100]
[Train set] Loss: 0.0272, Accuracy: 49417/50000 (98.83%)  Epoch time : 7.4801    LR : 0.0044
[Test set] Average loss: 0.0021, Accuracy: 8853/10000 (88.53%)

Epoch [101]
[Train set] Loss: 0.0328, Accuracy: 49510/50000 (99.02%)  Epoch time : 7.5274    LR : 0.0041
[Test set] Average loss: 0.0021, Accuracy: 8860/10000 (88.60%)

Epoch [102]
[Train set] Loss: 0.0357, Accuracy: 49542/50000 (99.08%)  Epoch time : 7.4755    LR : 0.0038
[Test set] Average loss: 0.0021, Accuracy: 8862/10000 (88.62%)

Epoch [103]
[Train set] Loss: 0.0060, Accuracy: 49547/50000 (99.09%)  Epoch time : 7.4898    LR : 0.0035
[Test set] Average loss: 0.0020, Accuracy: 8906/10000 (89.06%)

Epoch [104]
[Train set] Loss: 0.0119, Accuracy: 49614/50000 (99.23%)  Epoch time : 7.4698    LR : 0.0031
[Test set] Average loss: 0.0021, Accuracy: 8823/10000 (88.23%)

Epoch [105]
[Train set] Loss: 0.0043, Accuracy: 49650/50000 (99.30%)  Epoch time : 7.4860    LR : 0.0028
[Test set] Average loss: 0.0021, Accuracy: 8889/10000 (88.89%)

Epoch [106]
[Train set] Loss: 0.0518, Accuracy: 49692/50000 (99.38%)  Epoch time : 7.4923    LR : 0.0025
[Test set] Average loss: 0.0021, Accuracy: 8890/10000 (88.90%)

Epoch [107]
[Train set] Loss: 0.0054, Accuracy: 49751/50000 (99.50%)  Epoch time : 7.4862    LR : 0.0022
[Test set] Average loss: 0.0021, Accuracy: 8881/10000 (88.81%)

Epoch [108]
[Train set] Loss: 0.0146, Accuracy: 49779/50000 (99.56%)  Epoch time : 7.4766    LR : 0.0019
[Test set] Average loss: 0.0021, Accuracy: 8923/10000 (89.23%)

Epoch [109]
[Train set] Loss: 0.0087, Accuracy: 49807/50000 (99.61%)  Epoch time : 7.4659    LR : 0.0016
[Test set] Average loss: 0.0022, Accuracy: 8929/10000 (89.29%)

Epoch [110]
[Train set] Loss: 0.0139, Accuracy: 49829/50000 (99.66%)  Epoch time : 7.4829    LR : 0.0013
[Test set] Average loss: 0.0022, Accuracy: 8911/10000 (89.11%)

Epoch [111]
[Train set] Loss: 0.0077, Accuracy: 49845/50000 (99.69%)  Epoch time : 7.5516    LR : 0.0010
[Test set] Average loss: 0.0021, Accuracy: 8914/10000 (89.14%)

Epoch [112]
[Train set] Loss: 0.0133, Accuracy: 49841/50000 (99.68%)  Epoch time : 7.5770    LR : 0.0008
[Test set] Average loss: 0.0022, Accuracy: 8929/10000 (89.29%)

Epoch [113]
[Train set] Loss: 0.0035, Accuracy: 49860/50000 (99.72%)  Epoch time : 7.4983    LR : 0.0006
[Test set] Average loss: 0.0022, Accuracy: 8925/10000 (89.25%)

Epoch [114]
[Train set] Loss: 0.0037, Accuracy: 49876/50000 (99.75%)  Epoch time : 7.5044    LR : 0.0004
[Test set] Average loss: 0.0022, Accuracy: 8923/10000 (89.23%)

Epoch [115]
[Train set] Loss: 0.0025, Accuracy: 49879/50000 (99.76%)  Epoch time : 7.4613    LR : 0.0003
[Test set] Average loss: 0.0022, Accuracy: 8930/10000 (89.30%)

Epoch [116]
[Train set] Loss: 0.0017, Accuracy: 49889/50000 (99.78%)  Epoch time : 7.4749    LR : 0.0002
[Test set] Average loss: 0.0022, Accuracy: 8930/10000 (89.30%)

Epoch [117]
[Train set] Loss: 0.0022, Accuracy: 49871/50000 (99.74%)  Epoch time : 7.4782    LR : 0.0001
[Test set] Average loss: 0.0022, Accuracy: 8930/10000 (89.30%)

Epoch [118]
[Train set] Loss: 0.0040, Accuracy: 49899/50000 (99.80%)  Epoch time : 7.4500    LR : 0.0000
[Test set] Average loss: 0.0022, Accuracy: 8936/10000 (89.36%)

Epoch [119]
[Train set] Loss: 0.0119, Accuracy: 49905/50000 (99.81%)  Epoch time : 7.5085    LR : 0.0000
[Test set] Average loss: 0.0022, Accuracy: 8940/10000 (89.40%)

Epoch [120]
[Train set] Loss: 0.0021, Accuracy: 49891/50000 (99.78%)  Epoch time : 7.4988    LR : 0.0031
[Test set] Average loss: 0.0022, Accuracy: 8941/10000 (89.41%)

Epoch [121]
[Train set] Loss: 0.0007, Accuracy: 49799/50000 (99.60%)  Epoch time : 7.4927    LR : 0.0031
[Test set] Average loss: 0.0022, Accuracy: 8921/10000 (89.21%)

Epoch [122]
[Train set] Loss: 0.0158, Accuracy: 49741/50000 (99.48%)  Epoch time : 7.4828    LR : 0.0030
[Test set] Average loss: 0.0021, Accuracy: 8884/10000 (88.84%)

Epoch [123]
[Train set] Loss: 0.0043, Accuracy: 49739/50000 (99.48%)  Epoch time : 7.5001    LR : 0.0030
[Test set] Average loss: 0.0022, Accuracy: 8892/10000 (88.92%)

Epoch [124]
[Train set] Loss: 0.0051, Accuracy: 49772/50000 (99.54%)  Epoch time : 7.4679    LR : 0.0029
[Test set] Average loss: 0.0022, Accuracy: 8845/10000 (88.45%)

Epoch [125]
[Train set] Loss: 0.0070, Accuracy: 49766/50000 (99.53%)  Epoch time : 7.4909    LR : 0.0028
[Test set] Average loss: 0.0022, Accuracy: 8898/10000 (88.98%)

Epoch [126]
[Train set] Loss: 0.0046, Accuracy: 49762/50000 (99.52%)  Epoch time : 7.4766    LR : 0.0027
[Test set] Average loss: 0.0022, Accuracy: 8902/10000 (89.02%)

Epoch [127]
[Train set] Loss: 0.0059, Accuracy: 49795/50000 (99.59%)  Epoch time : 7.4711    LR : 0.0026
[Test set] Average loss: 0.0022, Accuracy: 8928/10000 (89.28%)

Epoch [128]
[Train set] Loss: 0.0054, Accuracy: 49808/50000 (99.62%)  Epoch time : 7.4914    LR : 0.0025
[Test set] Average loss: 0.0022, Accuracy: 8923/10000 (89.23%)

Epoch [129]
[Train set] Loss: 0.0068, Accuracy: 49819/50000 (99.64%)  Epoch time : 7.4799    LR : 0.0023
[Test set] Average loss: 0.0022, Accuracy: 8911/10000 (89.11%)

Epoch [130]
[Train set] Loss: 0.0027, Accuracy: 49840/50000 (99.68%)  Epoch time : 7.4676    LR : 0.0022
[Test set] Average loss: 0.0023, Accuracy: 8923/10000 (89.23%)

Epoch [131]
[Train set] Loss: 0.0502, Accuracy: 49833/50000 (99.67%)  Epoch time : 7.4844    LR : 0.0020
[Test set] Average loss: 0.0022, Accuracy: 8920/10000 (89.20%)

Epoch [132]
[Train set] Loss: 0.0501, Accuracy: 49833/50000 (99.67%)  Epoch time : 7.4554    LR : 0.0019
[Test set] Average loss: 0.0022, Accuracy: 8929/10000 (89.29%)

Epoch [133]
[Train set] Loss: 0.0068, Accuracy: 49858/50000 (99.72%)  Epoch time : 7.4939    LR : 0.0017
[Test set] Average loss: 0.0022, Accuracy: 8916/10000 (89.16%)

Epoch [134]
[Train set] Loss: 0.0772, Accuracy: 49839/50000 (99.68%)  Epoch time : 7.4812    LR : 0.0016
[Test set] Average loss: 0.0022, Accuracy: 8934/10000 (89.34%)

Epoch [135]
[Train set] Loss: 0.0024, Accuracy: 49875/50000 (99.75%)  Epoch time : 7.4730    LR : 0.0014
[Test set] Average loss: 0.0022, Accuracy: 8927/10000 (89.27%)

Epoch [136]
[Train set] Loss: 0.0022, Accuracy: 49879/50000 (99.76%)  Epoch time : 7.4716    LR : 0.0012
[Test set] Average loss: 0.0023, Accuracy: 8930/10000 (89.30%)

Epoch [137]
[Train set] Loss: 0.0109, Accuracy: 49915/50000 (99.83%)  Epoch time : 7.4891    LR : 0.0011
[Test set] Average loss: 0.0023, Accuracy: 8949/10000 (89.49%)

Epoch [138]
[Train set] Loss: 0.0082, Accuracy: 49899/50000 (99.80%)  Epoch time : 7.4875    LR : 0.0009
[Test set] Average loss: 0.0022, Accuracy: 8943/10000 (89.43%)

Epoch [139]
[Train set] Loss: 0.0019, Accuracy: 49908/50000 (99.82%)  Epoch time : 7.4699    LR : 0.0008
[Test set] Average loss: 0.0022, Accuracy: 8942/10000 (89.42%)

Epoch [140]
[Train set] Loss: 0.0029, Accuracy: 49923/50000 (99.85%)  Epoch time : 7.4545    LR : 0.0006
[Test set] Average loss: 0.0023, Accuracy: 8948/10000 (89.48%)

Epoch [141]
[Train set] Loss: 0.0034, Accuracy: 49917/50000 (99.83%)  Epoch time : 7.4620    LR : 0.0005
[Test set] Average loss: 0.0022, Accuracy: 8949/10000 (89.49%)

Epoch [142]
[Train set] Loss: 0.0050, Accuracy: 49920/50000 (99.84%)  Epoch time : 7.4864    LR : 0.0004
[Test set] Average loss: 0.0022, Accuracy: 8956/10000 (89.56%)
save by ./Result_v3/CosWarmUp/VGG13/20_13_13/VGG13_best.pt

Epoch [143]
[Train set] Loss: 0.0547, Accuracy: 49932/50000 (99.86%)  Epoch time : 7.4876    LR : 0.0003
[Test set] Average loss: 0.0022, Accuracy: 8953/10000 (89.53%)

Epoch [144]
[Train set] Loss: 0.0037, Accuracy: 49925/50000 (99.85%)  Epoch time : 7.4655    LR : 0.0002
[Test set] Average loss: 0.0022, Accuracy: 8957/10000 (89.57%)
save by ./Result_v3/CosWarmUp/VGG13/20_13_13/VGG13_best.pt

Epoch [145]
[Train set] Loss: 0.0050, Accuracy: 49938/50000 (99.88%)  Epoch time : 7.4868    LR : 0.0001
[Test set] Average loss: 0.0022, Accuracy: 8963/10000 (89.63%)
save by ./Result_v3/CosWarmUp/VGG13/20_13_13/VGG13_best.pt

Epoch [146]
[Train set] Loss: 0.0013, Accuracy: 49923/50000 (99.85%)  Epoch time : 7.5109    LR : 0.0001
[Test set] Average loss: 0.0022, Accuracy: 8952/10000 (89.52%)

Epoch [147]
[Train set] Loss: 0.0006, Accuracy: 49950/50000 (99.90%)  Epoch time : 7.5169    LR : 0.0000
[Test set] Average loss: 0.0022, Accuracy: 8964/10000 (89.64%)
save by ./Result_v3/CosWarmUp/VGG13/20_13_13/VGG13_best.pt

Epoch [148]
[Train set] Loss: 0.0024, Accuracy: 49939/50000 (99.88%)  Epoch time : 7.5244    LR : 0.0000
[Test set] Average loss: 0.0022, Accuracy: 8957/10000 (89.57%)

Epoch [149]
[Train set] Loss: 0.0061, Accuracy: 49915/50000 (99.83%)  Epoch time : 7.5847    LR : 0.0000
[Test set] Average loss: 0.0022, Accuracy: 8958/10000 (89.58%)

Epoch [150]
[Train set] Loss: 0.0048, Accuracy: 49934/50000 (99.87%)  Epoch time : 7.4802    LR : 0.0016
[Test set] Average loss: 0.0022, Accuracy: 8957/10000 (89.57%)
Time ellapsed in training is: 1280.9061465263367
save dir : ./Result_v3/CosWarmUp/VGG13/20_13_13


**************  start new model : VGG13 ******************
Files already downloaded and verified
SGD (
Parameter Group 0
    dampening: 0
    lr: 0.05
    momentum: 0.9
    nesterov: False
    weight_decay: 0.0005
)
-1
False
/opt/conda/lib/python3.7/site-packages/torch/storage.py:34: FutureWarning: pickle support for Storage will be removed in 1.5. Use `torch.save` instead
  warnings.warn("pickle support for Storage will be removed in 1.5. Use `torch.save` instead", FutureWarning)

Epoch [1]
[Train set] Loss: 2.2226, Accuracy: 6775/50000 (13.55%)  Epoch time : 7.5206    LR : 0.0495
[Test set] Average loss: 0.0084, Accuracy: 1993/10000 (19.93%)
save by ./Result_v3/CosWarmUp/VGG13/20_13_34/VGG13_best.pt

Epoch [2]
[Train set] Loss: 1.8236, Accuracy: 11817/50000 (23.63%)  Epoch time : 7.4751    LR : 0.0488
[Test set] Average loss: 0.0071, Accuracy: 3396/10000 (33.96%)
save by ./Result_v3/CosWarmUp/VGG13/20_13_34/VGG13_best.pt

Epoch [3]
[Train set] Loss: 1.7146, Accuracy: 17351/50000 (34.70%)  Epoch time : 7.6060    LR : 0.0478
[Test set] Average loss: 0.0064, Accuracy: 4084/10000 (40.84%)
save by ./Result_v3/CosWarmUp/VGG13/20_13_34/VGG13_best.pt

Epoch [4]
[Train set] Loss: 1.5133, Accuracy: 20283/50000 (40.57%)  Epoch time : 7.4869    LR : 0.0467
[Test set] Average loss: 0.0057, Accuracy: 4703/10000 (47.03%)
save by ./Result_v3/CosWarmUp/VGG13/20_13_34/VGG13_best.pt

Epoch [5]
[Train set] Loss: 1.3584, Accuracy: 23947/50000 (47.89%)  Epoch time : 7.5176    LR : 0.0452
[Test set] Average loss: 0.0058, Accuracy: 4811/10000 (48.11%)
save by ./Result_v3/CosWarmUp/VGG13/20_13_34/VGG13_best.pt

Epoch [6]
[Train set] Loss: 1.2096, Accuracy: 27330/50000 (54.66%)  Epoch time : 7.4808    LR : 0.0436
[Test set] Average loss: 0.0046, Accuracy: 5789/10000 (57.89%)
save by ./Result_v3/CosWarmUp/VGG13/20_13_34/VGG13_best.pt

Epoch [7]
[Train set] Loss: 1.1287, Accuracy: 30662/50000 (61.32%)  Epoch time : 7.4814    LR : 0.0417
[Test set] Average loss: 0.0042, Accuracy: 6268/10000 (62.68%)
save by ./Result_v3/CosWarmUp/VGG13/20_13_34/VGG13_best.pt

Epoch [8]
[Train set] Loss: 0.9632, Accuracy: 32824/50000 (65.65%)  Epoch time : 7.4471    LR : 0.0397
[Test set] Average loss: 0.0035, Accuracy: 6953/10000 (69.53%)
save by ./Result_v3/CosWarmUp/VGG13/20_13_34/VGG13_best.pt

Epoch [9]
[Train set] Loss: 0.8722, Accuracy: 34820/50000 (69.64%)  Epoch time : 7.4825    LR : 0.0375
[Test set] Average loss: 0.0033, Accuracy: 7172/10000 (71.72%)
save by ./Result_v3/CosWarmUp/VGG13/20_13_34/VGG13_best.pt

Epoch [10]
[Train set] Loss: 0.6015, Accuracy: 36453/50000 (72.91%)  Epoch time : 7.4982    LR : 0.0352
[Test set] Average loss: 0.0031, Accuracy: 7391/10000 (73.91%)
save by ./Result_v3/CosWarmUp/VGG13/20_13_34/VGG13_best.pt

Epoch [11]
[Train set] Loss: 0.5665, Accuracy: 37737/50000 (75.47%)  Epoch time : 7.4862    LR : 0.0327
[Test set] Average loss: 0.0026, Accuracy: 7772/10000 (77.72%)
save by ./Result_v3/CosWarmUp/VGG13/20_13_34/VGG13_best.pt

Epoch [12]
[Train set] Loss: 0.4515, Accuracy: 39033/50000 (78.07%)  Epoch time : 7.4832    LR : 0.0302
[Test set] Average loss: 0.0025, Accuracy: 7858/10000 (78.58%)
save by ./Result_v3/CosWarmUp/VGG13/20_13_34/VGG13_best.pt

Epoch [13]
[Train set] Loss: 0.6177, Accuracy: 40031/50000 (80.06%)  Epoch time : 7.5021    LR : 0.0276
[Test set] Average loss: 0.0025, Accuracy: 7895/10000 (78.95%)
save by ./Result_v3/CosWarmUp/VGG13/20_13_34/VGG13_best.pt

Epoch [14]
[Train set] Loss: 0.5784, Accuracy: 40752/50000 (81.50%)  Epoch time : 7.4978    LR : 0.0250
[Test set] Average loss: 0.0024, Accuracy: 8018/10000 (80.18%)
save by ./Result_v3/CosWarmUp/VGG13/20_13_34/VGG13_best.pt

Epoch [15]
[Train set] Loss: 0.5206, Accuracy: 41392/50000 (82.78%)  Epoch time : 7.5210    LR : 0.0224
[Test set] Average loss: 0.0021, Accuracy: 8208/10000 (82.08%)
save by ./Result_v3/CosWarmUp/VGG13/20_13_34/VGG13_best.pt

Epoch [16]
[Train set] Loss: 0.4707, Accuracy: 42082/50000 (84.16%)  Epoch time : 7.4941    LR : 0.0198
[Test set] Average loss: 0.0020, Accuracy: 8274/10000 (82.74%)
save by ./Result_v3/CosWarmUp/VGG13/20_13_34/VGG13_best.pt

Epoch [17]
[Train set] Loss: 0.5216, Accuracy: 42666/50000 (85.33%)  Epoch time : 7.4753    LR : 0.0173
[Test set] Average loss: 0.0022, Accuracy: 8199/10000 (81.99%)

Epoch [18]
[Train set] Loss: 0.4829, Accuracy: 43254/50000 (86.51%)  Epoch time : 7.4833    LR : 0.0148
[Test set] Average loss: 0.0020, Accuracy: 8335/10000 (83.35%)
save by ./Result_v3/CosWarmUp/VGG13/20_13_34/VGG13_best.pt

Epoch [19]
[Train set] Loss: 0.2694, Accuracy: 43879/50000 (87.76%)  Epoch time : 7.5139    LR : 0.0125
[Test set] Average loss: 0.0019, Accuracy: 8385/10000 (83.85%)
save by ./Result_v3/CosWarmUp/VGG13/20_13_34/VGG13_best.pt

Epoch [20]
[Train set] Loss: 0.2605, Accuracy: 44354/50000 (88.71%)  Epoch time : 7.5075    LR : 0.0103
[Test set] Average loss: 0.0018, Accuracy: 8551/10000 (85.51%)
save by ./Result_v3/CosWarmUp/VGG13/20_13_34/VGG13_best.pt

Epoch [21]
[Train set] Loss: 0.3535, Accuracy: 44673/50000 (89.35%)  Epoch time : 7.4849    LR : 0.0083
[Test set] Average loss: 0.0017, Accuracy: 8612/10000 (86.12%)
save by ./Result_v3/CosWarmUp/VGG13/20_13_34/VGG13_best.pt

Epoch [22]
[Train set] Loss: 0.4802, Accuracy: 45220/50000 (90.44%)  Epoch time : 7.4906    LR : 0.0064
[Test set] Average loss: 0.0017, Accuracy: 8622/10000 (86.22%)
save by ./Result_v3/CosWarmUp/VGG13/20_13_34/VGG13_best.pt

Epoch [23]
[Train set] Loss: 0.2429, Accuracy: 45663/50000 (91.33%)  Epoch time : 7.4915    LR : 0.0048
[Test set] Average loss: 0.0016, Accuracy: 8687/10000 (86.87%)
save by ./Result_v3/CosWarmUp/VGG13/20_13_34/VGG13_best.pt

Epoch [24]
[Train set] Loss: 0.2701, Accuracy: 46063/50000 (92.13%)  Epoch time : 7.4748    LR : 0.0034
[Test set] Average loss: 0.0017, Accuracy: 8632/10000 (86.32%)

Epoch [25]
[Train set] Loss: 0.1152, Accuracy: 46396/50000 (92.79%)  Epoch time : 7.4877    LR : 0.0022
[Test set] Average loss: 0.0016, Accuracy: 8699/10000 (86.99%)
save by ./Result_v3/CosWarmUp/VGG13/20_13_34/VGG13_best.pt

Epoch [26]
[Train set] Loss: 0.3160, Accuracy: 46733/50000 (93.47%)  Epoch time : 7.5015    LR : 0.0012
[Test set] Average loss: 0.0016, Accuracy: 8712/10000 (87.12%)
save by ./Result_v3/CosWarmUp/VGG13/20_13_34/VGG13_best.pt

Epoch [27]
[Train set] Loss: 0.2131, Accuracy: 46856/50000 (93.71%)  Epoch time : 7.4602    LR : 0.0005
[Test set] Average loss: 0.0016, Accuracy: 8716/10000 (87.16%)
save by ./Result_v3/CosWarmUp/VGG13/20_13_34/VGG13_best.pt

Epoch [28]
[Train set] Loss: 0.1621, Accuracy: 47111/50000 (94.22%)  Epoch time : 7.4903    LR : 0.0001
[Test set] Average loss: 0.0016, Accuracy: 8738/10000 (87.38%)
save by ./Result_v3/CosWarmUp/VGG13/20_13_34/VGG13_best.pt

Epoch [29]
[Train set] Loss: 0.1122, Accuracy: 47232/50000 (94.46%)  Epoch time : 7.4844    LR : 0.0000
[Test set] Average loss: 0.0016, Accuracy: 8755/10000 (87.55%)
save by ./Result_v3/CosWarmUp/VGG13/20_13_34/VGG13_best.pt

Epoch [30]
[Train set] Loss: 0.1384, Accuracy: 47230/50000 (94.46%)  Epoch time : 7.5039    LR : 0.0299
[Test set] Average loss: 0.0016, Accuracy: 8754/10000 (87.54%)

Epoch [31]
[Train set] Loss: 0.4679, Accuracy: 42748/50000 (85.50%)  Epoch time : 7.5017    LR : 0.0297
[Test set] Average loss: 0.0020, Accuracy: 8370/10000 (83.70%)

Epoch [32]
[Train set] Loss: 0.6522, Accuracy: 43393/50000 (86.79%)  Epoch time : 7.4723    LR : 0.0293
[Test set] Average loss: 0.0021, Accuracy: 8247/10000 (82.47%)

Epoch [33]
[Train set] Loss: 0.3832, Accuracy: 43663/50000 (87.33%)  Epoch time : 7.4958    LR : 0.0287
[Test set] Average loss: 0.0020, Accuracy: 8395/10000 (83.95%)

Epoch [34]
[Train set] Loss: 0.3130, Accuracy: 44015/50000 (88.03%)  Epoch time : 7.5317    LR : 0.0280
[Test set] Average loss: 0.0018, Accuracy: 8554/10000 (85.54%)

Epoch [35]
[Train set] Loss: 0.3892, Accuracy: 44330/50000 (88.66%)  Epoch time : 7.4740    LR : 0.0271
[Test set] Average loss: 0.0018, Accuracy: 8555/10000 (85.55%)

Epoch [36]
[Train set] Loss: 0.3783, Accuracy: 44722/50000 (89.44%)  Epoch time : 7.4800    LR : 0.0262
[Test set] Average loss: 0.0018, Accuracy: 8530/10000 (85.30%)

Epoch [37]
[Train set] Loss: 0.5015, Accuracy: 45093/50000 (90.19%)  Epoch time : 7.4755    LR : 0.0250
[Test set] Average loss: 0.0017, Accuracy: 8601/10000 (86.01%)

Epoch [38]
[Train set] Loss: 0.2677, Accuracy: 45176/50000 (90.35%)  Epoch time : 7.4281    LR : 0.0238
[Test set] Average loss: 0.0020, Accuracy: 8471/10000 (84.71%)

Epoch [39]
[Train set] Loss: 0.2863, Accuracy: 45443/50000 (90.89%)  Epoch time : 7.5134    LR : 0.0225
[Test set] Average loss: 0.0017, Accuracy: 8646/10000 (86.46%)

Epoch [40]
[Train set] Loss: 0.2745, Accuracy: 45650/50000 (91.30%)  Epoch time : 7.4769    LR : 0.0211
[Test set] Average loss: 0.0016, Accuracy: 8769/10000 (87.69%)
save by ./Result_v3/CosWarmUp/VGG13/20_13_34/VGG13_best.pt

Epoch [41]
[Train set] Loss: 0.2592, Accuracy: 45982/50000 (91.96%)  Epoch time : 7.5012    LR : 0.0196
[Test set] Average loss: 0.0017, Accuracy: 8645/10000 (86.45%)

Epoch [42]
[Train set] Loss: 0.2017, Accuracy: 46332/50000 (92.66%)  Epoch time : 7.5134    LR : 0.0181
[Test set] Average loss: 0.0016, Accuracy: 8710/10000 (87.10%)

Epoch [43]
[Train set] Loss: 0.0364, Accuracy: 46710/50000 (93.42%)  Epoch time : 7.4775    LR : 0.0166
[Test set] Average loss: 0.0016, Accuracy: 8727/10000 (87.27%)

Epoch [44]
[Train set] Loss: 0.1461, Accuracy: 46905/50000 (93.81%)  Epoch time : 7.5035    LR : 0.0150
[Test set] Average loss: 0.0017, Accuracy: 8700/10000 (87.00%)

Epoch [45]
[Train set] Loss: 0.1907, Accuracy: 47183/50000 (94.37%)  Epoch time : 7.4947    LR : 0.0134
[Test set] Average loss: 0.0016, Accuracy: 8805/10000 (88.05%)
save by ./Result_v3/CosWarmUp/VGG13/20_13_34/VGG13_best.pt

Epoch [46]
[Train set] Loss: 0.1061, Accuracy: 47538/50000 (95.08%)  Epoch time : 7.5103    LR : 0.0119
[Test set] Average loss: 0.0016, Accuracy: 8815/10000 (88.15%)
save by ./Result_v3/CosWarmUp/VGG13/20_13_34/VGG13_best.pt

Epoch [47]
[Train set] Loss: 0.0477, Accuracy: 47778/50000 (95.56%)  Epoch time : 7.5135    LR : 0.0104
[Test set] Average loss: 0.0017, Accuracy: 8819/10000 (88.19%)
save by ./Result_v3/CosWarmUp/VGG13/20_13_34/VGG13_best.pt

Epoch [48]
[Train set] Loss: 0.2577, Accuracy: 48070/50000 (96.14%)  Epoch time : 7.4946    LR : 0.0089
[Test set] Average loss: 0.0016, Accuracy: 8865/10000 (88.65%)
save by ./Result_v3/CosWarmUp/VGG13/20_13_34/VGG13_best.pt

Epoch [49]
[Train set] Loss: 0.0432, Accuracy: 48322/50000 (96.64%)  Epoch time : 7.4860    LR : 0.0075
[Test set] Average loss: 0.0017, Accuracy: 8864/10000 (88.64%)

Epoch [50]
[Train set] Loss: 0.2372, Accuracy: 48497/50000 (96.99%)  Epoch time : 7.4668    LR : 0.0062
[Test set] Average loss: 0.0017, Accuracy: 8897/10000 (88.97%)
save by ./Result_v3/CosWarmUp/VGG13/20_13_34/VGG13_best.pt

Epoch [51]
[Train set] Loss: 0.0723, Accuracy: 48775/50000 (97.55%)  Epoch time : 7.4485    LR : 0.0050
[Test set] Average loss: 0.0017, Accuracy: 8875/10000 (88.75%)

Epoch [52]
[Train set] Loss: 0.0489, Accuracy: 48892/50000 (97.78%)  Epoch time : 7.4655    LR : 0.0039
[Test set] Average loss: 0.0017, Accuracy: 8919/10000 (89.19%)
save by ./Result_v3/CosWarmUp/VGG13/20_13_34/VGG13_best.pt

Epoch [53]
[Train set] Loss: 0.0830, Accuracy: 49111/50000 (98.22%)  Epoch time : 7.4907    LR : 0.0029
[Test set] Average loss: 0.0017, Accuracy: 8955/10000 (89.55%)
save by ./Result_v3/CosWarmUp/VGG13/20_13_34/VGG13_best.pt

Epoch [54]
[Train set] Loss: 0.0810, Accuracy: 49245/50000 (98.49%)  Epoch time : 7.4734    LR : 0.0020
[Test set] Average loss: 0.0017, Accuracy: 8935/10000 (89.35%)

Epoch [55]
[Train set] Loss: 0.0551, Accuracy: 49301/50000 (98.60%)  Epoch time : 7.4621    LR : 0.0013
[Test set] Average loss: 0.0018, Accuracy: 8944/10000 (89.44%)

Epoch [56]
[Train set] Loss: 0.0237, Accuracy: 49408/50000 (98.82%)  Epoch time : 7.4924    LR : 0.0007
[Test set] Average loss: 0.0018, Accuracy: 8949/10000 (89.49%)

Epoch [57]
[Train set] Loss: 0.0226, Accuracy: 49447/50000 (98.89%)  Epoch time : 7.4824    LR : 0.0003
[Test set] Average loss: 0.0018, Accuracy: 8944/10000 (89.44%)

Epoch [58]
[Train set] Loss: 0.0030, Accuracy: 49485/50000 (98.97%)  Epoch time : 7.4950    LR : 0.0001
[Test set] Average loss: 0.0018, Accuracy: 8955/10000 (89.55%)

Epoch [59]
[Train set] Loss: 0.0144, Accuracy: 49511/50000 (99.02%)  Epoch time : 7.4681    LR : 0.0000
[Test set] Average loss: 0.0018, Accuracy: 8954/10000 (89.54%)

Epoch [60]
[Train set] Loss: 0.0158, Accuracy: 49550/50000 (99.10%)  Epoch time : 7.5146    LR : 0.0180
[Test set] Average loss: 0.0018, Accuracy: 8958/10000 (89.58%)
save by ./Result_v3/CosWarmUp/VGG13/20_13_34/VGG13_best.pt

Epoch [61]
[Train set] Loss: 0.0834, Accuracy: 47448/50000 (94.90%)  Epoch time : 7.5216    LR : 0.0178
[Test set] Average loss: 0.0018, Accuracy: 8667/10000 (86.67%)

Epoch [62]
[Train set] Loss: 0.1368, Accuracy: 47261/50000 (94.52%)  Epoch time : 7.4875    LR : 0.0176
[Test set] Average loss: 0.0019, Accuracy: 8670/10000 (86.70%)

Epoch [63]
[Train set] Loss: 0.1340, Accuracy: 47421/50000 (94.84%)  Epoch time : 7.4643    LR : 0.0172
[Test set] Average loss: 0.0017, Accuracy: 8766/10000 (87.66%)

Epoch [64]
[Train set] Loss: 0.0614, Accuracy: 47589/50000 (95.18%)  Epoch time : 7.4725    LR : 0.0168
[Test set] Average loss: 0.0020, Accuracy: 8649/10000 (86.49%)

Epoch [65]
[Train set] Loss: 0.2406, Accuracy: 47544/50000 (95.09%)  Epoch time : 7.4926    LR : 0.0163
[Test set] Average loss: 0.0017, Accuracy: 8774/10000 (87.74%)

Epoch [66]
[Train set] Loss: 0.1217, Accuracy: 47794/50000 (95.59%)  Epoch time : 7.4747    LR : 0.0157
[Test set] Average loss: 0.0017, Accuracy: 8779/10000 (87.79%)

Epoch [67]
[Train set] Loss: 0.1095, Accuracy: 47913/50000 (95.83%)  Epoch time : 7.4774    LR : 0.0150
[Test set] Average loss: 0.0017, Accuracy: 8780/10000 (87.80%)

Epoch [68]
[Train set] Loss: 0.0903, Accuracy: 47957/50000 (95.91%)  Epoch time : 7.4789    LR : 0.0143
[Test set] Average loss: 0.0017, Accuracy: 8809/10000 (88.09%)

Epoch [69]
[Train set] Loss: 0.1564, Accuracy: 48100/50000 (96.20%)  Epoch time : 7.4703    LR : 0.0135
[Test set] Average loss: 0.0018, Accuracy: 8769/10000 (87.69%)

Epoch [70]
[Train set] Loss: 0.1536, Accuracy: 48294/50000 (96.59%)  Epoch time : 7.5305    LR : 0.0127
[Test set] Average loss: 0.0018, Accuracy: 8845/10000 (88.45%)

Epoch [71]
[Train set] Loss: 0.0396, Accuracy: 48404/50000 (96.81%)  Epoch time : 7.5675    LR : 0.0118
[Test set] Average loss: 0.0017, Accuracy: 8852/10000 (88.52%)

Epoch [72]
[Train set] Loss: 0.0673, Accuracy: 48591/50000 (97.18%)  Epoch time : 7.4872    LR : 0.0109
[Test set] Average loss: 0.0017, Accuracy: 8875/10000 (88.75%)

Epoch [73]
[Train set] Loss: 0.0127, Accuracy: 48766/50000 (97.53%)  Epoch time : 7.5011    LR : 0.0099
[Test set] Average loss: 0.0017, Accuracy: 8909/10000 (89.09%)

Epoch [74]
[Train set] Loss: 0.1132, Accuracy: 48976/50000 (97.95%)  Epoch time : 7.5063    LR : 0.0090
[Test set] Average loss: 0.0017, Accuracy: 8927/10000 (89.27%)

Epoch [75]
[Train set] Loss: 0.0786, Accuracy: 49053/50000 (98.11%)  Epoch time : 7.5090    LR : 0.0081
[Test set] Average loss: 0.0018, Accuracy: 8888/10000 (88.88%)

Epoch [76]
[Train set] Loss: 0.0197, Accuracy: 49182/50000 (98.36%)  Epoch time : 7.4888    LR : 0.0071
[Test set] Average loss: 0.0018, Accuracy: 8930/10000 (89.30%)

Epoch [77]
[Train set] Loss: 0.0455, Accuracy: 49350/50000 (98.70%)  Epoch time : 7.4875    LR : 0.0062
[Test set] Average loss: 0.0017, Accuracy: 8960/10000 (89.60%)
save by ./Result_v3/CosWarmUp/VGG13/20_13_34/VGG13_best.pt

Epoch [78]
[Train set] Loss: 0.0119, Accuracy: 49416/50000 (98.83%)  Epoch time : 7.5008    LR : 0.0053
[Test set] Average loss: 0.0018, Accuracy: 8929/10000 (89.29%)

Epoch [79]
[Train set] Loss: 0.0306, Accuracy: 49538/50000 (99.08%)  Epoch time : 7.4970    LR : 0.0045
[Test set] Average loss: 0.0019, Accuracy: 8962/10000 (89.62%)
save by ./Result_v3/CosWarmUp/VGG13/20_13_34/VGG13_best.pt

Epoch [80]
[Train set] Loss: 0.0364, Accuracy: 49595/50000 (99.19%)  Epoch time : 7.4961    LR : 0.0037
[Test set] Average loss: 0.0019, Accuracy: 8987/10000 (89.87%)
save by ./Result_v3/CosWarmUp/VGG13/20_13_34/VGG13_best.pt

Epoch [81]
[Train set] Loss: 0.0215, Accuracy: 49666/50000 (99.33%)  Epoch time : 7.4968    LR : 0.0030
[Test set] Average loss: 0.0019, Accuracy: 9032/10000 (90.32%)
save by ./Result_v3/CosWarmUp/VGG13/20_13_34/VGG13_best.pt

Epoch [82]
[Train set] Loss: 0.0162, Accuracy: 49726/50000 (99.45%)  Epoch time : 7.4954    LR : 0.0023
[Test set] Average loss: 0.0019, Accuracy: 9009/10000 (90.09%)

Epoch [83]
[Train set] Loss: 0.0305, Accuracy: 49807/50000 (99.61%)  Epoch time : 7.4982    LR : 0.0017
[Test set] Average loss: 0.0019, Accuracy: 9009/10000 (90.09%)

Epoch [84]
[Train set] Loss: 0.0107, Accuracy: 49805/50000 (99.61%)  Epoch time : 7.4651    LR : 0.0012
[Test set] Average loss: 0.0019, Accuracy: 9036/10000 (90.36%)
save by ./Result_v3/CosWarmUp/VGG13/20_13_34/VGG13_best.pt

Epoch [85]
[Train set] Loss: 0.0076, Accuracy: 49838/50000 (99.68%)  Epoch time : 7.4754    LR : 0.0008
[Test set] Average loss: 0.0019, Accuracy: 9040/10000 (90.40%)
save by ./Result_v3/CosWarmUp/VGG13/20_13_34/VGG13_best.pt

Epoch [86]
[Train set] Loss: 0.0085, Accuracy: 49853/50000 (99.71%)  Epoch time : 7.5147    LR : 0.0004
[Test set] Average loss: 0.0019, Accuracy: 9029/10000 (90.29%)

Epoch [87]
[Train set] Loss: 0.0020, Accuracy: 49865/50000 (99.73%)  Epoch time : 7.4842    LR : 0.0002
[Test set] Average loss: 0.0019, Accuracy: 9054/10000 (90.54%)
save by ./Result_v3/CosWarmUp/VGG13/20_13_34/VGG13_best.pt

Epoch [88]
[Train set] Loss: 0.0017, Accuracy: 49859/50000 (99.72%)  Epoch time : 7.5033    LR : 0.0000
[Test set] Average loss: 0.0019, Accuracy: 9058/10000 (90.58%)
save by ./Result_v3/CosWarmUp/VGG13/20_13_34/VGG13_best.pt

Epoch [89]
[Train set] Loss: 0.0042, Accuracy: 49870/50000 (99.74%)  Epoch time : 7.4947    LR : 0.0000
[Test set] Average loss: 0.0019, Accuracy: 9064/10000 (90.64%)
save by ./Result_v3/CosWarmUp/VGG13/20_13_34/VGG13_best.pt

Epoch [90]
[Train set] Loss: 0.0020, Accuracy: 49879/50000 (99.76%)  Epoch time : 7.4743    LR : 0.0108
[Test set] Average loss: 0.0019, Accuracy: 9063/10000 (90.63%)

Epoch [91]
[Train set] Loss: 0.0653, Accuracy: 49146/50000 (98.29%)  Epoch time : 7.4949    LR : 0.0107
[Test set] Average loss: 0.0019, Accuracy: 8910/10000 (89.10%)

Epoch [92]
[Train set] Loss: 0.0237, Accuracy: 49086/50000 (98.17%)  Epoch time : 7.4890    LR : 0.0105
[Test set] Average loss: 0.0019, Accuracy: 8883/10000 (88.83%)

Epoch [93]
[Train set] Loss: 0.1076, Accuracy: 49015/50000 (98.03%)  Epoch time : 7.4802    LR : 0.0103
[Test set] Average loss: 0.0021, Accuracy: 8802/10000 (88.02%)

Epoch [94]
[Train set] Loss: 0.0324, Accuracy: 48945/50000 (97.89%)  Epoch time : 7.4724    LR : 0.0101
[Test set] Average loss: 0.0018, Accuracy: 8879/10000 (88.79%)

Epoch [95]
[Train set] Loss: 0.0350, Accuracy: 49121/50000 (98.24%)  Epoch time : 7.4613    LR : 0.0098
[Test set] Average loss: 0.0020, Accuracy: 8861/10000 (88.61%)

Epoch [96]
[Train set] Loss: 0.0128, Accuracy: 49023/50000 (98.05%)  Epoch time : 7.4882    LR : 0.0094
[Test set] Average loss: 0.0019, Accuracy: 8883/10000 (88.83%)

Epoch [97]
[Train set] Loss: 0.1211, Accuracy: 49119/50000 (98.24%)  Epoch time : 7.4804    LR : 0.0090
[Test set] Average loss: 0.0019, Accuracy: 8848/10000 (88.48%)

Epoch [98]
[Train set] Loss: 0.0648, Accuracy: 49293/50000 (98.59%)  Epoch time : 7.4279    LR : 0.0086
[Test set] Average loss: 0.0019, Accuracy: 8925/10000 (89.25%)

Epoch [99]
[Train set] Loss: 0.0421, Accuracy: 49193/50000 (98.39%)  Epoch time : 7.5141    LR : 0.0081
[Test set] Average loss: 0.0020, Accuracy: 8827/10000 (88.27%)

Epoch [100]
[Train set] Loss: 0.0190, Accuracy: 49334/50000 (98.67%)  Epoch time : 7.4928    LR : 0.0076
[Test set] Average loss: 0.0019, Accuracy: 8895/10000 (88.95%)

Epoch [101]
[Train set] Loss: 0.0299, Accuracy: 49408/50000 (98.82%)  Epoch time : 7.4904    LR : 0.0071
[Test set] Average loss: 0.0019, Accuracy: 8937/10000 (89.37%)

Epoch [102]
[Train set] Loss: 0.0085, Accuracy: 49496/50000 (98.99%)  Epoch time : 7.4862    LR : 0.0065
[Test set] Average loss: 0.0020, Accuracy: 8907/10000 (89.07%)

Epoch [103]
[Train set] Loss: 0.1278, Accuracy: 49571/50000 (99.14%)  Epoch time : 7.4602    LR : 0.0060
[Test set] Average loss: 0.0019, Accuracy: 8955/10000 (89.55%)

Epoch [104]
[Train set] Loss: 0.0216, Accuracy: 49558/50000 (99.12%)  Epoch time : 7.4570    LR : 0.0054
[Test set] Average loss: 0.0019, Accuracy: 8977/10000 (89.77%)

Epoch [105]
[Train set] Loss: 0.0033, Accuracy: 49726/50000 (99.45%)  Epoch time : 7.4660    LR : 0.0048
[Test set] Average loss: 0.0020, Accuracy: 8954/10000 (89.54%)

Epoch [106]
[Train set] Loss: 0.0250, Accuracy: 49770/50000 (99.54%)  Epoch time : 7.4820    LR : 0.0043
[Test set] Average loss: 0.0020, Accuracy: 8942/10000 (89.42%)

Epoch [107]
[Train set] Loss: 0.0016, Accuracy: 49750/50000 (99.50%)  Epoch time : 7.5577    LR : 0.0037
[Test set] Average loss: 0.0020, Accuracy: 8964/10000 (89.64%)

Epoch [108]
[Train set] Loss: 0.0057, Accuracy: 49833/50000 (99.67%)  Epoch time : 7.5451    LR : 0.0032
[Test set] Average loss: 0.0019, Accuracy: 8993/10000 (89.93%)

Epoch [109]
[Train set] Loss: 0.0026, Accuracy: 49852/50000 (99.70%)  Epoch time : 7.4791    LR : 0.0027
[Test set] Average loss: 0.0019, Accuracy: 9009/10000 (90.09%)

Epoch [110]
[Train set] Loss: 0.0040, Accuracy: 49896/50000 (99.79%)  Epoch time : 7.4874    LR : 0.0022
[Test set] Average loss: 0.0020, Accuracy: 9008/10000 (90.08%)

Epoch [111]
[Train set] Loss: 0.0028, Accuracy: 49886/50000 (99.77%)  Epoch time : 7.4931    LR : 0.0018
[Test set] Average loss: 0.0020, Accuracy: 9004/10000 (90.04%)

Epoch [112]
[Train set] Loss: 0.0013, Accuracy: 49901/50000 (99.80%)  Epoch time : 7.4826    LR : 0.0014
[Test set] Average loss: 0.0020, Accuracy: 9030/10000 (90.30%)

Epoch [113]
[Train set] Loss: 0.0007, Accuracy: 49903/50000 (99.81%)  Epoch time : 7.4785    LR : 0.0010
[Test set] Average loss: 0.0020, Accuracy: 9028/10000 (90.28%)

Epoch [114]
[Train set] Loss: 0.0024, Accuracy: 49930/50000 (99.86%)  Epoch time : 7.4939    LR : 0.0007
[Test set] Average loss: 0.0020, Accuracy: 9034/10000 (90.34%)

Epoch [115]
[Train set] Loss: 0.0086, Accuracy: 49936/50000 (99.87%)  Epoch time : 7.4693    LR : 0.0005
[Test set] Average loss: 0.0020, Accuracy: 9041/10000 (90.41%)

Epoch [116]
[Train set] Loss: 0.0210, Accuracy: 49932/50000 (99.86%)  Epoch time : 7.4761    LR : 0.0003
[Test set] Average loss: 0.0020, Accuracy: 9036/10000 (90.36%)

Epoch [117]
[Train set] Loss: 0.0038, Accuracy: 49927/50000 (99.85%)  Epoch time : 7.4610    LR : 0.0001
[Test set] Average loss: 0.0020, Accuracy: 9046/10000 (90.46%)

Epoch [118]
[Train set] Loss: 0.0010, Accuracy: 49945/50000 (99.89%)  Epoch time : 7.4878    LR : 0.0000
[Test set] Average loss: 0.0020, Accuracy: 9052/10000 (90.52%)

Epoch [119]
[Train set] Loss: 0.0018, Accuracy: 49949/50000 (99.90%)  Epoch time : 7.4807    LR : 0.0000
[Test set] Average loss: 0.0020, Accuracy: 9061/10000 (90.61%)

Epoch [120]
[Train set] Loss: 0.0015, Accuracy: 49945/50000 (99.89%)  Epoch time : 7.4764    LR : 0.0065
[Test set] Average loss: 0.0020, Accuracy: 9059/10000 (90.59%)

Epoch [121]
[Train set] Loss: 0.0095, Accuracy: 49765/50000 (99.53%)  Epoch time : 7.5109    LR : 0.0064
[Test set] Average loss: 0.0021, Accuracy: 8920/10000 (89.20%)

Epoch [122]
[Train set] Loss: 0.0168, Accuracy: 49706/50000 (99.41%)  Epoch time : 7.5230    LR : 0.0063
[Test set] Average loss: 0.0020, Accuracy: 8953/10000 (89.53%)

Epoch [123]
[Train set] Loss: 0.0186, Accuracy: 49706/50000 (99.41%)  Epoch time : 7.4859    LR : 0.0062
[Test set] Average loss: 0.0020, Accuracy: 8978/10000 (89.78%)

Epoch [124]
[Train set] Loss: 0.0264, Accuracy: 49733/50000 (99.47%)  Epoch time : 7.5230    LR : 0.0060
[Test set] Average loss: 0.0020, Accuracy: 8930/10000 (89.30%)

Epoch [125]
[Train set] Loss: 0.0273, Accuracy: 49715/50000 (99.43%)  Epoch time : 7.5054    LR : 0.0059
[Test set] Average loss: 0.0020, Accuracy: 8954/10000 (89.54%)

Epoch [126]
[Train set] Loss: 0.0012, Accuracy: 49715/50000 (99.43%)  Epoch time : 7.4938    LR : 0.0056
[Test set] Average loss: 0.0020, Accuracy: 8942/10000 (89.42%)

Epoch [127]
[Train set] Loss: 0.0014, Accuracy: 49734/50000 (99.47%)  Epoch time : 7.4820    LR : 0.0054
[Test set] Average loss: 0.0021, Accuracy: 8934/10000 (89.34%)

Epoch [128]
[Train set] Loss: 0.0773, Accuracy: 49691/50000 (99.38%)  Epoch time : 7.4850    LR : 0.0051
[Test set] Average loss: 0.0019, Accuracy: 8976/10000 (89.76%)

Epoch [129]
[Train set] Loss: 0.0026, Accuracy: 49749/50000 (99.50%)  Epoch time : 7.4985    LR : 0.0049
[Test set] Average loss: 0.0020, Accuracy: 8976/10000 (89.76%)

Epoch [130]
[Train set] Loss: 0.0039, Accuracy: 49768/50000 (99.54%)  Epoch time : 7.5001    LR : 0.0046
[Test set] Average loss: 0.0020, Accuracy: 8993/10000 (89.93%)

Epoch [131]
[Train set] Loss: 0.0029, Accuracy: 49814/50000 (99.63%)  Epoch time : 7.4877    LR : 0.0042
[Test set] Average loss: 0.0020, Accuracy: 8948/10000 (89.48%)

Epoch [132]
[Train set] Loss: 0.0024, Accuracy: 49821/50000 (99.64%)  Epoch time : 7.4882    LR : 0.0039
[Test set] Average loss: 0.0020, Accuracy: 8990/10000 (89.90%)

Epoch [133]
[Train set] Loss: 0.0117, Accuracy: 49878/50000 (99.76%)  Epoch time : 7.4910    LR : 0.0036
[Test set] Average loss: 0.0020, Accuracy: 8985/10000 (89.85%)

Epoch [134]
[Train set] Loss: 0.0008, Accuracy: 49880/50000 (99.76%)  Epoch time : 7.4849    LR : 0.0032
[Test set] Average loss: 0.0020, Accuracy: 9017/10000 (90.17%)

Epoch [135]
[Train set] Loss: 0.0046, Accuracy: 49884/50000 (99.77%)  Epoch time : 7.4999    LR : 0.0029
[Test set] Average loss: 0.0020, Accuracy: 8993/10000 (89.93%)

Epoch [136]
[Train set] Loss: 0.0012, Accuracy: 49907/50000 (99.81%)  Epoch time : 7.4777    LR : 0.0026
[Test set] Average loss: 0.0021, Accuracy: 9012/10000 (90.12%)

Epoch [137]
[Train set] Loss: 0.0019, Accuracy: 49903/50000 (99.81%)  Epoch time : 7.4952    LR : 0.0022
[Test set] Average loss: 0.0020, Accuracy: 9007/10000 (90.07%)

Epoch [138]
[Train set] Loss: 0.0048, Accuracy: 49933/50000 (99.87%)  Epoch time : 7.4965    LR : 0.0019
[Test set] Average loss: 0.0020, Accuracy: 9020/10000 (90.20%)

Epoch [139]
[Train set] Loss: 0.0093, Accuracy: 49945/50000 (99.89%)  Epoch time : 7.4883    LR : 0.0016
[Test set] Average loss: 0.0020, Accuracy: 9034/10000 (90.34%)

Epoch [140]
[Train set] Loss: 0.0034, Accuracy: 49943/50000 (99.89%)  Epoch time : 7.4700    LR : 0.0013
[Test set] Average loss: 0.0020, Accuracy: 9026/10000 (90.26%)

Epoch [141]
[Train set] Loss: 0.0146, Accuracy: 49951/50000 (99.90%)  Epoch time : 7.4657    LR : 0.0011
[Test set] Average loss: 0.0021, Accuracy: 9030/10000 (90.30%)

Epoch [142]
[Train set] Loss: 0.0080, Accuracy: 49953/50000 (99.91%)  Epoch time : 7.4883    LR : 0.0008
[Test set] Average loss: 0.0020, Accuracy: 9043/10000 (90.43%)

Epoch [143]
[Train set] Loss: 0.0027, Accuracy: 49958/50000 (99.92%)  Epoch time : 7.5151    LR : 0.0006
[Test set] Average loss: 0.0021, Accuracy: 9031/10000 (90.31%)

Epoch [144]
[Train set] Loss: 0.0050, Accuracy: 49955/50000 (99.91%)  Epoch time : 7.4776    LR : 0.0004
[Test set] Average loss: 0.0020, Accuracy: 9028/10000 (90.28%)

Epoch [145]
[Train set] Loss: 0.0014, Accuracy: 49972/50000 (99.94%)  Epoch time : 7.5375    LR : 0.0003
[Test set] Average loss: 0.0020, Accuracy: 9044/10000 (90.44%)

Epoch [146]
[Train set] Loss: 0.0010, Accuracy: 49968/50000 (99.94%)  Epoch time : 7.5321    LR : 0.0002
[Test set] Average loss: 0.0020, Accuracy: 9040/10000 (90.40%)

Epoch [147]
[Train set] Loss: 0.0019, Accuracy: 49965/50000 (99.93%)  Epoch time : 7.4877    LR : 0.0001
[Test set] Average loss: 0.0020, Accuracy: 9043/10000 (90.43%)

Epoch [148]
[Train set] Loss: 0.0181, Accuracy: 49961/50000 (99.92%)  Epoch time : 7.4453    LR : 0.0000
[Test set] Average loss: 0.0020, Accuracy: 9038/10000 (90.38%)

Epoch [149]
[Train set] Loss: 0.0013, Accuracy: 49970/50000 (99.94%)  Epoch time : 7.4604    LR : 0.0000
[Test set] Average loss: 0.0020, Accuracy: 9040/10000 (90.40%)

Epoch [150]
[Train set] Loss: 0.0003, Accuracy: 49970/50000 (99.94%)  Epoch time : 7.4936    LR : 0.0039
[Test set] Average loss: 0.0020, Accuracy: 9041/10000 (90.41%)
Time ellapsed in training is: 1273.1294031143188
save dir : ./Result_v3/CosWarmUp/VGG13/20_13_34


**************  start new model : VGG13 ******************
Files already downloaded and verified
SGD (
Parameter Group 0
    dampening: 0
    lr: 0.05
    momentum: 0.9
    nesterov: False
    weight_decay: 0.0005
)
-1
False

Epoch [1]
[Train set] Loss: 2.2070, Accuracy: 6182/50000 (12.36%)  Epoch time : 7.5062    LR : 0.0452
[Test set] Average loss: 0.0087, Accuracy: 1877/10000 (18.77%)
save by ./Result_v3/CosWarmUp/VGG13/20_13_55/VGG13_best.pt

Epoch [2]
[Train set] Loss: 1.8489, Accuracy: 11404/50000 (22.81%)  Epoch time : 7.5258    LR : 0.0397
[Test set] Average loss: 0.0072, Accuracy: 3425/10000 (34.25%)
save by ./Result_v3/CosWarmUp/VGG13/20_13_55/VGG13_best.pt

Epoch [3]
[Train set] Loss: 1.8171, Accuracy: 17719/50000 (35.44%)  Epoch time : 7.4996    LR : 0.0328
[Test set] Average loss: 0.0070, Accuracy: 3834/10000 (38.34%)
save by ./Result_v3/CosWarmUp/VGG13/20_13_55/VGG13_best.pt

Epoch [4]
[Train set] Loss: 1.3130, Accuracy: 20695/50000 (41.39%)  Epoch time : 7.4873    LR : 0.0250
[Test set] Average loss: 0.0057, Accuracy: 4767/10000 (47.67%)
save by ./Result_v3/CosWarmUp/VGG13/20_13_55/VGG13_best.pt

Epoch [5]
[Train set] Loss: 1.5444, Accuracy: 23730/50000 (47.46%)  Epoch time : 7.4844    LR : 0.0173
[Test set] Average loss: 0.0052, Accuracy: 5331/10000 (53.31%)
save by ./Result_v3/CosWarmUp/VGG13/20_13_55/VGG13_best.pt

Epoch [6]
[Train set] Loss: 1.0378, Accuracy: 26285/50000 (52.57%)  Epoch time : 7.4720    LR : 0.0103
[Test set] Average loss: 0.0051, Accuracy: 5400/10000 (54.00%)
save by ./Result_v3/CosWarmUp/VGG13/20_13_55/VGG13_best.pt

Epoch [7]
[Train set] Loss: 1.0928, Accuracy: 28630/50000 (57.26%)  Epoch time : 7.4562    LR : 0.0048
[Test set] Average loss: 0.0043, Accuracy: 6101/10000 (61.01%)
save by ./Result_v3/CosWarmUp/VGG13/20_13_55/VGG13_best.pt

Epoch [8]
[Train set] Loss: 1.1560, Accuracy: 30539/50000 (61.08%)  Epoch time : 7.4756    LR : 0.0012
[Test set] Average loss: 0.0042, Accuracy: 6228/10000 (62.28%)
save by ./Result_v3/CosWarmUp/VGG13/20_13_55/VGG13_best.pt

Epoch [9]
[Train set] Loss: 1.0488, Accuracy: 31831/50000 (63.66%)  Epoch time : 7.4807    LR : 0.0000
[Test set] Average loss: 0.0038, Accuracy: 6526/10000 (65.26%)
save by ./Result_v3/CosWarmUp/VGG13/20_13_55/VGG13_best.pt

Epoch [10]
[Train set] Loss: 1.1609, Accuracy: 32693/50000 (65.39%)  Epoch time : 7.4987    LR : 0.0390
[Test set] Average loss: 0.0038, Accuracy: 6552/10000 (65.52%)
save by ./Result_v3/CosWarmUp/VGG13/20_13_55/VGG13_best.pt

Epoch [11]
[Train set] Loss: 1.7785, Accuracy: 11866/50000 (23.73%)  Epoch time : 7.5029    LR : 0.0362
[Test set] Average loss: 0.0069, Accuracy: 3613/10000 (36.13%)

Epoch [12]
[Train set] Loss: 1.6067, Accuracy: 21184/50000 (42.37%)  Epoch time : 7.5036    LR : 0.0318
[Test set] Average loss: 0.0060, Accuracy: 4802/10000 (48.02%)

Epoch [13]
[Train set] Loss: 1.2004, Accuracy: 26828/50000 (53.66%)  Epoch time : 7.4310    LR : 0.0262
[Test set] Average loss: 0.0045, Accuracy: 5998/10000 (59.98%)

Epoch [14]
[Train set] Loss: 1.0397, Accuracy: 30063/50000 (60.13%)  Epoch time : 7.4914    LR : 0.0200
[Test set] Average loss: 0.0041, Accuracy: 6378/10000 (63.78%)

Epoch [15]
[Train set] Loss: 0.6948, Accuracy: 32490/50000 (64.98%)  Epoch time : 7.4794    LR : 0.0139
[Test set] Average loss: 0.0036, Accuracy: 6870/10000 (68.70%)
save by ./Result_v3/CosWarmUp/VGG13/20_13_55/VGG13_best.pt

Epoch [16]
[Train set] Loss: 0.8377, Accuracy: 34324/50000 (68.65%)  Epoch time : 7.4803    LR : 0.0083
[Test set] Average loss: 0.0035, Accuracy: 6979/10000 (69.79%)
save by ./Result_v3/CosWarmUp/VGG13/20_13_55/VGG13_best.pt

Epoch [17]
[Train set] Loss: 0.7645, Accuracy: 35996/50000 (71.99%)  Epoch time : 7.5601    LR : 0.0038
[Test set] Average loss: 0.0031, Accuracy: 7308/10000 (73.08%)
save by ./Result_v3/CosWarmUp/VGG13/20_13_55/VGG13_best.pt

Epoch [18]
[Train set] Loss: 0.6549, Accuracy: 37242/50000 (74.48%)  Epoch time : 7.4868    LR : 0.0010
[Test set] Average loss: 0.0030, Accuracy: 7459/10000 (74.59%)
save by ./Result_v3/CosWarmUp/VGG13/20_13_55/VGG13_best.pt

Epoch [19]
[Train set] Loss: 0.5856, Accuracy: 38069/50000 (76.14%)  Epoch time : 7.4728    LR : 0.0000
[Test set] Average loss: 0.0028, Accuracy: 7610/10000 (76.10%)
save by ./Result_v3/CosWarmUp/VGG13/20_13_55/VGG13_best.pt

Epoch [20]
[Train set] Loss: 0.3982, Accuracy: 38454/50000 (76.91%)  Epoch time : 7.4673    LR : 0.0312
[Test set] Average loss: 0.0028, Accuracy: 7628/10000 (76.28%)
save by ./Result_v3/CosWarmUp/VGG13/20_13_55/VGG13_best.pt

Epoch [21]
[Train set] Loss: 1.0583, Accuracy: 34749/50000 (69.50%)  Epoch time : 7.4938    LR : 0.0290
[Test set] Average loss: 0.0035, Accuracy: 6920/10000 (69.20%)

Epoch [22]
[Train set] Loss: 1.0846, Accuracy: 36080/50000 (72.16%)  Epoch time : 7.4880    LR : 0.0254
[Test set] Average loss: 0.0030, Accuracy: 7412/10000 (74.12%)

Epoch [23]
[Train set] Loss: 0.5597, Accuracy: 37519/50000 (75.04%)  Epoch time : 7.4616    LR : 0.0210
[Test set] Average loss: 0.0031, Accuracy: 7403/10000 (74.03%)

Epoch [24]
[Train set] Loss: 0.5447, Accuracy: 38683/50000 (77.37%)  Epoch time : 7.4833    LR : 0.0160
[Test set] Average loss: 0.0028, Accuracy: 7625/10000 (76.25%)

Epoch [25]
[Train set] Loss: 0.7509, Accuracy: 39805/50000 (79.61%)  Epoch time : 7.4496    LR : 0.0111
[Test set] Average loss: 0.0024, Accuracy: 7953/10000 (79.53%)
save by ./Result_v3/CosWarmUp/VGG13/20_13_55/VGG13_best.pt

Epoch [26]
[Train set] Loss: 0.3964, Accuracy: 40705/50000 (81.41%)  Epoch time : 7.4863    LR : 0.0066
[Test set] Average loss: 0.0023, Accuracy: 8088/10000 (80.88%)
save by ./Result_v3/CosWarmUp/VGG13/20_13_55/VGG13_best.pt

Epoch [27]
[Train set] Loss: 0.3873, Accuracy: 41502/50000 (83.00%)  Epoch time : 7.4444    LR : 0.0031
[Test set] Average loss: 0.0022, Accuracy: 8150/10000 (81.50%)
save by ./Result_v3/CosWarmUp/VGG13/20_13_55/VGG13_best.pt

Epoch [28]
[Train set] Loss: 0.4569, Accuracy: 42452/50000 (84.90%)  Epoch time : 7.4790    LR : 0.0008
[Test set] Average loss: 0.0021, Accuracy: 8253/10000 (82.53%)
save by ./Result_v3/CosWarmUp/VGG13/20_13_55/VGG13_best.pt

Epoch [29]
[Train set] Loss: 0.2986, Accuracy: 42965/50000 (85.93%)  Epoch time : 7.5173    LR : 0.0000
[Test set] Average loss: 0.0020, Accuracy: 8292/10000 (82.92%)
save by ./Result_v3/CosWarmUp/VGG13/20_13_55/VGG13_best.pt

Epoch [30]
[Train set] Loss: 0.4288, Accuracy: 43209/50000 (86.42%)  Epoch time : 7.5320    LR : 0.0250
[Test set] Average loss: 0.0020, Accuracy: 8308/10000 (83.08%)
save by ./Result_v3/CosWarmUp/VGG13/20_13_55/VGG13_best.pt

Epoch [31]
[Train set] Loss: 0.6616, Accuracy: 40108/50000 (80.22%)  Epoch time : 7.6183    LR : 0.0232
[Test set] Average loss: 0.0024, Accuracy: 7990/10000 (79.90%)

Epoch [32]
[Train set] Loss: 0.5942, Accuracy: 40615/50000 (81.23%)  Epoch time : 7.4660    LR : 0.0203
[Test set] Average loss: 0.0026, Accuracy: 7834/10000 (78.34%)

Epoch [33]
[Train set] Loss: 0.3176, Accuracy: 41279/50000 (82.56%)  Epoch time : 7.4953    LR : 0.0168
[Test set] Average loss: 0.0022, Accuracy: 8155/10000 (81.55%)

Epoch [34]
[Train set] Loss: 0.4578, Accuracy: 41949/50000 (83.90%)  Epoch time : 7.4544    LR : 0.0128
[Test set] Average loss: 0.0021, Accuracy: 8267/10000 (82.67%)

Epoch [35]
[Train set] Loss: 0.4144, Accuracy: 42817/50000 (85.63%)  Epoch time : 7.4502    LR : 0.0089
[Test set] Average loss: 0.0020, Accuracy: 8309/10000 (83.09%)
save by ./Result_v3/CosWarmUp/VGG13/20_13_55/VGG13_best.pt

Epoch [36]
[Train set] Loss: 0.3009, Accuracy: 43663/50000 (87.33%)  Epoch time : 7.5125    LR : 0.0053
[Test set] Average loss: 0.0020, Accuracy: 8349/10000 (83.49%)
save by ./Result_v3/CosWarmUp/VGG13/20_13_55/VGG13_best.pt

Epoch [37]
[Train set] Loss: 0.1321, Accuracy: 44288/50000 (88.58%)  Epoch time : 7.4600    LR : 0.0025
[Test set] Average loss: 0.0019, Accuracy: 8456/10000 (84.56%)
save by ./Result_v3/CosWarmUp/VGG13/20_13_55/VGG13_best.pt

Epoch [38]
[Train set] Loss: 0.4987, Accuracy: 44875/50000 (89.75%)  Epoch time : 7.5054    LR : 0.0006
[Test set] Average loss: 0.0018, Accuracy: 8521/10000 (85.21%)
save by ./Result_v3/CosWarmUp/VGG13/20_13_55/VGG13_best.pt

Epoch [39]
[Train set] Loss: 0.3091, Accuracy: 45284/50000 (90.57%)  Epoch time : 7.5078    LR : 0.0000
[Test set] Average loss: 0.0018, Accuracy: 8570/10000 (85.70%)
save by ./Result_v3/CosWarmUp/VGG13/20_13_55/VGG13_best.pt

Epoch [40]
[Train set] Loss: 0.2755, Accuracy: 45547/50000 (91.09%)  Epoch time : 7.4876    LR : 0.0200
[Test set] Average loss: 0.0018, Accuracy: 8560/10000 (85.60%)

Epoch [41]
[Train set] Loss: 0.7876, Accuracy: 42877/50000 (85.75%)  Epoch time : 7.4550    LR : 0.0185
[Test set] Average loss: 0.0024, Accuracy: 8030/10000 (80.30%)

Epoch [42]
[Train set] Loss: 0.5396, Accuracy: 42983/50000 (85.97%)  Epoch time : 7.4911    LR : 0.0163
[Test set] Average loss: 0.0020, Accuracy: 8304/10000 (83.04%)

Epoch [43]
[Train set] Loss: 0.3107, Accuracy: 43505/50000 (87.01%)  Epoch time : 7.4963    LR : 0.0134
[Test set] Average loss: 0.0020, Accuracy: 8363/10000 (83.63%)

Epoch [44]
[Train set] Loss: 0.3262, Accuracy: 44133/50000 (88.27%)  Epoch time : 7.4833    LR : 0.0103
[Test set] Average loss: 0.0018, Accuracy: 8505/10000 (85.05%)

Epoch [45]
[Train set] Loss: 0.3893, Accuracy: 44710/50000 (89.42%)  Epoch time : 7.4869    LR : 0.0071
[Test set] Average loss: 0.0019, Accuracy: 8490/10000 (84.90%)

Epoch [46]
[Train set] Loss: 0.3017, Accuracy: 45333/50000 (90.67%)  Epoch time : 7.4572    LR : 0.0042
[Test set] Average loss: 0.0018, Accuracy: 8541/10000 (85.41%)

Epoch [47]
[Train set] Loss: 0.1515, Accuracy: 46025/50000 (92.05%)  Epoch time : 7.4530    LR : 0.0020
[Test set] Average loss: 0.0018, Accuracy: 8607/10000 (86.07%)
save by ./Result_v3/CosWarmUp/VGG13/20_13_55/VGG13_best.pt

Epoch [48]
[Train set] Loss: 0.2094, Accuracy: 46537/50000 (93.07%)  Epoch time : 7.4940    LR : 0.0005
[Test set] Average loss: 0.0017, Accuracy: 8684/10000 (86.84%)
save by ./Result_v3/CosWarmUp/VGG13/20_13_55/VGG13_best.pt

Epoch [49]
[Train set] Loss: 0.0975, Accuracy: 46820/50000 (93.64%)  Epoch time : 7.4609    LR : 0.0000
[Test set] Average loss: 0.0017, Accuracy: 8714/10000 (87.14%)
save by ./Result_v3/CosWarmUp/VGG13/20_13_55/VGG13_best.pt

Epoch [50]
[Train set] Loss: 0.1590, Accuracy: 46982/50000 (93.96%)  Epoch time : 7.4873    LR : 0.0160
[Test set] Average loss: 0.0017, Accuracy: 8722/10000 (87.22%)
save by ./Result_v3/CosWarmUp/VGG13/20_13_55/VGG13_best.pt

Epoch [51]
[Train set] Loss: 0.3867, Accuracy: 44698/50000 (89.40%)  Epoch time : 7.4585    LR : 0.0148
[Test set] Average loss: 0.0020, Accuracy: 8377/10000 (83.77%)

Epoch [52]
[Train set] Loss: 0.3825, Accuracy: 44573/50000 (89.15%)  Epoch time : 7.4201    LR : 0.0130
[Test set] Average loss: 0.0019, Accuracy: 8468/10000 (84.68%)

Epoch [53]
[Train set] Loss: 0.4344, Accuracy: 45175/50000 (90.35%)  Epoch time : 7.4334    LR : 0.0107
[Test set] Average loss: 0.0019, Accuracy: 8556/10000 (85.56%)

Epoch [54]
[Train set] Loss: 0.2507, Accuracy: 45572/50000 (91.14%)  Epoch time : 7.4854    LR : 0.0082
[Test set] Average loss: 0.0018, Accuracy: 8610/10000 (86.10%)

Epoch [55]
[Train set] Loss: 0.1799, Accuracy: 46072/50000 (92.14%)  Epoch time : 7.4665    LR : 0.0057
[Test set] Average loss: 0.0017, Accuracy: 8665/10000 (86.65%)

Epoch [56]
[Train set] Loss: 0.2708, Accuracy: 46694/50000 (93.39%)  Epoch time : 7.4625    LR : 0.0034
[Test set] Average loss: 0.0018, Accuracy: 8681/10000 (86.81%)

Epoch [57]
[Train set] Loss: 0.0661, Accuracy: 47268/50000 (94.54%)  Epoch time : 7.4444    LR : 0.0016
[Test set] Average loss: 0.0017, Accuracy: 8727/10000 (87.27%)
save by ./Result_v3/CosWarmUp/VGG13/20_13_55/VGG13_best.pt

Epoch [58]
[Train set] Loss: 0.0747, Accuracy: 47604/50000 (95.21%)  Epoch time : 7.4900    LR : 0.0004
[Test set] Average loss: 0.0017, Accuracy: 8735/10000 (87.35%)
save by ./Result_v3/CosWarmUp/VGG13/20_13_55/VGG13_best.pt

Epoch [59]
[Train set] Loss: 0.1497, Accuracy: 47855/50000 (95.71%)  Epoch time : 7.4853    LR : 0.0000
[Test set] Average loss: 0.0017, Accuracy: 8751/10000 (87.51%)
save by ./Result_v3/CosWarmUp/VGG13/20_13_55/VGG13_best.pt

Epoch [60]
[Train set] Loss: 0.1654, Accuracy: 47970/50000 (95.94%)  Epoch time : 7.5097    LR : 0.0128
[Test set] Average loss: 0.0017, Accuracy: 8762/10000 (87.62%)
save by ./Result_v3/CosWarmUp/VGG13/20_13_55/VGG13_best.pt

Epoch [61]
[Train set] Loss: 0.2210, Accuracy: 46079/50000 (92.16%)  Epoch time : 7.4699    LR : 0.0119
[Test set] Average loss: 0.0019, Accuracy: 8526/10000 (85.26%)

Epoch [62]
[Train set] Loss: 0.2403, Accuracy: 46155/50000 (92.31%)  Epoch time : 7.4904    LR : 0.0104
[Test set] Average loss: 0.0019, Accuracy: 8562/10000 (85.62%)

Epoch [63]
[Train set] Loss: 0.1370, Accuracy: 46422/50000 (92.84%)  Epoch time : 7.4755    LR : 0.0086
[Test set] Average loss: 0.0018, Accuracy: 8651/10000 (86.51%)

Epoch [64]
[Train set] Loss: 0.2986, Accuracy: 46831/50000 (93.66%)  Epoch time : 7.4533    LR : 0.0066
[Test set] Average loss: 0.0018, Accuracy: 8663/10000 (86.63%)

Epoch [65]
[Train set] Loss: 0.1112, Accuracy: 47279/50000 (94.56%)  Epoch time : 7.4806    LR : 0.0045
[Test set] Average loss: 0.0018, Accuracy: 8693/10000 (86.93%)

Epoch [66]
[Train set] Loss: 0.1377, Accuracy: 47643/50000 (95.29%)  Epoch time : 7.4734    LR : 0.0027
[Test set] Average loss: 0.0018, Accuracy: 8684/10000 (86.84%)

Epoch [67]
[Train set] Loss: 0.1462, Accuracy: 48207/50000 (96.41%)  Epoch time : 7.6017    LR : 0.0013
[Test set] Average loss: 0.0018, Accuracy: 8741/10000 (87.41%)

Epoch [68]
[Train set] Loss: 0.0801, Accuracy: 48423/50000 (96.85%)  Epoch time : 7.4833    LR : 0.0003
[Test set] Average loss: 0.0018, Accuracy: 8781/10000 (87.81%)
save by ./Result_v3/CosWarmUp/VGG13/20_13_55/VGG13_best.pt

Epoch [69]
[Train set] Loss: 0.0570, Accuracy: 48652/50000 (97.30%)  Epoch time : 7.4846    LR : 0.0000
[Test set] Average loss: 0.0018, Accuracy: 8785/10000 (87.85%)
save by ./Result_v3/CosWarmUp/VGG13/20_13_55/VGG13_best.pt

Epoch [70]
[Train set] Loss: 0.0964, Accuracy: 48717/50000 (97.43%)  Epoch time : 7.4967    LR : 0.0102
[Test set] Average loss: 0.0018, Accuracy: 8790/10000 (87.90%)
save by ./Result_v3/CosWarmUp/VGG13/20_13_55/VGG13_best.pt

Epoch [71]
[Train set] Loss: 0.0646, Accuracy: 47060/50000 (94.12%)  Epoch time : 7.4650    LR : 0.0095
[Test set] Average loss: 0.0019, Accuracy: 8582/10000 (85.82%)

Epoch [72]
[Train set] Loss: 0.1300, Accuracy: 47131/50000 (94.26%)  Epoch time : 7.4912    LR : 0.0083
[Test set] Average loss: 0.0019, Accuracy: 8685/10000 (86.85%)

Epoch [73]
[Train set] Loss: 0.2099, Accuracy: 47352/50000 (94.70%)  Epoch time : 7.4477    LR : 0.0069
[Test set] Average loss: 0.0020, Accuracy: 8599/10000 (85.99%)

Epoch [74]
[Train set] Loss: 0.2264, Accuracy: 47531/50000 (95.06%)  Epoch time : 7.4884    LR : 0.0053
[Test set] Average loss: 0.0018, Accuracy: 8721/10000 (87.21%)

Epoch [75]
[Train set] Loss: 0.1610, Accuracy: 47954/50000 (95.91%)  Epoch time : 7.4704    LR : 0.0036
[Test set] Average loss: 0.0019, Accuracy: 8720/10000 (87.20%)

Epoch [76]
[Train set] Loss: 0.1291, Accuracy: 48442/50000 (96.88%)  Epoch time : 7.4797    LR : 0.0022
[Test set] Average loss: 0.0019, Accuracy: 8748/10000 (87.48%)

Epoch [77]
[Train set] Loss: 0.1248, Accuracy: 48800/50000 (97.60%)  Epoch time : 7.5367    LR : 0.0010
[Test set] Average loss: 0.0020, Accuracy: 8748/10000 (87.48%)

Epoch [78]
[Train set] Loss: 0.0598, Accuracy: 48992/50000 (97.98%)  Epoch time : 7.4758    LR : 0.0003
[Test set] Average loss: 0.0020, Accuracy: 8761/10000 (87.61%)

Epoch [79]
[Train set] Loss: 0.0555, Accuracy: 49073/50000 (98.15%)  Epoch time : 7.4753    LR : 0.0000
[Test set] Average loss: 0.0020, Accuracy: 8784/10000 (87.84%)

Epoch [80]
[Train set] Loss: 0.0574, Accuracy: 49196/50000 (98.39%)  Epoch time : 7.4754    LR : 0.0082
[Test set] Average loss: 0.0020, Accuracy: 8782/10000 (87.82%)

Epoch [81]
[Train set] Loss: 0.0981, Accuracy: 47848/50000 (95.70%)  Epoch time : 7.4930    LR : 0.0076
[Test set] Average loss: 0.0020, Accuracy: 8652/10000 (86.52%)

Epoch [82]
[Train set] Loss: 0.0131, Accuracy: 47885/50000 (95.77%)  Epoch time : 7.4687    LR : 0.0067
[Test set] Average loss: 0.0019, Accuracy: 8697/10000 (86.97%)

Epoch [83]
[Train set] Loss: 0.1585, Accuracy: 48099/50000 (96.20%)  Epoch time : 7.4958    LR : 0.0055
[Test set] Average loss: 0.0020, Accuracy: 8690/10000 (86.90%)

Epoch [84]
[Train set] Loss: 0.0379, Accuracy: 48388/50000 (96.78%)  Epoch time : 7.4622    LR : 0.0042
[Test set] Average loss: 0.0020, Accuracy: 8701/10000 (87.01%)

Epoch [85]
[Train set] Loss: 0.0615, Accuracy: 48649/50000 (97.30%)  Epoch time : 7.4427    LR : 0.0029
[Test set] Average loss: 0.0020, Accuracy: 8765/10000 (87.65%)

Epoch [86]
[Train set] Loss: 0.0571, Accuracy: 48891/50000 (97.78%)  Epoch time : 7.4989    LR : 0.0017
[Test set] Average loss: 0.0020, Accuracy: 8750/10000 (87.50%)

Epoch [87]
[Train set] Loss: 0.0413, Accuracy: 49171/50000 (98.34%)  Epoch time : 7.4901    LR : 0.0008
[Test set] Average loss: 0.0021, Accuracy: 8779/10000 (87.79%)

Epoch [88]
[Train set] Loss: 0.0962, Accuracy: 49343/50000 (98.69%)  Epoch time : 7.4813    LR : 0.0002
[Test set] Average loss: 0.0021, Accuracy: 8787/10000 (87.87%)

Epoch [89]
[Train set] Loss: 0.0404, Accuracy: 49377/50000 (98.75%)  Epoch time : 7.4971    LR : 0.0000
[Test set] Average loss: 0.0021, Accuracy: 8798/10000 (87.98%)
save by ./Result_v3/CosWarmUp/VGG13/20_13_55/VGG13_best.pt

Epoch [90]
[Train set] Loss: 0.0345, Accuracy: 49426/50000 (98.85%)  Epoch time : 7.4955    LR : 0.0065
[Test set] Average loss: 0.0021, Accuracy: 8809/10000 (88.09%)
save by ./Result_v3/CosWarmUp/VGG13/20_13_55/VGG13_best.pt

Epoch [91]
[Train set] Loss: 0.1005, Accuracy: 48536/50000 (97.07%)  Epoch time : 7.5215    LR : 0.0061
[Test set] Average loss: 0.0021, Accuracy: 8671/10000 (86.71%)

Epoch [92]
[Train set] Loss: 0.1421, Accuracy: 48498/50000 (97.00%)  Epoch time : 7.4850    LR : 0.0053
[Test set] Average loss: 0.0020, Accuracy: 8749/10000 (87.49%)

Epoch [93]
[Train set] Loss: 0.0731, Accuracy: 48711/50000 (97.42%)  Epoch time : 7.4725    LR : 0.0044
[Test set] Average loss: 0.0021, Accuracy: 8706/10000 (87.06%)

Epoch [94]
[Train set] Loss: 0.0517, Accuracy: 48729/50000 (97.46%)  Epoch time : 7.4610    LR : 0.0034
[Test set] Average loss: 0.0020, Accuracy: 8759/10000 (87.59%)

Epoch [95]
[Train set] Loss: 0.0220, Accuracy: 49015/50000 (98.03%)  Epoch time : 7.4570    LR : 0.0023
[Test set] Average loss: 0.0021, Accuracy: 8756/10000 (87.56%)

Epoch [96]
[Train set] Loss: 0.0242, Accuracy: 49249/50000 (98.50%)  Epoch time : 7.5345    LR : 0.0014
[Test set] Average loss: 0.0022, Accuracy: 8788/10000 (87.88%)

Epoch [97]
[Train set] Loss: 0.0294, Accuracy: 49406/50000 (98.81%)  Epoch time : 7.4895    LR : 0.0006
[Test set] Average loss: 0.0022, Accuracy: 8790/10000 (87.90%)

Epoch [98]
[Train set] Loss: 0.0404, Accuracy: 49546/50000 (99.09%)  Epoch time : 7.5095    LR : 0.0002
[Test set] Average loss: 0.0022, Accuracy: 8783/10000 (87.83%)

Epoch [99]
[Train set] Loss: 0.0182, Accuracy: 49575/50000 (99.15%)  Epoch time : 7.4979    LR : 0.0000
[Test set] Average loss: 0.0022, Accuracy: 8810/10000 (88.10%)
save by ./Result_v3/CosWarmUp/VGG13/20_13_55/VGG13_best.pt

Epoch [100]
[Train set] Loss: 0.0178, Accuracy: 49612/50000 (99.22%)  Epoch time : 7.5290    LR : 0.0052
[Test set] Average loss: 0.0022, Accuracy: 8816/10000 (88.16%)
save by ./Result_v3/CosWarmUp/VGG13/20_13_55/VGG13_best.pt

Epoch [101]
[Train set] Loss: 0.0360, Accuracy: 49021/50000 (98.04%)  Epoch time : 7.5328    LR : 0.0049
[Test set] Average loss: 0.0022, Accuracy: 8734/10000 (87.34%)

Epoch [102]
[Train set] Loss: 0.0945, Accuracy: 48905/50000 (97.81%)  Epoch time : 7.5325    LR : 0.0043
[Test set] Average loss: 0.0022, Accuracy: 8752/10000 (87.52%)

Epoch [103]
[Train set] Loss: 0.0614, Accuracy: 49079/50000 (98.16%)  Epoch time : 7.5056    LR : 0.0035
[Test set] Average loss: 0.0023, Accuracy: 8727/10000 (87.27%)

Epoch [104]
[Train set] Loss: 0.0661, Accuracy: 49164/50000 (98.33%)  Epoch time : 7.6271    LR : 0.0027
[Test set] Average loss: 0.0022, Accuracy: 8752/10000 (87.52%)

Epoch [105]
[Train set] Loss: 0.0141, Accuracy: 49324/50000 (98.65%)  Epoch time : 7.5478    LR : 0.0019
[Test set] Average loss: 0.0023, Accuracy: 8762/10000 (87.62%)

Epoch [106]
[Train set] Loss: 0.0404, Accuracy: 49512/50000 (99.02%)  Epoch time : 7.5189    LR : 0.0011
[Test set] Average loss: 0.0023, Accuracy: 8783/10000 (87.83%)

Epoch [107]
[Train set] Loss: 0.0114, Accuracy: 49598/50000 (99.20%)  Epoch time : 7.4834    LR : 0.0005
[Test set] Average loss: 0.0023, Accuracy: 8766/10000 (87.66%)

Epoch [108]
[Train set] Loss: 0.0214, Accuracy: 49685/50000 (99.37%)  Epoch time : 7.5226    LR : 0.0001
[Test set] Average loss: 0.0023, Accuracy: 8790/10000 (87.90%)

Epoch [109]
[Train set] Loss: 0.0333, Accuracy: 49694/50000 (99.39%)  Epoch time : 7.5001    LR : 0.0000
[Test set] Average loss: 0.0023, Accuracy: 8808/10000 (88.08%)

Epoch [110]
[Train set] Loss: 0.0280, Accuracy: 49714/50000 (99.43%)  Epoch time : 7.4909    LR : 0.0042
[Test set] Average loss: 0.0023, Accuracy: 8804/10000 (88.04%)

Epoch [111]
[Train set] Loss: 0.0559, Accuracy: 49304/50000 (98.61%)  Epoch time : 7.5242    LR : 0.0039
[Test set] Average loss: 0.0023, Accuracy: 8705/10000 (87.05%)

Epoch [112]
[Train set] Loss: 0.0499, Accuracy: 49292/50000 (98.58%)  Epoch time : 7.5013    LR : 0.0034
[Test set] Average loss: 0.0023, Accuracy: 8742/10000 (87.42%)

Epoch [113]
[Train set] Loss: 0.0475, Accuracy: 49361/50000 (98.72%)  Epoch time : 7.4799    LR : 0.0028
[Test set] Average loss: 0.0023, Accuracy: 8739/10000 (87.39%)

Epoch [114]
[Train set] Loss: 0.0300, Accuracy: 49423/50000 (98.85%)  Epoch time : 7.4927    LR : 0.0022
[Test set] Average loss: 0.0024, Accuracy: 8754/10000 (87.54%)

Epoch [115]
[Train set] Loss: 0.0547, Accuracy: 49529/50000 (99.06%)  Epoch time : 7.5056    LR : 0.0015
[Test set] Average loss: 0.0023, Accuracy: 8793/10000 (87.93%)

Epoch [116]
[Train set] Loss: 0.0454, Accuracy: 49617/50000 (99.23%)  Epoch time : 7.5090    LR : 0.0009
[Test set] Average loss: 0.0024, Accuracy: 8789/10000 (87.89%)

Epoch [117]
[Train set] Loss: 0.0108, Accuracy: 49703/50000 (99.41%)  Epoch time : 7.4674    LR : 0.0004
[Test set] Average loss: 0.0024, Accuracy: 8791/10000 (87.91%)

Epoch [118]
[Train set] Loss: 0.0135, Accuracy: 49742/50000 (99.48%)  Epoch time : 7.4936    LR : 0.0001
[Test set] Average loss: 0.0024, Accuracy: 8796/10000 (87.96%)

Epoch [119]
[Train set] Loss: 0.0053, Accuracy: 49775/50000 (99.55%)  Epoch time : 7.5018    LR : 0.0000
[Test set] Average loss: 0.0024, Accuracy: 8812/10000 (88.12%)

Epoch [120]
[Train set] Loss: 0.0070, Accuracy: 49775/50000 (99.55%)  Epoch time : 7.4568    LR : 0.0034
[Test set] Average loss: 0.0024, Accuracy: 8812/10000 (88.12%)

Epoch [121]
[Train set] Loss: 0.0237, Accuracy: 49552/50000 (99.10%)  Epoch time : 7.4662    LR : 0.0031
[Test set] Average loss: 0.0026, Accuracy: 8682/10000 (86.82%)

Epoch [122]
[Train set] Loss: 0.0110, Accuracy: 49492/50000 (98.98%)  Epoch time : 7.4787    LR : 0.0027
[Test set] Average loss: 0.0024, Accuracy: 8736/10000 (87.36%)

Epoch [123]
[Train set] Loss: 0.0045, Accuracy: 49520/50000 (99.04%)  Epoch time : 7.5268    LR : 0.0023
[Test set] Average loss: 0.0023, Accuracy: 8748/10000 (87.48%)

Epoch [124]
[Train set] Loss: 0.0164, Accuracy: 49606/50000 (99.21%)  Epoch time : 7.4882    LR : 0.0017
[Test set] Average loss: 0.0024, Accuracy: 8753/10000 (87.53%)

Epoch [125]
[Train set] Loss: 0.0042, Accuracy: 49683/50000 (99.37%)  Epoch time : 7.4927    LR : 0.0012
[Test set] Average loss: 0.0025, Accuracy: 8794/10000 (87.94%)

Epoch [126]
[Train set] Loss: 0.0146, Accuracy: 49735/50000 (99.47%)  Epoch time : 7.4787    LR : 0.0007
[Test set] Average loss: 0.0024, Accuracy: 8807/10000 (88.07%)

Epoch [127]
[Train set] Loss: 0.0220, Accuracy: 49757/50000 (99.51%)  Epoch time : 7.4909    LR : 0.0003
[Test set] Average loss: 0.0024, Accuracy: 8807/10000 (88.07%)

Epoch [128]
[Train set] Loss: 0.0053, Accuracy: 49821/50000 (99.64%)  Epoch time : 7.4907    LR : 0.0001
[Test set] Average loss: 0.0024, Accuracy: 8815/10000 (88.15%)

Epoch [129]
[Train set] Loss: 0.0063, Accuracy: 49828/50000 (99.66%)  Epoch time : 7.5058    LR : 0.0000
[Test set] Average loss: 0.0024, Accuracy: 8815/10000 (88.15%)

Epoch [130]
[Train set] Loss: 0.0028, Accuracy: 49837/50000 (99.67%)  Epoch time : 7.4855    LR : 0.0027
[Test set] Average loss: 0.0024, Accuracy: 8811/10000 (88.11%)

Epoch [131]
[Train set] Loss: 0.0045, Accuracy: 49657/50000 (99.31%)  Epoch time : 7.4996    LR : 0.0025
[Test set] Average loss: 0.0026, Accuracy: 8772/10000 (87.72%)

Epoch [132]
[Train set] Loss: 0.0168, Accuracy: 49618/50000 (99.24%)  Epoch time : 7.4731    LR : 0.0022
[Test set] Average loss: 0.0024, Accuracy: 8760/10000 (87.60%)

Epoch [133]
[Train set] Loss: 0.0111, Accuracy: 49707/50000 (99.41%)  Epoch time : 7.4830    LR : 0.0018
[Test set] Average loss: 0.0025, Accuracy: 8776/10000 (87.76%)

Epoch [134]
[Train set] Loss: 0.0331, Accuracy: 49706/50000 (99.41%)  Epoch time : 7.4958    LR : 0.0014
[Test set] Average loss: 0.0024, Accuracy: 8787/10000 (87.87%)

Epoch [135]
[Train set] Loss: 0.0036, Accuracy: 49757/50000 (99.51%)  Epoch time : 7.5025    LR : 0.0010
[Test set] Average loss: 0.0025, Accuracy: 8814/10000 (88.14%)

Epoch [136]
[Train set] Loss: 0.0011, Accuracy: 49834/50000 (99.67%)  Epoch time : 7.5012    LR : 0.0006
[Test set] Average loss: 0.0025, Accuracy: 8798/10000 (87.98%)

Epoch [137]
[Train set] Loss: 0.0116, Accuracy: 49816/50000 (99.63%)  Epoch time : 7.5048    LR : 0.0003
[Test set] Average loss: 0.0025, Accuracy: 8789/10000 (87.89%)

Epoch [138]
[Train set] Loss: 0.0077, Accuracy: 49843/50000 (99.69%)  Epoch time : 7.5155    LR : 0.0001
[Test set] Average loss: 0.0025, Accuracy: 8782/10000 (87.82%)

Epoch [139]
[Train set] Loss: 0.0212, Accuracy: 49873/50000 (99.75%)  Epoch time : 7.5174    LR : 0.0000
[Test set] Average loss: 0.0025, Accuracy: 8805/10000 (88.05%)

Epoch [140]
[Train set] Loss: 0.0166, Accuracy: 49858/50000 (99.72%)  Epoch time : 7.4641    LR : 0.0021
[Test set] Average loss: 0.0025, Accuracy: 8803/10000 (88.03%)

Epoch [141]
[Train set] Loss: 0.0035, Accuracy: 49761/50000 (99.52%)  Epoch time : 7.4945    LR : 0.0020
[Test set] Average loss: 0.0026, Accuracy: 8770/10000 (87.70%)

Epoch [142]
[Train set] Loss: 0.0056, Accuracy: 49747/50000 (99.49%)  Epoch time : 7.5888    LR : 0.0017
[Test set] Average loss: 0.0026, Accuracy: 8758/10000 (87.58%)

Epoch [143]
[Train set] Loss: 0.0404, Accuracy: 49745/50000 (99.49%)  Epoch time : 7.4973    LR : 0.0014
[Test set] Average loss: 0.0025, Accuracy: 8787/10000 (87.87%)

Epoch [144]
[Train set] Loss: 0.0063, Accuracy: 49770/50000 (99.54%)  Epoch time : 7.4840    LR : 0.0011
[Test set] Average loss: 0.0025, Accuracy: 8788/10000 (87.88%)

Epoch [145]
[Train set] Loss: 0.0026, Accuracy: 49814/50000 (99.63%)  Epoch time : 7.4820    LR : 0.0008
[Test set] Average loss: 0.0025, Accuracy: 8821/10000 (88.21%)
save by ./Result_v3/CosWarmUp/VGG13/20_13_55/VGG13_best.pt

Epoch [146]
[Train set] Loss: 0.0019, Accuracy: 49832/50000 (99.66%)  Epoch time : 7.5238    LR : 0.0005
[Test set] Average loss: 0.0025, Accuracy: 8810/10000 (88.10%)

Epoch [147]
[Train set] Loss: 0.0028, Accuracy: 49862/50000 (99.72%)  Epoch time : 7.4943    LR : 0.0002
[Test set] Average loss: 0.0025, Accuracy: 8819/10000 (88.19%)

Epoch [148]
[Train set] Loss: 0.0260, Accuracy: 49836/50000 (99.67%)  Epoch time : 7.5009    LR : 0.0001
[Test set] Average loss: 0.0025, Accuracy: 8818/10000 (88.18%)

Epoch [149]
[Train set] Loss: 0.0172, Accuracy: 49874/50000 (99.75%)  Epoch time : 7.4804    LR : 0.0000
[Test set] Average loss: 0.0025, Accuracy: 8813/10000 (88.13%)

Epoch [150]
[Train set] Loss: 0.0224, Accuracy: 49872/50000 (99.74%)  Epoch time : 7.4761    LR : 0.0017
[Test set] Average loss: 0.0025, Accuracy: 8818/10000 (88.18%)
Time ellapsed in training is: 1271.2547907829285
save dir : ./Result_v3/CosWarmUp/VGG13/20_13_55
