nohup: ignoring input


**************  start new model : ResNet18 ******************
Files already downloaded and verified

Epoch [1]
[Train set] Loss: 1.0837, Accuracy: 22277/50000 (44.55%)  Epoch time : 18.7721 
[Test set] Average loss: 0.0051, Accuracy: 5444/10000 (54.44%)
save by ./Result_GCP/Original/ResNet18/20_16_9/ResNet18_best.pt

Epoch [2]
[Train set] Loss: 0.9756, Accuracy: 31752/50000 (63.50%)  Epoch time : 17.4932 
[Test set] Average loss: 0.0045, Accuracy: 6231/10000 (62.31%)
save by ./Result_GCP/Original/ResNet18/20_16_9/ResNet18_best.pt

Epoch [3]
[Train set] Loss: 0.8905, Accuracy: 36355/50000 (72.71%)  Epoch time : 17.5000 
[Test set] Average loss: 0.0031, Accuracy: 7285/10000 (72.85%)
save by ./Result_GCP/Original/ResNet18/20_16_9/ResNet18_best.pt

Epoch [4]
[Train set] Loss: 0.6360, Accuracy: 38911/50000 (77.82%)  Epoch time : 17.5397 
[Test set] Average loss: 0.0030, Accuracy: 7413/10000 (74.13%)
save by ./Result_GCP/Original/ResNet18/20_16_9/ResNet18_best.pt

Epoch [5]
[Train set] Loss: 0.6731, Accuracy: 40465/50000 (80.93%)  Epoch time : 17.5139 
[Test set] Average loss: 0.0031, Accuracy: 7441/10000 (74.41%)
save by ./Result_GCP/Original/ResNet18/20_16_9/ResNet18_best.pt

Epoch [6]
[Train set] Loss: 0.4977, Accuracy: 41346/50000 (82.69%)  Epoch time : 17.5409 
[Test set] Average loss: 0.0023, Accuracy: 8047/10000 (80.47%)
save by ./Result_GCP/Original/ResNet18/20_16_9/ResNet18_best.pt

Epoch [7]
[Train set] Loss: 0.4303, Accuracy: 42405/50000 (84.81%)  Epoch time : 17.5261 
[Test set] Average loss: 0.0025, Accuracy: 7914/10000 (79.14%)

Epoch [8]
[Train set] Loss: 0.4857, Accuracy: 43102/50000 (86.20%)  Epoch time : 17.4920 
[Test set] Average loss: 0.0027, Accuracy: 7901/10000 (79.01%)

Epoch [9]
[Train set] Loss: 0.3101, Accuracy: 43564/50000 (87.13%)  Epoch time : 17.5043 
[Test set] Average loss: 0.0025, Accuracy: 8027/10000 (80.27%)

Epoch [10]
[Train set] Loss: 0.4167, Accuracy: 43969/50000 (87.94%)  Epoch time : 17.4838 
[Test set] Average loss: 0.0020, Accuracy: 8400/10000 (84.00%)
save by ./Result_GCP/Original/ResNet18/20_16_9/ResNet18_best.pt

Epoch [11]
[Train set] Loss: 0.4667, Accuracy: 44435/50000 (88.87%)  Epoch time : 17.4749 
[Test set] Average loss: 0.0018, Accuracy: 8575/10000 (85.75%)
save by ./Result_GCP/Original/ResNet18/20_16_9/ResNet18_best.pt

Epoch [12]
[Train set] Loss: 0.3502, Accuracy: 44661/50000 (89.32%)  Epoch time : 17.5178 
[Test set] Average loss: 0.0019, Accuracy: 8467/10000 (84.67%)

Epoch [13]
[Train set] Loss: 0.3734, Accuracy: 45178/50000 (90.36%)  Epoch time : 17.4870 
[Test set] Average loss: 0.0020, Accuracy: 8346/10000 (83.46%)

Epoch [14]
[Train set] Loss: 0.2671, Accuracy: 45291/50000 (90.58%)  Epoch time : 17.4999 
[Test set] Average loss: 0.0020, Accuracy: 8465/10000 (84.65%)

Epoch [15]
[Train set] Loss: 0.1630, Accuracy: 45510/50000 (91.02%)  Epoch time : 17.5368 
[Test set] Average loss: 0.0017, Accuracy: 8559/10000 (85.59%)

Epoch [16]
[Train set] Loss: 0.1941, Accuracy: 45765/50000 (91.53%)  Epoch time : 17.5435 
[Test set] Average loss: 0.0017, Accuracy: 8662/10000 (86.62%)
save by ./Result_GCP/Original/ResNet18/20_16_9/ResNet18_best.pt

Epoch [17]
[Train set] Loss: 0.2093, Accuracy: 46002/50000 (92.00%)  Epoch time : 17.5669 
[Test set] Average loss: 0.0020, Accuracy: 8501/10000 (85.01%)

Epoch [18]
[Train set] Loss: 0.1447, Accuracy: 46169/50000 (92.34%)  Epoch time : 17.5575 
[Test set] Average loss: 0.0015, Accuracy: 8777/10000 (87.77%)
save by ./Result_GCP/Original/ResNet18/20_16_9/ResNet18_best.pt

Epoch [19]
[Train set] Loss: 0.1787, Accuracy: 46414/50000 (92.83%)  Epoch time : 17.4975 
[Test set] Average loss: 0.0016, Accuracy: 8710/10000 (87.10%)

Epoch [20]
[Train set] Loss: 0.2823, Accuracy: 46616/50000 (93.23%)  Epoch time : 17.5307 
[Test set] Average loss: 0.0016, Accuracy: 8652/10000 (86.52%)

Epoch [21]
[Train set] Loss: 0.1436, Accuracy: 46710/50000 (93.42%)  Epoch time : 17.5345 
[Test set] Average loss: 0.0016, Accuracy: 8667/10000 (86.67%)

Epoch [22]
[Train set] Loss: 0.1963, Accuracy: 46892/50000 (93.78%)  Epoch time : 17.5564 
[Test set] Average loss: 0.0014, Accuracy: 8901/10000 (89.01%)
save by ./Result_GCP/Original/ResNet18/20_16_9/ResNet18_best.pt

Epoch [23]
[Train set] Loss: 0.1984, Accuracy: 47147/50000 (94.29%)  Epoch time : 17.5525 
[Test set] Average loss: 0.0018, Accuracy: 8615/10000 (86.15%)

Epoch [24]
[Train set] Loss: 0.1116, Accuracy: 47008/50000 (94.02%)  Epoch time : 17.5209 
[Test set] Average loss: 0.0016, Accuracy: 8753/10000 (87.53%)

Epoch [25]
[Train set] Loss: 0.1395, Accuracy: 47227/50000 (94.45%)  Epoch time : 17.4868 
[Test set] Average loss: 0.0016, Accuracy: 8770/10000 (87.70%)

Epoch [26]
[Train set] Loss: 0.2200, Accuracy: 47354/50000 (94.71%)  Epoch time : 17.4491 
[Test set] Average loss: 0.0018, Accuracy: 8641/10000 (86.41%)

Epoch [27]
[Train set] Loss: 0.1273, Accuracy: 47329/50000 (94.66%)  Epoch time : 17.5010 
[Test set] Average loss: 0.0023, Accuracy: 8410/10000 (84.10%)

Epoch [28]
[Train set] Loss: 0.1569, Accuracy: 47589/50000 (95.18%)  Epoch time : 17.4761 
[Test set] Average loss: 0.0022, Accuracy: 8574/10000 (85.74%)

Epoch [29]
[Train set] Loss: 0.1380, Accuracy: 47719/50000 (95.44%)  Epoch time : 17.5127 
[Test set] Average loss: 0.0013, Accuracy: 9036/10000 (90.36%)
save by ./Result_GCP/Original/ResNet18/20_16_9/ResNet18_best.pt

Epoch [30]
[Train set] Loss: 0.1267, Accuracy: 47685/50000 (95.37%)  Epoch time : 17.4986 
[Test set] Average loss: 0.0020, Accuracy: 8527/10000 (85.27%)

Epoch [31]
[Train set] Loss: 0.0516, Accuracy: 47796/50000 (95.59%)  Epoch time : 17.4959 
[Test set] Average loss: 0.0015, Accuracy: 8888/10000 (88.88%)

Epoch [32]
[Train set] Loss: 0.1963, Accuracy: 47933/50000 (95.87%)  Epoch time : 17.5040 
[Test set] Average loss: 0.0015, Accuracy: 8910/10000 (89.10%)

Epoch [33]
[Train set] Loss: 0.2162, Accuracy: 47982/50000 (95.96%)  Epoch time : 17.5101 
[Test set] Average loss: 0.0017, Accuracy: 8762/10000 (87.62%)

Epoch [34]
[Train set] Loss: 0.0662, Accuracy: 48008/50000 (96.02%)  Epoch time : 17.5125 
[Test set] Average loss: 0.0013, Accuracy: 9056/10000 (90.56%)
save by ./Result_GCP/Original/ResNet18/20_16_9/ResNet18_best.pt

Epoch [35]
[Train set] Loss: 0.2198, Accuracy: 48044/50000 (96.09%)  Epoch time : 17.4721 
[Test set] Average loss: 0.0014, Accuracy: 8924/10000 (89.24%)

Epoch [36]
[Train set] Loss: 0.2213, Accuracy: 47983/50000 (95.97%)  Epoch time : 17.4983 
[Test set] Average loss: 0.0016, Accuracy: 8836/10000 (88.36%)

Epoch [37]
[Train set] Loss: 0.1150, Accuracy: 48192/50000 (96.38%)  Epoch time : 17.5017 
[Test set] Average loss: 0.0016, Accuracy: 8858/10000 (88.58%)

Epoch [38]
[Train set] Loss: 0.1233, Accuracy: 48165/50000 (96.33%)  Epoch time : 17.4431 
[Test set] Average loss: 0.0015, Accuracy: 8921/10000 (89.21%)

Epoch [39]
[Train set] Loss: 0.0319, Accuracy: 48243/50000 (96.49%)  Epoch time : 17.4691 
[Test set] Average loss: 0.0017, Accuracy: 8790/10000 (87.90%)

Epoch [40]
[Train set] Loss: 0.0565, Accuracy: 48363/50000 (96.73%)  Epoch time : 17.4824 
[Test set] Average loss: 0.0015, Accuracy: 8928/10000 (89.28%)

Epoch [41]
[Train set] Loss: 0.1121, Accuracy: 48236/50000 (96.47%)  Epoch time : 17.4902 
[Test set] Average loss: 0.0019, Accuracy: 8626/10000 (86.26%)

Epoch [42]
[Train set] Loss: 0.0366, Accuracy: 48351/50000 (96.70%)  Epoch time : 17.4388 
[Test set] Average loss: 0.0016, Accuracy: 8882/10000 (88.82%)

Epoch [43]
[Train set] Loss: 0.1657, Accuracy: 48428/50000 (96.86%)  Epoch time : 17.4668 
[Test set] Average loss: 0.0019, Accuracy: 8682/10000 (86.82%)

Epoch [44]
[Train set] Loss: 0.0676, Accuracy: 48324/50000 (96.65%)  Epoch time : 17.4625 
[Test set] Average loss: 0.0016, Accuracy: 8886/10000 (88.86%)

Epoch [45]
[Train set] Loss: 0.1551, Accuracy: 48408/50000 (96.82%)  Epoch time : 17.5002 
[Test set] Average loss: 0.0016, Accuracy: 8854/10000 (88.54%)

Epoch [46]
[Train set] Loss: 0.1299, Accuracy: 48370/50000 (96.74%)  Epoch time : 17.5015 
[Test set] Average loss: 0.0017, Accuracy: 8754/10000 (87.54%)

Epoch [47]
[Train set] Loss: 0.1586, Accuracy: 48339/50000 (96.68%)  Epoch time : 17.5090 
[Test set] Average loss: 0.0016, Accuracy: 8836/10000 (88.36%)

Epoch [48]
[Train set] Loss: 0.0661, Accuracy: 48507/50000 (97.01%)  Epoch time : 17.5308 
[Test set] Average loss: 0.0016, Accuracy: 8967/10000 (89.67%)

Epoch [49]
[Train set] Loss: 0.0941, Accuracy: 48518/50000 (97.04%)  Epoch time : 17.5142 
[Test set] Average loss: 0.0015, Accuracy: 8919/10000 (89.19%)

Epoch [50]
[Train set] Loss: 0.0686, Accuracy: 48503/50000 (97.01%)  Epoch time : 17.5108 
[Test set] Average loss: 0.0015, Accuracy: 8923/10000 (89.23%)

Epoch [51]
[Train set] Loss: 0.1107, Accuracy: 48566/50000 (97.13%)  Epoch time : 17.5683 
[Test set] Average loss: 0.0015, Accuracy: 8962/10000 (89.62%)

Epoch [52]
[Train set] Loss: 0.0449, Accuracy: 48363/50000 (96.73%)  Epoch time : 17.5204 
[Test set] Average loss: 0.0014, Accuracy: 9022/10000 (90.22%)

Epoch [53]
[Train set] Loss: 0.1734, Accuracy: 48576/50000 (97.15%)  Epoch time : 17.5360 
[Test set] Average loss: 0.0017, Accuracy: 8854/10000 (88.54%)

Epoch [54]
[Train set] Loss: 0.1061, Accuracy: 48510/50000 (97.02%)  Epoch time : 17.5274 
[Test set] Average loss: 0.0015, Accuracy: 8926/10000 (89.26%)

Epoch [55]
[Train set] Loss: 0.1041, Accuracy: 48511/50000 (97.02%)  Epoch time : 17.4969 
[Test set] Average loss: 0.0014, Accuracy: 8952/10000 (89.52%)

Epoch [56]
[Train set] Loss: 0.0975, Accuracy: 48541/50000 (97.08%)  Epoch time : 17.5111 
[Test set] Average loss: 0.0016, Accuracy: 8874/10000 (88.74%)

Epoch [57]
[Train set] Loss: 0.0613, Accuracy: 48623/50000 (97.25%)  Epoch time : 17.5012 
[Test set] Average loss: 0.0016, Accuracy: 8923/10000 (89.23%)

Epoch [58]
[Train set] Loss: 0.2228, Accuracy: 48636/50000 (97.27%)  Epoch time : 17.5105 
[Test set] Average loss: 0.0015, Accuracy: 8970/10000 (89.70%)

Epoch [59]
[Train set] Loss: 0.1176, Accuracy: 48457/50000 (96.91%)  Epoch time : 17.4800 
[Test set] Average loss: 0.0015, Accuracy: 8929/10000 (89.29%)

Epoch [60]
[Train set] Loss: 0.0810, Accuracy: 48607/50000 (97.21%)  Epoch time : 17.5087 
[Test set] Average loss: 0.0014, Accuracy: 8981/10000 (89.81%)

Epoch [61]
[Train set] Loss: 0.1335, Accuracy: 48632/50000 (97.26%)  Epoch time : 17.5167 
[Test set] Average loss: 0.0014, Accuracy: 8966/10000 (89.66%)

Epoch [62]
[Train set] Loss: 0.1925, Accuracy: 48716/50000 (97.43%)  Epoch time : 17.5288 
[Test set] Average loss: 0.0016, Accuracy: 8929/10000 (89.29%)

Epoch [63]
[Train set] Loss: 0.1333, Accuracy: 48601/50000 (97.20%)  Epoch time : 17.5362 
[Test set] Average loss: 0.0015, Accuracy: 8920/10000 (89.20%)

Epoch [64]
[Train set] Loss: 0.0679, Accuracy: 48505/50000 (97.01%)  Epoch time : 17.5117 
[Test set] Average loss: 0.0015, Accuracy: 8906/10000 (89.06%)

Epoch [65]
[Train set] Loss: 0.0835, Accuracy: 48608/50000 (97.22%)  Epoch time : 17.5725 
[Test set] Average loss: 0.0019, Accuracy: 8750/10000 (87.50%)

Epoch [66]
[Train set] Loss: 0.0767, Accuracy: 48649/50000 (97.30%)  Epoch time : 17.5222 
[Test set] Average loss: 0.0016, Accuracy: 8876/10000 (88.76%)

Epoch [67]
[Train set] Loss: 0.1716, Accuracy: 48542/50000 (97.08%)  Epoch time : 17.5794 
[Test set] Average loss: 0.0014, Accuracy: 8995/10000 (89.95%)

Epoch [68]
[Train set] Loss: 0.1108, Accuracy: 48600/50000 (97.20%)  Epoch time : 17.5121 
[Test set] Average loss: 0.0015, Accuracy: 8970/10000 (89.70%)

Epoch [69]
[Train set] Loss: 0.0583, Accuracy: 48602/50000 (97.20%)  Epoch time : 17.5084 
[Test set] Average loss: 0.0017, Accuracy: 8855/10000 (88.55%)

Epoch [70]
[Train set] Loss: 0.1510, Accuracy: 48741/50000 (97.48%)  Epoch time : 17.5173 
[Test set] Average loss: 0.0020, Accuracy: 8620/10000 (86.20%)

Epoch [71]
[Train set] Loss: 0.1218, Accuracy: 48629/50000 (97.26%)  Epoch time : 17.5106 
[Test set] Average loss: 0.0019, Accuracy: 8733/10000 (87.33%)

Epoch [72]
[Train set] Loss: 0.0354, Accuracy: 48701/50000 (97.40%)  Epoch time : 17.4642 
[Test set] Average loss: 0.0017, Accuracy: 8887/10000 (88.87%)

Epoch [73]
[Train set] Loss: 0.0742, Accuracy: 48677/50000 (97.35%)  Epoch time : 17.5176 
[Test set] Average loss: 0.0014, Accuracy: 9027/10000 (90.27%)

Epoch [74]
[Train set] Loss: 0.1446, Accuracy: 48793/50000 (97.59%)  Epoch time : 17.5151 
[Test set] Average loss: 0.0012, Accuracy: 9097/10000 (90.97%)
save by ./Result_GCP/Original/ResNet18/20_16_9/ResNet18_best.pt

Epoch [75]
[Train set] Loss: 0.1466, Accuracy: 48706/50000 (97.41%)  Epoch time : 17.5225 
[Test set] Average loss: 0.0017, Accuracy: 8889/10000 (88.89%)

Epoch [76]
[Train set] Loss: 0.0760, Accuracy: 48672/50000 (97.34%)  Epoch time : 17.4603 
[Test set] Average loss: 0.0020, Accuracy: 8679/10000 (86.79%)

Epoch [77]
[Train set] Loss: 0.0490, Accuracy: 48721/50000 (97.44%)  Epoch time : 17.5082 
[Test set] Average loss: 0.0016, Accuracy: 8924/10000 (89.24%)

Epoch [78]
[Train set] Loss: 0.0978, Accuracy: 48598/50000 (97.20%)  Epoch time : 17.4976 
[Test set] Average loss: 0.0016, Accuracy: 8914/10000 (89.14%)

Epoch [79]
[Train set] Loss: 0.1939, Accuracy: 48713/50000 (97.43%)  Epoch time : 17.4879 
[Test set] Average loss: 0.0016, Accuracy: 8927/10000 (89.27%)

Epoch [80]
[Train set] Loss: 0.0293, Accuracy: 48686/50000 (97.37%)  Epoch time : 17.5215 
[Test set] Average loss: 0.0016, Accuracy: 8875/10000 (88.75%)

Epoch [81]
[Train set] Loss: 0.1722, Accuracy: 48830/50000 (97.66%)  Epoch time : 17.5222 
[Test set] Average loss: 0.0016, Accuracy: 8865/10000 (88.65%)

Epoch [82]
[Train set] Loss: 0.1361, Accuracy: 48605/50000 (97.21%)  Epoch time : 17.5575 
[Test set] Average loss: 0.0015, Accuracy: 9010/10000 (90.10%)

Epoch [83]
[Train set] Loss: 0.1407, Accuracy: 48712/50000 (97.42%)  Epoch time : 17.4775 
[Test set] Average loss: 0.0017, Accuracy: 8855/10000 (88.55%)

Epoch [84]
[Train set] Loss: 0.0659, Accuracy: 48814/50000 (97.63%)  Epoch time : 17.5466 
[Test set] Average loss: 0.0016, Accuracy: 8908/10000 (89.08%)

Epoch [85]
[Train set] Loss: 0.2496, Accuracy: 48771/50000 (97.54%)  Epoch time : 17.5080 
[Test set] Average loss: 0.0016, Accuracy: 8932/10000 (89.32%)

Epoch [86]
[Train set] Loss: 0.0717, Accuracy: 48630/50000 (97.26%)  Epoch time : 17.4712 
[Test set] Average loss: 0.0017, Accuracy: 8829/10000 (88.29%)

Epoch [87]
[Train set] Loss: 0.1202, Accuracy: 48660/50000 (97.32%)  Epoch time : 17.5430 
[Test set] Average loss: 0.0015, Accuracy: 8939/10000 (89.39%)

Epoch [88]
[Train set] Loss: 0.1358, Accuracy: 48800/50000 (97.60%)  Epoch time : 17.5339 
[Test set] Average loss: 0.0014, Accuracy: 9013/10000 (90.13%)

Epoch [89]
[Train set] Loss: 0.0443, Accuracy: 48690/50000 (97.38%)  Epoch time : 17.5021 
[Test set] Average loss: 0.0013, Accuracy: 9069/10000 (90.69%)

Epoch [90]
[Train set] Loss: 0.0493, Accuracy: 48798/50000 (97.60%)  Epoch time : 17.4966 
[Test set] Average loss: 0.0016, Accuracy: 8901/10000 (89.01%)

Epoch [91]
[Train set] Loss: 0.1671, Accuracy: 48686/50000 (97.37%)  Epoch time : 17.4995 
[Test set] Average loss: 0.0014, Accuracy: 9037/10000 (90.37%)

Epoch [92]
[Train set] Loss: 0.0962, Accuracy: 48625/50000 (97.25%)  Epoch time : 17.4793 
[Test set] Average loss: 0.0019, Accuracy: 8690/10000 (86.90%)

Epoch [93]
[Train set] Loss: 0.1318, Accuracy: 48773/50000 (97.55%)  Epoch time : 17.4843 
[Test set] Average loss: 0.0014, Accuracy: 9043/10000 (90.43%)

Epoch [94]
[Train set] Loss: 0.0116, Accuracy: 48790/50000 (97.58%)  Epoch time : 17.4639 
[Test set] Average loss: 0.0012, Accuracy: 9141/10000 (91.41%)
save by ./Result_GCP/Original/ResNet18/20_16_9/ResNet18_best.pt

Epoch [95]
[Train set] Loss: 0.0682, Accuracy: 48657/50000 (97.31%)  Epoch time : 17.5138 
[Test set] Average loss: 0.0017, Accuracy: 8906/10000 (89.06%)

Epoch [96]
[Train set] Loss: 0.1595, Accuracy: 48872/50000 (97.74%)  Epoch time : 17.4939 
[Test set] Average loss: 0.0013, Accuracy: 9090/10000 (90.90%)

Epoch [97]
[Train set] Loss: 0.0557, Accuracy: 48844/50000 (97.69%)  Epoch time : 17.4902 
[Test set] Average loss: 0.0014, Accuracy: 9042/10000 (90.42%)

Epoch [98]
[Train set] Loss: 0.0747, Accuracy: 48726/50000 (97.45%)  Epoch time : 17.4942 
[Test set] Average loss: 0.0013, Accuracy: 9081/10000 (90.81%)

Epoch [99]
[Train set] Loss: 0.1357, Accuracy: 48821/50000 (97.64%)  Epoch time : 17.4758 
[Test set] Average loss: 0.0015, Accuracy: 9022/10000 (90.22%)

Epoch [100]
[Train set] Loss: 0.0929, Accuracy: 48788/50000 (97.58%)  Epoch time : 17.5194 
[Test set] Average loss: 0.0013, Accuracy: 9135/10000 (91.35%)

Epoch [101]
[Train set] Loss: 0.1135, Accuracy: 48815/50000 (97.63%)  Epoch time : 17.4869 
[Test set] Average loss: 0.0015, Accuracy: 9009/10000 (90.09%)

Epoch [102]
[Train set] Loss: 0.0321, Accuracy: 48765/50000 (97.53%)  Epoch time : 17.4601 
[Test set] Average loss: 0.0013, Accuracy: 9053/10000 (90.53%)

Epoch [103]
[Train set] Loss: 0.0370, Accuracy: 48769/50000 (97.54%)  Epoch time : 17.5152 
[Test set] Average loss: 0.0015, Accuracy: 9006/10000 (90.06%)

Epoch [104]
[Train set] Loss: 0.0355, Accuracy: 48880/50000 (97.76%)  Epoch time : 17.4776 
[Test set] Average loss: 0.0014, Accuracy: 9048/10000 (90.48%)

Epoch [105]
[Train set] Loss: 0.1618, Accuracy: 48729/50000 (97.46%)  Epoch time : 17.4762 
[Test set] Average loss: 0.0015, Accuracy: 8971/10000 (89.71%)

Epoch [106]
[Train set] Loss: 0.0640, Accuracy: 48802/50000 (97.60%)  Epoch time : 17.5064 
[Test set] Average loss: 0.0014, Accuracy: 9051/10000 (90.51%)

Epoch [107]
[Train set] Loss: 0.1166, Accuracy: 48861/50000 (97.72%)  Epoch time : 17.4858 
[Test set] Average loss: 0.0014, Accuracy: 9000/10000 (90.00%)

Epoch [108]
[Train set] Loss: 0.0943, Accuracy: 48696/50000 (97.39%)  Epoch time : 17.5154 
[Test set] Average loss: 0.0014, Accuracy: 9042/10000 (90.42%)

Epoch [109]
[Train set] Loss: 0.0428, Accuracy: 48788/50000 (97.58%)  Epoch time : 17.4825 
[Test set] Average loss: 0.0017, Accuracy: 8831/10000 (88.31%)

Epoch [110]
[Train set] Loss: 0.0104, Accuracy: 48884/50000 (97.77%)  Epoch time : 17.4783 
[Test set] Average loss: 0.0016, Accuracy: 8900/10000 (89.00%)

Epoch [111]
[Train set] Loss: 0.1530, Accuracy: 48881/50000 (97.76%)  Epoch time : 17.4621 
[Test set] Average loss: 0.0016, Accuracy: 8891/10000 (88.91%)

Epoch [112]
[Train set] Loss: 0.0820, Accuracy: 48738/50000 (97.48%)  Epoch time : 17.4681 
[Test set] Average loss: 0.0024, Accuracy: 8514/10000 (85.14%)

Epoch [113]
[Train set] Loss: 0.0367, Accuracy: 48691/50000 (97.38%)  Epoch time : 17.4201 
[Test set] Average loss: 0.0013, Accuracy: 9056/10000 (90.56%)

Epoch [114]
[Train set] Loss: 0.0980, Accuracy: 48951/50000 (97.90%)  Epoch time : 17.5117 
[Test set] Average loss: 0.0013, Accuracy: 9119/10000 (91.19%)

Epoch [115]
[Train set] Loss: 0.0445, Accuracy: 48925/50000 (97.85%)  Epoch time : 17.4532 
[Test set] Average loss: 0.0014, Accuracy: 9003/10000 (90.03%)

Epoch [116]
[Train set] Loss: 0.0889, Accuracy: 48830/50000 (97.66%)  Epoch time : 17.4861 
[Test set] Average loss: 0.0014, Accuracy: 9027/10000 (90.27%)

Epoch [117]
[Train set] Loss: 0.0356, Accuracy: 48819/50000 (97.64%)  Epoch time : 17.5192 
[Test set] Average loss: 0.0014, Accuracy: 9070/10000 (90.70%)

Epoch [118]
[Train set] Loss: 0.0938, Accuracy: 48907/50000 (97.81%)  Epoch time : 17.5237 
[Test set] Average loss: 0.0015, Accuracy: 8949/10000 (89.49%)

Epoch [119]
[Train set] Loss: 0.0244, Accuracy: 48752/50000 (97.50%)  Epoch time : 17.4898 
[Test set] Average loss: 0.0014, Accuracy: 9048/10000 (90.48%)

Epoch [120]
[Train set] Loss: 0.1528, Accuracy: 48822/50000 (97.64%)  Epoch time : 17.4650 
[Test set] Average loss: 0.0014, Accuracy: 9064/10000 (90.64%)

Epoch [121]
[Train set] Loss: 0.0711, Accuracy: 48905/50000 (97.81%)  Epoch time : 17.4702 
[Test set] Average loss: 0.0013, Accuracy: 9084/10000 (90.84%)

Epoch [122]
[Train set] Loss: 0.0580, Accuracy: 48843/50000 (97.69%)  Epoch time : 17.4758 
[Test set] Average loss: 0.0017, Accuracy: 8863/10000 (88.63%)

Epoch [123]
[Train set] Loss: 0.0750, Accuracy: 48815/50000 (97.63%)  Epoch time : 17.4555 
[Test set] Average loss: 0.0012, Accuracy: 9110/10000 (91.10%)

Epoch [124]
[Train set] Loss: 0.0789, Accuracy: 48887/50000 (97.77%)  Epoch time : 17.4778 
[Test set] Average loss: 0.0013, Accuracy: 9103/10000 (91.03%)

Epoch [125]
[Train set] Loss: 0.0950, Accuracy: 48909/50000 (97.82%)  Epoch time : 17.4588 
[Test set] Average loss: 0.0014, Accuracy: 8992/10000 (89.92%)

Epoch [126]
[Train set] Loss: 0.1167, Accuracy: 48862/50000 (97.72%)  Epoch time : 17.4736 
[Test set] Average loss: 0.0012, Accuracy: 9144/10000 (91.44%)
save by ./Result_GCP/Original/ResNet18/20_16_9/ResNet18_best.pt

Epoch [127]
[Train set] Loss: 0.1730, Accuracy: 48806/50000 (97.61%)  Epoch time : 17.4812 
[Test set] Average loss: 0.0016, Accuracy: 8954/10000 (89.54%)

Epoch [128]
[Train set] Loss: 0.1163, Accuracy: 48842/50000 (97.68%)  Epoch time : 17.4567 
[Test set] Average loss: 0.0015, Accuracy: 9032/10000 (90.32%)

Epoch [129]
[Train set] Loss: 0.0400, Accuracy: 48918/50000 (97.84%)  Epoch time : 17.4769 
[Test set] Average loss: 0.0015, Accuracy: 9010/10000 (90.10%)

Epoch [130]
[Train set] Loss: 0.0482, Accuracy: 49039/50000 (98.08%)  Epoch time : 17.4695 
[Test set] Average loss: 0.0014, Accuracy: 9057/10000 (90.57%)

Epoch [131]
[Train set] Loss: 0.0746, Accuracy: 48850/50000 (97.70%)  Epoch time : 17.4836 
[Test set] Average loss: 0.0013, Accuracy: 9110/10000 (91.10%)

Epoch [132]
[Train set] Loss: 0.0678, Accuracy: 48867/50000 (97.73%)  Epoch time : 17.4909 
[Test set] Average loss: 0.0013, Accuracy: 9066/10000 (90.66%)

Epoch [133]
[Train set] Loss: 0.1015, Accuracy: 48903/50000 (97.81%)  Epoch time : 17.4631 
[Test set] Average loss: 0.0016, Accuracy: 8914/10000 (89.14%)

Epoch [134]
[Train set] Loss: 0.1075, Accuracy: 48903/50000 (97.81%)  Epoch time : 17.4790 
[Test set] Average loss: 0.0016, Accuracy: 8949/10000 (89.49%)

Epoch [135]
[Train set] Loss: 0.0524, Accuracy: 48816/50000 (97.63%)  Epoch time : 17.4795 
[Test set] Average loss: 0.0013, Accuracy: 9077/10000 (90.77%)

Epoch [136]
[Train set] Loss: 0.0226, Accuracy: 48921/50000 (97.84%)  Epoch time : 17.4482 
[Test set] Average loss: 0.0013, Accuracy: 9155/10000 (91.55%)
save by ./Result_GCP/Original/ResNet18/20_16_9/ResNet18_best.pt

Epoch [137]
[Train set] Loss: 0.1353, Accuracy: 48908/50000 (97.82%)  Epoch time : 17.4591 
[Test set] Average loss: 0.0015, Accuracy: 8985/10000 (89.85%)

Epoch [138]
[Train set] Loss: 0.1664, Accuracy: 48879/50000 (97.76%)  Epoch time : 17.4685 
[Test set] Average loss: 0.0013, Accuracy: 9095/10000 (90.95%)

Epoch [139]
[Train set] Loss: 0.0868, Accuracy: 48694/50000 (97.39%)  Epoch time : 17.4772 
[Test set] Average loss: 0.0014, Accuracy: 9027/10000 (90.27%)

Epoch [140]
[Train set] Loss: 0.0890, Accuracy: 48957/50000 (97.91%)  Epoch time : 17.4866 
[Test set] Average loss: 0.0013, Accuracy: 9138/10000 (91.38%)

Epoch [141]
[Train set] Loss: 0.2077, Accuracy: 48902/50000 (97.80%)  Epoch time : 17.4426 
[Test set] Average loss: 0.0014, Accuracy: 9003/10000 (90.03%)

Epoch [142]
[Train set] Loss: 0.0361, Accuracy: 48822/50000 (97.64%)  Epoch time : 17.4775 
[Test set] Average loss: 0.0014, Accuracy: 9100/10000 (91.00%)

Epoch [143]
[Train set] Loss: 0.1911, Accuracy: 48982/50000 (97.96%)  Epoch time : 17.4557 
[Test set] Average loss: 0.0014, Accuracy: 9044/10000 (90.44%)

Epoch [144]
[Train set] Loss: 0.0555, Accuracy: 48809/50000 (97.62%)  Epoch time : 17.4806 
[Test set] Average loss: 0.0015, Accuracy: 8982/10000 (89.82%)

Epoch [145]
[Train set] Loss: 0.0386, Accuracy: 48918/50000 (97.84%)  Epoch time : 17.5086 
[Test set] Average loss: 0.0015, Accuracy: 8912/10000 (89.12%)

Epoch [146]
[Train set] Loss: 0.1327, Accuracy: 48910/50000 (97.82%)  Epoch time : 17.4835 
[Test set] Average loss: 0.0016, Accuracy: 8905/10000 (89.05%)

Epoch [147]
[Train set] Loss: 0.2083, Accuracy: 48909/50000 (97.82%)  Epoch time : 17.4654 
[Test set] Average loss: 0.0015, Accuracy: 8970/10000 (89.70%)

Epoch [148]
[Train set] Loss: 0.1243, Accuracy: 48779/50000 (97.56%)  Epoch time : 17.4682 
[Test set] Average loss: 0.0015, Accuracy: 8992/10000 (89.92%)

Epoch [149]
[Train set] Loss: 0.0791, Accuracy: 48928/50000 (97.86%)  Epoch time : 17.4834 
[Test set] Average loss: 0.0013, Accuracy: 9069/10000 (90.69%)

Epoch [150]
[Train set] Loss: 0.0630, Accuracy: 48855/50000 (97.71%)  Epoch time : 17.5225 
[Test set] Average loss: 0.0014, Accuracy: 9060/10000 (90.60%)
Time ellapsed in training is: 2806.464462041855
save dir : ./Result_GCP/Original/ResNet18/20_16_9


**************  start new model : ResNet34 ******************
Files already downloaded and verified
/opt/conda/lib/python3.7/site-packages/torch/storage.py:34: FutureWarning: pickle support for Storage will be removed in 1.5. Use `torch.save` instead
  warnings.warn("pickle support for Storage will be removed in 1.5. Use `torch.save` instead", FutureWarning)

Epoch [1]
[Train set] Loss: 1.4358, Accuracy: 19389/50000 (38.78%)  Epoch time : 30.6552 
[Test set] Average loss: 0.0107, Accuracy: 2904/10000 (29.04%)
save by ./Result_GCP/Original/ResNet34/20_16_56/ResNet34_best.pt

Epoch [2]
[Train set] Loss: 1.0700, Accuracy: 29102/50000 (58.20%)  Epoch time : 30.6357 
[Test set] Average loss: 0.0047, Accuracy: 5987/10000 (59.87%)
save by ./Result_GCP/Original/ResNet34/20_16_56/ResNet34_best.pt

Epoch [3]
[Train set] Loss: 0.6883, Accuracy: 34863/50000 (69.73%)  Epoch time : 30.6551 
[Test set] Average loss: 0.0044, Accuracy: 6536/10000 (65.36%)
save by ./Result_GCP/Original/ResNet34/20_16_56/ResNet34_best.pt

Epoch [4]
[Train set] Loss: 0.7665, Accuracy: 37998/50000 (76.00%)  Epoch time : 30.6799 
[Test set] Average loss: 0.0035, Accuracy: 7068/10000 (70.68%)
save by ./Result_GCP/Original/ResNet34/20_16_56/ResNet34_best.pt

Epoch [5]
[Train set] Loss: 0.6939, Accuracy: 39695/50000 (79.39%)  Epoch time : 30.6748 
[Test set] Average loss: 0.0030, Accuracy: 7532/10000 (75.32%)
save by ./Result_GCP/Original/ResNet34/20_16_56/ResNet34_best.pt

Epoch [6]
[Train set] Loss: 0.5668, Accuracy: 40927/50000 (81.85%)  Epoch time : 30.6678 
[Test set] Average loss: 0.0029, Accuracy: 7684/10000 (76.84%)
save by ./Result_GCP/Original/ResNet34/20_16_56/ResNet34_best.pt

Epoch [7]
[Train set] Loss: 0.2933, Accuracy: 41860/50000 (83.72%)  Epoch time : 30.6579 
[Test set] Average loss: 0.0025, Accuracy: 7983/10000 (79.83%)
save by ./Result_GCP/Original/ResNet34/20_16_56/ResNet34_best.pt

Epoch [8]
[Train set] Loss: 0.5616, Accuracy: 42659/50000 (85.32%)  Epoch time : 30.6360 
[Test set] Average loss: 0.0026, Accuracy: 7917/10000 (79.17%)

Epoch [9]
[Train set] Loss: 0.2535, Accuracy: 43260/50000 (86.52%)  Epoch time : 30.6588 
[Test set] Average loss: 0.0022, Accuracy: 8170/10000 (81.70%)
save by ./Result_GCP/Original/ResNet34/20_16_56/ResNet34_best.pt

Epoch [10]
[Train set] Loss: 0.3473, Accuracy: 43868/50000 (87.74%)  Epoch time : 30.7992 
[Test set] Average loss: 0.0017, Accuracy: 8580/10000 (85.80%)
save by ./Result_GCP/Original/ResNet34/20_16_56/ResNet34_best.pt

Epoch [11]
[Train set] Loss: 0.3072, Accuracy: 44278/50000 (88.56%)  Epoch time : 30.6344 
[Test set] Average loss: 0.0023, Accuracy: 8077/10000 (80.77%)

Epoch [12]
[Train set] Loss: 0.2110, Accuracy: 44491/50000 (88.98%)  Epoch time : 30.6388 
[Test set] Average loss: 0.0022, Accuracy: 8174/10000 (81.74%)

Epoch [13]
[Train set] Loss: 0.4560, Accuracy: 44870/50000 (89.74%)  Epoch time : 30.6618 
[Test set] Average loss: 0.0022, Accuracy: 8222/10000 (82.22%)

Epoch [14]
[Train set] Loss: 0.2820, Accuracy: 45161/50000 (90.32%)  Epoch time : 30.6757 
[Test set] Average loss: 0.0020, Accuracy: 8452/10000 (84.52%)

Epoch [15]
[Train set] Loss: 0.3550, Accuracy: 45547/50000 (91.09%)  Epoch time : 30.6221 
[Test set] Average loss: 0.0019, Accuracy: 8450/10000 (84.50%)

Epoch [16]
[Train set] Loss: 0.3756, Accuracy: 45753/50000 (91.51%)  Epoch time : 30.6685 
[Test set] Average loss: 0.0021, Accuracy: 8476/10000 (84.76%)

Epoch [17]
[Train set] Loss: 0.3134, Accuracy: 45905/50000 (91.81%)  Epoch time : 30.6624 
[Test set] Average loss: 0.0016, Accuracy: 8769/10000 (87.69%)
save by ./Result_GCP/Original/ResNet34/20_16_56/ResNet34_best.pt

Epoch [18]
[Train set] Loss: 0.2136, Accuracy: 46089/50000 (92.18%)  Epoch time : 30.7193 
[Test set] Average loss: 0.0017, Accuracy: 8574/10000 (85.74%)

Epoch [19]
[Train set] Loss: 0.2409, Accuracy: 46256/50000 (92.51%)  Epoch time : 30.6913 
[Test set] Average loss: 0.0016, Accuracy: 8772/10000 (87.72%)
save by ./Result_GCP/Original/ResNet34/20_16_56/ResNet34_best.pt

Epoch [20]
[Train set] Loss: 0.2784, Accuracy: 46470/50000 (92.94%)  Epoch time : 30.6600 
[Test set] Average loss: 0.0016, Accuracy: 8730/10000 (87.30%)

Epoch [21]
[Train set] Loss: 0.2870, Accuracy: 46611/50000 (93.22%)  Epoch time : 30.6115 
[Test set] Average loss: 0.0017, Accuracy: 8689/10000 (86.89%)

Epoch [22]
[Train set] Loss: 0.2368, Accuracy: 46703/50000 (93.41%)  Epoch time : 30.6158 
[Test set] Average loss: 0.0019, Accuracy: 8569/10000 (85.69%)

Epoch [23]
[Train set] Loss: 0.1260, Accuracy: 46939/50000 (93.88%)  Epoch time : 30.6751 
[Test set] Average loss: 0.0018, Accuracy: 8583/10000 (85.83%)

Epoch [24]
[Train set] Loss: 0.2232, Accuracy: 46931/50000 (93.86%)  Epoch time : 30.6689 
[Test set] Average loss: 0.0016, Accuracy: 8812/10000 (88.12%)
save by ./Result_GCP/Original/ResNet34/20_16_56/ResNet34_best.pt

Epoch [25]
[Train set] Loss: 0.1195, Accuracy: 47143/50000 (94.29%)  Epoch time : 30.6661 
[Test set] Average loss: 0.0016, Accuracy: 8788/10000 (87.88%)

Epoch [26]
[Train set] Loss: 0.2194, Accuracy: 47231/50000 (94.46%)  Epoch time : 30.6377 
[Test set] Average loss: 0.0017, Accuracy: 8749/10000 (87.49%)

Epoch [27]
[Train set] Loss: 0.1530, Accuracy: 47261/50000 (94.52%)  Epoch time : 30.6304 
[Test set] Average loss: 0.0015, Accuracy: 8870/10000 (88.70%)
save by ./Result_GCP/Original/ResNet34/20_16_56/ResNet34_best.pt

Epoch [28]
[Train set] Loss: 0.1473, Accuracy: 47381/50000 (94.76%)  Epoch time : 30.6420 
[Test set] Average loss: 0.0017, Accuracy: 8791/10000 (87.91%)

Epoch [29]
[Train set] Loss: 0.1118, Accuracy: 47503/50000 (95.01%)  Epoch time : 30.6505 
[Test set] Average loss: 0.0013, Accuracy: 8963/10000 (89.63%)
save by ./Result_GCP/Original/ResNet34/20_16_56/ResNet34_best.pt

Epoch [30]
[Train set] Loss: 0.0713, Accuracy: 47607/50000 (95.21%)  Epoch time : 30.6753 
[Test set] Average loss: 0.0014, Accuracy: 8986/10000 (89.86%)
save by ./Result_GCP/Original/ResNet34/20_16_56/ResNet34_best.pt

Epoch [31]
[Train set] Loss: 0.1339, Accuracy: 47596/50000 (95.19%)  Epoch time : 30.6709 
[Test set] Average loss: 0.0015, Accuracy: 8845/10000 (88.45%)

Epoch [32]
[Train set] Loss: 0.1177, Accuracy: 47655/50000 (95.31%)  Epoch time : 30.6377 
[Test set] Average loss: 0.0015, Accuracy: 8941/10000 (89.41%)

Epoch [33]
[Train set] Loss: 0.0823, Accuracy: 47784/50000 (95.57%)  Epoch time : 30.6232 
[Test set] Average loss: 0.0016, Accuracy: 8847/10000 (88.47%)

Epoch [34]
[Train set] Loss: 0.1679, Accuracy: 47762/50000 (95.52%)  Epoch time : 30.5760 
[Test set] Average loss: 0.0017, Accuracy: 8817/10000 (88.17%)

Epoch [35]
[Train set] Loss: 0.1072, Accuracy: 47857/50000 (95.71%)  Epoch time : 30.6868 
[Test set] Average loss: 0.0016, Accuracy: 8868/10000 (88.68%)

Epoch [36]
[Train set] Loss: 0.2497, Accuracy: 48011/50000 (96.02%)  Epoch time : 30.6232 
[Test set] Average loss: 0.0015, Accuracy: 8957/10000 (89.57%)

Epoch [37]
[Train set] Loss: 0.1965, Accuracy: 47828/50000 (95.66%)  Epoch time : 30.6385 
[Test set] Average loss: 0.0017, Accuracy: 8777/10000 (87.77%)

Epoch [38]
[Train set] Loss: 0.0934, Accuracy: 48126/50000 (96.25%)  Epoch time : 30.6537 
[Test set] Average loss: 0.0014, Accuracy: 9019/10000 (90.19%)
save by ./Result_GCP/Original/ResNet34/20_16_56/ResNet34_best.pt

Epoch [39]
[Train set] Loss: 0.1552, Accuracy: 48153/50000 (96.31%)  Epoch time : 30.6598 
[Test set] Average loss: 0.0017, Accuracy: 8851/10000 (88.51%)

Epoch [40]
[Train set] Loss: 0.0863, Accuracy: 48106/50000 (96.21%)  Epoch time : 30.6122 
[Test set] Average loss: 0.0016, Accuracy: 8876/10000 (88.76%)

Epoch [41]
[Train set] Loss: 0.0641, Accuracy: 48189/50000 (96.38%)  Epoch time : 30.6681 
[Test set] Average loss: 0.0019, Accuracy: 8775/10000 (87.75%)

Epoch [42]
[Train set] Loss: 0.1989, Accuracy: 48114/50000 (96.23%)  Epoch time : 30.6215 
[Test set] Average loss: 0.0021, Accuracy: 8620/10000 (86.20%)

Epoch [43]
[Train set] Loss: 0.0582, Accuracy: 48240/50000 (96.48%)  Epoch time : 30.6797 
[Test set] Average loss: 0.0016, Accuracy: 8893/10000 (88.93%)

Epoch [44]
[Train set] Loss: 0.1603, Accuracy: 48319/50000 (96.64%)  Epoch time : 30.6349 
[Test set] Average loss: 0.0018, Accuracy: 8867/10000 (88.67%)

Epoch [45]
[Train set] Loss: 0.1041, Accuracy: 48272/50000 (96.54%)  Epoch time : 30.6094 
[Test set] Average loss: 0.0013, Accuracy: 9079/10000 (90.79%)
save by ./Result_GCP/Original/ResNet34/20_16_56/ResNet34_best.pt

Epoch [46]
[Train set] Loss: 0.1258, Accuracy: 48330/50000 (96.66%)  Epoch time : 30.6999 
[Test set] Average loss: 0.0016, Accuracy: 8934/10000 (89.34%)

Epoch [47]
[Train set] Loss: 0.2339, Accuracy: 48407/50000 (96.81%)  Epoch time : 30.6161 
[Test set] Average loss: 0.0017, Accuracy: 8863/10000 (88.63%)

Epoch [48]
[Train set] Loss: 0.1104, Accuracy: 48284/50000 (96.57%)  Epoch time : 30.6990 
[Test set] Average loss: 0.0018, Accuracy: 8762/10000 (87.62%)

Epoch [49]
[Train set] Loss: 0.0423, Accuracy: 48322/50000 (96.64%)  Epoch time : 30.6678 
[Test set] Average loss: 0.0014, Accuracy: 9041/10000 (90.41%)

Epoch [50]
[Train set] Loss: 0.0990, Accuracy: 48456/50000 (96.91%)  Epoch time : 30.6461 
[Test set] Average loss: 0.0014, Accuracy: 9005/10000 (90.05%)

Epoch [51]
[Train set] Loss: 0.1262, Accuracy: 48427/50000 (96.85%)  Epoch time : 30.6365 
[Test set] Average loss: 0.0018, Accuracy: 8772/10000 (87.72%)

Epoch [52]
[Train set] Loss: 0.1533, Accuracy: 48419/50000 (96.84%)  Epoch time : 30.6644 
[Test set] Average loss: 0.0013, Accuracy: 9078/10000 (90.78%)

Epoch [53]
[Train set] Loss: 0.1412, Accuracy: 48500/50000 (97.00%)  Epoch time : 30.6252 
[Test set] Average loss: 0.0016, Accuracy: 8971/10000 (89.71%)

Epoch [54]
[Train set] Loss: 0.0749, Accuracy: 48528/50000 (97.06%)  Epoch time : 30.6596 
[Test set] Average loss: 0.0014, Accuracy: 9037/10000 (90.37%)

Epoch [55]
[Train set] Loss: 0.1808, Accuracy: 48464/50000 (96.93%)  Epoch time : 30.6644 
[Test set] Average loss: 0.0018, Accuracy: 8783/10000 (87.83%)

Epoch [56]
[Train set] Loss: 0.1383, Accuracy: 48416/50000 (96.83%)  Epoch time : 30.6153 
[Test set] Average loss: 0.0016, Accuracy: 8919/10000 (89.19%)

Epoch [57]
[Train set] Loss: 0.0949, Accuracy: 48451/50000 (96.90%)  Epoch time : 30.6536 
[Test set] Average loss: 0.0015, Accuracy: 8981/10000 (89.81%)

Epoch [58]
[Train set] Loss: 0.0885, Accuracy: 48613/50000 (97.23%)  Epoch time : 30.6973 
[Test set] Average loss: 0.0018, Accuracy: 8827/10000 (88.27%)

Epoch [59]
[Train set] Loss: 0.1347, Accuracy: 48581/50000 (97.16%)  Epoch time : 30.6803 
[Test set] Average loss: 0.0015, Accuracy: 8984/10000 (89.84%)

Epoch [60]
[Train set] Loss: 0.0518, Accuracy: 48549/50000 (97.10%)  Epoch time : 30.6328 
[Test set] Average loss: 0.0016, Accuracy: 8918/10000 (89.18%)

Epoch [61]
[Train set] Loss: 0.1000, Accuracy: 48651/50000 (97.30%)  Epoch time : 30.6394 
[Test set] Average loss: 0.0014, Accuracy: 9078/10000 (90.78%)

Epoch [62]
[Train set] Loss: 0.1092, Accuracy: 48581/50000 (97.16%)  Epoch time : 30.6703 
[Test set] Average loss: 0.0016, Accuracy: 8927/10000 (89.27%)

Epoch [63]
[Train set] Loss: 0.1464, Accuracy: 48445/50000 (96.89%)  Epoch time : 30.6425 
[Test set] Average loss: 0.0016, Accuracy: 8887/10000 (88.87%)

Epoch [64]
[Train set] Loss: 0.0351, Accuracy: 48540/50000 (97.08%)  Epoch time : 30.6447 
[Test set] Average loss: 0.0013, Accuracy: 9071/10000 (90.71%)

Epoch [65]
[Train set] Loss: 0.1449, Accuracy: 48705/50000 (97.41%)  Epoch time : 30.6226 
[Test set] Average loss: 0.0016, Accuracy: 8991/10000 (89.91%)

Epoch [66]
[Train set] Loss: 0.1437, Accuracy: 48518/50000 (97.04%)  Epoch time : 30.6424 
[Test set] Average loss: 0.0013, Accuracy: 9022/10000 (90.22%)

Epoch [67]
[Train set] Loss: 0.0668, Accuracy: 48629/50000 (97.26%)  Epoch time : 30.6833 
[Test set] Average loss: 0.0014, Accuracy: 9055/10000 (90.55%)

Epoch [68]
[Train set] Loss: 0.1189, Accuracy: 48834/50000 (97.67%)  Epoch time : 30.6242 
[Test set] Average loss: 0.0018, Accuracy: 8869/10000 (88.69%)

Epoch [69]
[Train set] Loss: 0.1298, Accuracy: 48540/50000 (97.08%)  Epoch time : 30.6959 
[Test set] Average loss: 0.0017, Accuracy: 8821/10000 (88.21%)

Epoch [70]
[Train set] Loss: 0.1125, Accuracy: 48628/50000 (97.26%)  Epoch time : 30.6405 
[Test set] Average loss: 0.0016, Accuracy: 8977/10000 (89.77%)

Epoch [71]
[Train set] Loss: 0.1511, Accuracy: 48562/50000 (97.12%)  Epoch time : 30.6362 
[Test set] Average loss: 0.0013, Accuracy: 9089/10000 (90.89%)
save by ./Result_GCP/Original/ResNet34/20_16_56/ResNet34_best.pt

Epoch [72]
[Train set] Loss: 0.1122, Accuracy: 48613/50000 (97.23%)  Epoch time : 30.6169 
[Test set] Average loss: 0.0022, Accuracy: 8624/10000 (86.24%)

Epoch [73]
[Train set] Loss: 0.1081, Accuracy: 48653/50000 (97.31%)  Epoch time : 30.6507 
[Test set] Average loss: 0.0017, Accuracy: 8887/10000 (88.87%)

Epoch [74]
[Train set] Loss: 0.0976, Accuracy: 48650/50000 (97.30%)  Epoch time : 30.6596 
[Test set] Average loss: 0.0015, Accuracy: 8951/10000 (89.51%)

Epoch [75]
[Train set] Loss: 0.0568, Accuracy: 48621/50000 (97.24%)  Epoch time : 30.6486 
[Test set] Average loss: 0.0015, Accuracy: 9007/10000 (90.07%)

Epoch [76]
[Train set] Loss: 0.0622, Accuracy: 48702/50000 (97.40%)  Epoch time : 30.6062 
[Test set] Average loss: 0.0018, Accuracy: 8843/10000 (88.43%)

Epoch [77]
[Train set] Loss: 0.0670, Accuracy: 48669/50000 (97.34%)  Epoch time : 30.6763 
[Test set] Average loss: 0.0019, Accuracy: 8725/10000 (87.25%)

Epoch [78]
[Train set] Loss: 0.1862, Accuracy: 48738/50000 (97.48%)  Epoch time : 30.6391 
[Test set] Average loss: 0.0014, Accuracy: 9025/10000 (90.25%)

Epoch [79]
[Train set] Loss: 0.1643, Accuracy: 48583/50000 (97.17%)  Epoch time : 30.6439 
[Test set] Average loss: 0.0015, Accuracy: 8986/10000 (89.86%)

Epoch [80]
[Train set] Loss: 0.1175, Accuracy: 48689/50000 (97.38%)  Epoch time : 30.6407 
[Test set] Average loss: 0.0016, Accuracy: 8958/10000 (89.58%)

Epoch [81]
[Train set] Loss: 0.1103, Accuracy: 48693/50000 (97.39%)  Epoch time : 30.5973 
[Test set] Average loss: 0.0014, Accuracy: 9076/10000 (90.76%)

Epoch [82]
[Train set] Loss: 0.1467, Accuracy: 48689/50000 (97.38%)  Epoch time : 30.6345 
[Test set] Average loss: 0.0016, Accuracy: 8930/10000 (89.30%)

Epoch [83]
[Train set] Loss: 0.0337, Accuracy: 48678/50000 (97.36%)  Epoch time : 30.6350 
[Test set] Average loss: 0.0014, Accuracy: 9014/10000 (90.14%)

Epoch [84]
[Train set] Loss: 0.0933, Accuracy: 48823/50000 (97.65%)  Epoch time : 30.6836 
[Test set] Average loss: 0.0015, Accuracy: 8974/10000 (89.74%)

Epoch [85]
[Train set] Loss: 0.0528, Accuracy: 48782/50000 (97.56%)  Epoch time : 30.6094 
[Test set] Average loss: 0.0013, Accuracy: 9109/10000 (91.09%)
save by ./Result_GCP/Original/ResNet34/20_16_56/ResNet34_best.pt

Epoch [86]
[Train set] Loss: 0.0922, Accuracy: 48770/50000 (97.54%)  Epoch time : 30.6606 
[Test set] Average loss: 0.0013, Accuracy: 9122/10000 (91.22%)
save by ./Result_GCP/Original/ResNet34/20_16_56/ResNet34_best.pt

Epoch [87]
[Train set] Loss: 0.0172, Accuracy: 48705/50000 (97.41%)  Epoch time : 30.5846 
[Test set] Average loss: 0.0013, Accuracy: 9068/10000 (90.68%)

Epoch [88]
[Train set] Loss: 0.0776, Accuracy: 48742/50000 (97.48%)  Epoch time : 30.6229 
[Test set] Average loss: 0.0015, Accuracy: 8955/10000 (89.55%)

Epoch [89]
[Train set] Loss: 0.0338, Accuracy: 48706/50000 (97.41%)  Epoch time : 30.6886 
[Test set] Average loss: 0.0016, Accuracy: 8932/10000 (89.32%)

Epoch [90]
[Train set] Loss: 0.0348, Accuracy: 48696/50000 (97.39%)  Epoch time : 30.6916 
[Test set] Average loss: 0.0015, Accuracy: 9042/10000 (90.42%)

Epoch [91]
[Train set] Loss: 0.0971, Accuracy: 48829/50000 (97.66%)  Epoch time : 30.6253 
[Test set] Average loss: 0.0015, Accuracy: 8986/10000 (89.86%)

Epoch [92]
[Train set] Loss: 0.1537, Accuracy: 48741/50000 (97.48%)  Epoch time : 30.6286 
[Test set] Average loss: 0.0016, Accuracy: 8936/10000 (89.36%)

Epoch [93]
[Train set] Loss: 0.1034, Accuracy: 48617/50000 (97.23%)  Epoch time : 30.6254 
[Test set] Average loss: 0.0019, Accuracy: 8768/10000 (87.68%)

Epoch [94]
[Train set] Loss: 0.1375, Accuracy: 48767/50000 (97.53%)  Epoch time : 30.6520 
[Test set] Average loss: 0.0018, Accuracy: 8830/10000 (88.30%)

Epoch [95]
[Train set] Loss: 0.0229, Accuracy: 48711/50000 (97.42%)  Epoch time : 30.6951 
[Test set] Average loss: 0.0016, Accuracy: 8948/10000 (89.48%)

Epoch [96]
[Train set] Loss: 0.0241, Accuracy: 48837/50000 (97.67%)  Epoch time : 30.6442 
[Test set] Average loss: 0.0014, Accuracy: 8978/10000 (89.78%)

Epoch [97]
[Train set] Loss: 0.1200, Accuracy: 48866/50000 (97.73%)  Epoch time : 30.6041 
[Test set] Average loss: 0.0016, Accuracy: 8890/10000 (88.90%)

Epoch [98]
[Train set] Loss: 0.0967, Accuracy: 48795/50000 (97.59%)  Epoch time : 30.6067 
[Test set] Average loss: 0.0016, Accuracy: 8996/10000 (89.96%)

Epoch [99]
[Train set] Loss: 0.1050, Accuracy: 48648/50000 (97.30%)  Epoch time : 30.6493 
[Test set] Average loss: 0.0015, Accuracy: 8949/10000 (89.49%)

Epoch [100]
[Train set] Loss: 0.1451, Accuracy: 48841/50000 (97.68%)  Epoch time : 30.6932 
[Test set] Average loss: 0.0014, Accuracy: 9064/10000 (90.64%)

Epoch [101]
[Train set] Loss: 0.0262, Accuracy: 48684/50000 (97.37%)  Epoch time : 30.6119 
[Test set] Average loss: 0.0016, Accuracy: 8930/10000 (89.30%)

Epoch [102]
[Train set] Loss: 0.1188, Accuracy: 48802/50000 (97.60%)  Epoch time : 30.6769 
[Test set] Average loss: 0.0017, Accuracy: 8820/10000 (88.20%)

Epoch [103]
[Train set] Loss: 0.0525, Accuracy: 48788/50000 (97.58%)  Epoch time : 30.6378 
[Test set] Average loss: 0.0016, Accuracy: 8892/10000 (88.92%)

Epoch [104]
[Train set] Loss: 0.0257, Accuracy: 48800/50000 (97.60%)  Epoch time : 30.7008 
[Test set] Average loss: 0.0016, Accuracy: 8931/10000 (89.31%)

Epoch [105]
[Train set] Loss: 0.0129, Accuracy: 48815/50000 (97.63%)  Epoch time : 30.7335 
[Test set] Average loss: 0.0013, Accuracy: 9079/10000 (90.79%)

Epoch [106]
[Train set] Loss: 0.0661, Accuracy: 48799/50000 (97.60%)  Epoch time : 30.5986 
[Test set] Average loss: 0.0014, Accuracy: 9064/10000 (90.64%)

Epoch [107]
[Train set] Loss: 0.0425, Accuracy: 48861/50000 (97.72%)  Epoch time : 30.6266 
[Test set] Average loss: 0.0013, Accuracy: 9151/10000 (91.51%)
save by ./Result_GCP/Original/ResNet34/20_16_56/ResNet34_best.pt

Epoch [108]
[Train set] Loss: 0.0337, Accuracy: 48803/50000 (97.61%)  Epoch time : 30.6604 
[Test set] Average loss: 0.0015, Accuracy: 8980/10000 (89.80%)

Epoch [109]
[Train set] Loss: 0.0580, Accuracy: 48900/50000 (97.80%)  Epoch time : 30.6073 
[Test set] Average loss: 0.0022, Accuracy: 8671/10000 (86.71%)

Epoch [110]
[Train set] Loss: 0.1472, Accuracy: 48763/50000 (97.53%)  Epoch time : 30.6770 
[Test set] Average loss: 0.0016, Accuracy: 8970/10000 (89.70%)

Epoch [111]
[Train set] Loss: 0.1074, Accuracy: 48774/50000 (97.55%)  Epoch time : 30.6414 
[Test set] Average loss: 0.0025, Accuracy: 8448/10000 (84.48%)

Epoch [112]
[Train set] Loss: 0.0887, Accuracy: 48806/50000 (97.61%)  Epoch time : 30.6485 
[Test set] Average loss: 0.0018, Accuracy: 8768/10000 (87.68%)

Epoch [113]
[Train set] Loss: 0.0118, Accuracy: 48825/50000 (97.65%)  Epoch time : 30.6487 
[Test set] Average loss: 0.0012, Accuracy: 9168/10000 (91.68%)
save by ./Result_GCP/Original/ResNet34/20_16_56/ResNet34_best.pt

Epoch [114]
[Train set] Loss: 0.0608, Accuracy: 48985/50000 (97.97%)  Epoch time : 30.6198 
[Test set] Average loss: 0.0013, Accuracy: 9120/10000 (91.20%)

Epoch [115]
[Train set] Loss: 0.0986, Accuracy: 48837/50000 (97.67%)  Epoch time : 30.6384 
[Test set] Average loss: 0.0014, Accuracy: 9069/10000 (90.69%)

Epoch [116]
[Train set] Loss: 0.0529, Accuracy: 48837/50000 (97.67%)  Epoch time : 30.6058 
[Test set] Average loss: 0.0012, Accuracy: 9117/10000 (91.17%)

Epoch [117]
[Train set] Loss: 0.1234, Accuracy: 48893/50000 (97.79%)  Epoch time : 30.6389 
[Test set] Average loss: 0.0016, Accuracy: 8927/10000 (89.27%)

Epoch [118]
[Train set] Loss: 0.1756, Accuracy: 48854/50000 (97.71%)  Epoch time : 30.6254 
[Test set] Average loss: 0.0014, Accuracy: 9055/10000 (90.55%)

Epoch [119]
[Train set] Loss: 0.0483, Accuracy: 48773/50000 (97.55%)  Epoch time : 30.6665 
[Test set] Average loss: 0.0017, Accuracy: 8868/10000 (88.68%)

Epoch [120]
[Train set] Loss: 0.0640, Accuracy: 48854/50000 (97.71%)  Epoch time : 30.6410 
[Test set] Average loss: 0.0014, Accuracy: 9050/10000 (90.50%)

Epoch [121]
[Train set] Loss: 0.0811, Accuracy: 48808/50000 (97.62%)  Epoch time : 30.6056 
[Test set] Average loss: 0.0019, Accuracy: 8829/10000 (88.29%)

Epoch [122]
[Train set] Loss: 0.1210, Accuracy: 48772/50000 (97.54%)  Epoch time : 30.6654 
[Test set] Average loss: 0.0013, Accuracy: 9131/10000 (91.31%)

Epoch [123]
[Train set] Loss: 0.0460, Accuracy: 48917/50000 (97.83%)  Epoch time : 30.6148 
[Test set] Average loss: 0.0013, Accuracy: 9082/10000 (90.82%)

Epoch [124]
[Train set] Loss: 0.0186, Accuracy: 48965/50000 (97.93%)  Epoch time : 30.7014 
[Test set] Average loss: 0.0017, Accuracy: 8841/10000 (88.41%)

Epoch [125]
[Train set] Loss: 0.0369, Accuracy: 48916/50000 (97.83%)  Epoch time : 30.6199 
[Test set] Average loss: 0.0014, Accuracy: 9078/10000 (90.78%)

Epoch [126]
[Train set] Loss: 0.0694, Accuracy: 48840/50000 (97.68%)  Epoch time : 30.6191 
[Test set] Average loss: 0.0015, Accuracy: 8993/10000 (89.93%)

Epoch [127]
[Train set] Loss: 0.0678, Accuracy: 48821/50000 (97.64%)  Epoch time : 30.6323 
[Test set] Average loss: 0.0013, Accuracy: 9124/10000 (91.24%)

Epoch [128]
[Train set] Loss: 0.1350, Accuracy: 48887/50000 (97.77%)  Epoch time : 30.6412 
[Test set] Average loss: 0.0013, Accuracy: 9129/10000 (91.29%)

Epoch [129]
[Train set] Loss: 0.1361, Accuracy: 48936/50000 (97.87%)  Epoch time : 30.6413 
[Test set] Average loss: 0.0014, Accuracy: 9046/10000 (90.46%)

Epoch [130]
[Train set] Loss: 0.0712, Accuracy: 48841/50000 (97.68%)  Epoch time : 30.6463 
[Test set] Average loss: 0.0013, Accuracy: 9114/10000 (91.14%)

Epoch [131]
[Train set] Loss: 0.0631, Accuracy: 48959/50000 (97.92%)  Epoch time : 30.6445 
[Test set] Average loss: 0.0016, Accuracy: 8942/10000 (89.42%)

Epoch [132]
[Train set] Loss: 0.1195, Accuracy: 48857/50000 (97.71%)  Epoch time : 30.6211 
[Test set] Average loss: 0.0014, Accuracy: 9043/10000 (90.43%)

Epoch [133]
[Train set] Loss: 0.0165, Accuracy: 48852/50000 (97.70%)  Epoch time : 30.6126 
[Test set] Average loss: 0.0013, Accuracy: 9110/10000 (91.10%)

Epoch [134]
[Train set] Loss: 0.0348, Accuracy: 48975/50000 (97.95%)  Epoch time : 30.6556 
[Test set] Average loss: 0.0015, Accuracy: 8976/10000 (89.76%)

Epoch [135]
[Train set] Loss: 0.0491, Accuracy: 48966/50000 (97.93%)  Epoch time : 30.6743 
[Test set] Average loss: 0.0015, Accuracy: 8952/10000 (89.52%)

Epoch [136]
[Train set] Loss: 0.1336, Accuracy: 48898/50000 (97.80%)  Epoch time : 30.6398 
[Test set] Average loss: 0.0012, Accuracy: 9105/10000 (91.05%)

Epoch [137]
[Train set] Loss: 0.0231, Accuracy: 48928/50000 (97.86%)  Epoch time : 30.6196 
[Test set] Average loss: 0.0014, Accuracy: 9018/10000 (90.18%)

Epoch [138]
[Train set] Loss: 0.0752, Accuracy: 48954/50000 (97.91%)  Epoch time : 30.6398 
[Test set] Average loss: 0.0014, Accuracy: 9053/10000 (90.53%)

Epoch [139]
[Train set] Loss: 0.1288, Accuracy: 48909/50000 (97.82%)  Epoch time : 30.6972 
[Test set] Average loss: 0.0015, Accuracy: 8964/10000 (89.64%)

Epoch [140]
[Train set] Loss: 0.0686, Accuracy: 48969/50000 (97.94%)  Epoch time : 30.6246 
[Test set] Average loss: 0.0017, Accuracy: 8887/10000 (88.87%)

Epoch [141]
[Train set] Loss: 0.1611, Accuracy: 48781/50000 (97.56%)  Epoch time : 30.6359 
[Test set] Average loss: 0.0015, Accuracy: 8985/10000 (89.85%)

Epoch [142]
[Train set] Loss: 0.0815, Accuracy: 48893/50000 (97.79%)  Epoch time : 30.6720 
[Test set] Average loss: 0.0015, Accuracy: 9004/10000 (90.04%)

Epoch [143]
[Train set] Loss: 0.0977, Accuracy: 48904/50000 (97.81%)  Epoch time : 30.6431 
[Test set] Average loss: 0.0014, Accuracy: 9051/10000 (90.51%)

Epoch [144]
[Train set] Loss: 0.0428, Accuracy: 48856/50000 (97.71%)  Epoch time : 30.6832 
[Test set] Average loss: 0.0014, Accuracy: 9060/10000 (90.60%)

Epoch [145]
[Train set] Loss: 0.1111, Accuracy: 48947/50000 (97.89%)  Epoch time : 30.6866 
[Test set] Average loss: 0.0016, Accuracy: 8955/10000 (89.55%)

Epoch [146]
[Train set] Loss: 0.1144, Accuracy: 48943/50000 (97.89%)  Epoch time : 30.6553 
[Test set] Average loss: 0.0014, Accuracy: 9055/10000 (90.55%)

Epoch [147]
[Train set] Loss: 0.0169, Accuracy: 48871/50000 (97.74%)  Epoch time : 30.6481 
[Test set] Average loss: 0.0017, Accuracy: 8920/10000 (89.20%)

Epoch [148]
[Train set] Loss: 0.1045, Accuracy: 48979/50000 (97.96%)  Epoch time : 30.6657 
[Test set] Average loss: 0.0016, Accuracy: 8991/10000 (89.91%)

Epoch [149]
[Train set] Loss: 0.0954, Accuracy: 48883/50000 (97.77%)  Epoch time : 30.6166 
[Test set] Average loss: 0.0017, Accuracy: 8948/10000 (89.48%)

Epoch [150]
[Train set] Loss: 0.0930, Accuracy: 48953/50000 (97.91%)  Epoch time : 30.6773 
[Test set] Average loss: 0.0018, Accuracy: 8893/10000 (88.93%)
Time ellapsed in training is: 4896.138139009476
save dir : ./Result_GCP/Original/ResNet34/20_16_56
